ARM GAS  /tmp/ccUCdYK1.s 			page 1


   1              		.cpu cortex-m4
   2              		.eabi_attribute 27, 1
   3              		.eabi_attribute 28, 1
   4              		.eabi_attribute 20, 1
   5              		.eabi_attribute 21, 1
   6              		.eabi_attribute 23, 3
   7              		.eabi_attribute 24, 1
   8              		.eabi_attribute 25, 1
   9              		.eabi_attribute 26, 1
  10              		.eabi_attribute 30, 1
  11              		.eabi_attribute 34, 1
  12              		.eabi_attribute 18, 4
  13              		.file	"diskio.c"
  14              		.text
  15              	.Ltext0:
  16              		.cfi_sections	.debug_frame
  17              		.section	.text.disk_status,"ax",%progbits
  18              		.align	1
  19              		.global	disk_status
  20              		.syntax unified
  21              		.thumb
  22              		.thumb_func
  23              		.fpu fpv4-sp-d16
  25              	disk_status:
  26              	.LFB126:
  27              		.file 1 "Middlewares/Third_Party/FatFs/src/diskio.c"
   1:Middlewares/Third_Party/FatFs/src/diskio.c **** /*-----------------------------------------------------------------------*/
   2:Middlewares/Third_Party/FatFs/src/diskio.c **** /* Low level disk I/O module skeleton for FatFs     (C)ChaN, 2014        */
   3:Middlewares/Third_Party/FatFs/src/diskio.c **** /*                                                                       */
   4:Middlewares/Third_Party/FatFs/src/diskio.c **** /*   Portions COPYRIGHT 2015 STMicroelectronics                          */
   5:Middlewares/Third_Party/FatFs/src/diskio.c **** /*   Portions Copyright (C) 2014, ChaN, all right reserved               */
   6:Middlewares/Third_Party/FatFs/src/diskio.c **** /*-----------------------------------------------------------------------*/
   7:Middlewares/Third_Party/FatFs/src/diskio.c **** /* If a working storage control module is available, it should be        */
   8:Middlewares/Third_Party/FatFs/src/diskio.c **** /* attached to the FatFs via a glue function rather than modifying it.   */
   9:Middlewares/Third_Party/FatFs/src/diskio.c **** /* This is an example of glue functions to attach various exsisting      */
  10:Middlewares/Third_Party/FatFs/src/diskio.c **** /* storage control modules to the FatFs module with a defined API.       */
  11:Middlewares/Third_Party/FatFs/src/diskio.c **** /*-----------------------------------------------------------------------*/
  12:Middlewares/Third_Party/FatFs/src/diskio.c **** 
  13:Middlewares/Third_Party/FatFs/src/diskio.c **** /**
  14:Middlewares/Third_Party/FatFs/src/diskio.c ****   ******************************************************************************
  15:Middlewares/Third_Party/FatFs/src/diskio.c ****   * @file    diskio.c 
  16:Middlewares/Third_Party/FatFs/src/diskio.c ****   * @author  MCD Application Team
  17:Middlewares/Third_Party/FatFs/src/diskio.c ****   * @version V1.3.0
  18:Middlewares/Third_Party/FatFs/src/diskio.c ****   * @date    08-May-2015
  19:Middlewares/Third_Party/FatFs/src/diskio.c ****   * @brief   FatFs low level disk I/O module.
  20:Middlewares/Third_Party/FatFs/src/diskio.c ****   ******************************************************************************
  21:Middlewares/Third_Party/FatFs/src/diskio.c ****   * @attention
  22:Middlewares/Third_Party/FatFs/src/diskio.c ****   *
  23:Middlewares/Third_Party/FatFs/src/diskio.c ****   * Licensed under MCD-ST Liberty SW License Agreement V2, (the "License");
  24:Middlewares/Third_Party/FatFs/src/diskio.c ****   * You may not use this file except in compliance with the License.
  25:Middlewares/Third_Party/FatFs/src/diskio.c ****   * You may obtain a copy of the License at:
  26:Middlewares/Third_Party/FatFs/src/diskio.c ****   *
  27:Middlewares/Third_Party/FatFs/src/diskio.c ****   *        http://www.st.com/software_license_agreement_liberty_v2
  28:Middlewares/Third_Party/FatFs/src/diskio.c ****   *
  29:Middlewares/Third_Party/FatFs/src/diskio.c ****   * Unless required by applicable law or agreed to in writing, software 
  30:Middlewares/Third_Party/FatFs/src/diskio.c ****   * distributed under the License is distributed on an "AS IS" BASIS, 
  31:Middlewares/Third_Party/FatFs/src/diskio.c ****   * WITHOUT WARRANTIES OR CONDITIONS OF ANY KIND, either express or implied.
ARM GAS  /tmp/ccUCdYK1.s 			page 2


  32:Middlewares/Third_Party/FatFs/src/diskio.c ****   * See the License for the specific language governing permissions and
  33:Middlewares/Third_Party/FatFs/src/diskio.c ****   * limitations under the License.
  34:Middlewares/Third_Party/FatFs/src/diskio.c ****   *
  35:Middlewares/Third_Party/FatFs/src/diskio.c ****   ******************************************************************************
  36:Middlewares/Third_Party/FatFs/src/diskio.c ****   */
  37:Middlewares/Third_Party/FatFs/src/diskio.c **** 
  38:Middlewares/Third_Party/FatFs/src/diskio.c **** /* Includes ------------------------------------------------------------------*/
  39:Middlewares/Third_Party/FatFs/src/diskio.c **** #include "diskio.h"
  40:Middlewares/Third_Party/FatFs/src/diskio.c **** #include "ff_gen_drv.h"
  41:Middlewares/Third_Party/FatFs/src/diskio.c **** 
  42:Middlewares/Third_Party/FatFs/src/diskio.c **** /* Private typedef -----------------------------------------------------------*/
  43:Middlewares/Third_Party/FatFs/src/diskio.c **** /* Private define ------------------------------------------------------------*/
  44:Middlewares/Third_Party/FatFs/src/diskio.c **** /* Private variables ---------------------------------------------------------*/
  45:Middlewares/Third_Party/FatFs/src/diskio.c **** extern Disk_drvTypeDef  disk;
  46:Middlewares/Third_Party/FatFs/src/diskio.c **** 
  47:Middlewares/Third_Party/FatFs/src/diskio.c **** /* Private function prototypes -----------------------------------------------*/
  48:Middlewares/Third_Party/FatFs/src/diskio.c **** /* Private functions ---------------------------------------------------------*/
  49:Middlewares/Third_Party/FatFs/src/diskio.c **** 
  50:Middlewares/Third_Party/FatFs/src/diskio.c **** /**
  51:Middlewares/Third_Party/FatFs/src/diskio.c ****   * @brief  Gets Disk Status 
  52:Middlewares/Third_Party/FatFs/src/diskio.c ****   * @param  pdrv: Physical drive number (0..)
  53:Middlewares/Third_Party/FatFs/src/diskio.c ****   * @retval DSTATUS: Operation status
  54:Middlewares/Third_Party/FatFs/src/diskio.c ****   */
  55:Middlewares/Third_Party/FatFs/src/diskio.c **** DSTATUS disk_status (
  56:Middlewares/Third_Party/FatFs/src/diskio.c **** 	BYTE pdrv		/* Physical drive nmuber to identify the drive */
  57:Middlewares/Third_Party/FatFs/src/diskio.c **** )
  58:Middlewares/Third_Party/FatFs/src/diskio.c **** {
  28              		.loc 1 58 0
  29              		.cfi_startproc
  30              		@ args = 0, pretend = 0, frame = 0
  31              		@ frame_needed = 0, uses_anonymous_args = 0
  32              	.LVL0:
  33 0000 08B5     		push	{r3, lr}
  34              	.LCFI0:
  35              		.cfi_def_cfa_offset 8
  36              		.cfi_offset 3, -8
  37              		.cfi_offset 14, -4
  59:Middlewares/Third_Party/FatFs/src/diskio.c ****   DSTATUS stat;
  60:Middlewares/Third_Party/FatFs/src/diskio.c ****   
  61:Middlewares/Third_Party/FatFs/src/diskio.c ****   stat = disk.drv[pdrv]->disk_status(disk.lun[pdrv]);
  38              		.loc 1 61 0
  39 0002 044B     		ldr	r3, .L3
  40 0004 1A18     		adds	r2, r3, r0
  41 0006 03EB8003 		add	r3, r3, r0, lsl #2
  42 000a 5B68     		ldr	r3, [r3, #4]
  43 000c 5B68     		ldr	r3, [r3, #4]
  44 000e 107A     		ldrb	r0, [r2, #8]	@ zero_extendqisi2
  45              	.LVL1:
  46 0010 9847     		blx	r3
  47              	.LVL2:
  62:Middlewares/Third_Party/FatFs/src/diskio.c ****   return stat;
  63:Middlewares/Third_Party/FatFs/src/diskio.c **** }
  48              		.loc 1 63 0
  49 0012 08BD     		pop	{r3, pc}
  50              	.L4:
  51              		.align	2
  52              	.L3:
ARM GAS  /tmp/ccUCdYK1.s 			page 3


  53 0014 00000000 		.word	disk
  54              		.cfi_endproc
  55              	.LFE126:
  57              		.section	.text.disk_initialize,"ax",%progbits
  58              		.align	1
  59              		.global	disk_initialize
  60              		.syntax unified
  61              		.thumb
  62              		.thumb_func
  63              		.fpu fpv4-sp-d16
  65              	disk_initialize:
  66              	.LFB127:
  64:Middlewares/Third_Party/FatFs/src/diskio.c **** 
  65:Middlewares/Third_Party/FatFs/src/diskio.c **** /**
  66:Middlewares/Third_Party/FatFs/src/diskio.c ****   * @brief  Initializes a Drive
  67:Middlewares/Third_Party/FatFs/src/diskio.c ****   * @param  pdrv: Physical drive number (0..)
  68:Middlewares/Third_Party/FatFs/src/diskio.c ****   * @retval DSTATUS: Operation status
  69:Middlewares/Third_Party/FatFs/src/diskio.c ****   */
  70:Middlewares/Third_Party/FatFs/src/diskio.c **** DSTATUS disk_initialize (
  71:Middlewares/Third_Party/FatFs/src/diskio.c **** 	BYTE pdrv				/* Physical drive nmuber to identify the drive */
  72:Middlewares/Third_Party/FatFs/src/diskio.c **** )
  73:Middlewares/Third_Party/FatFs/src/diskio.c **** {
  67              		.loc 1 73 0
  68              		.cfi_startproc
  69              		@ args = 0, pretend = 0, frame = 0
  70              		@ frame_needed = 0, uses_anonymous_args = 0
  71              	.LVL3:
  72 0000 08B5     		push	{r3, lr}
  73              	.LCFI1:
  74              		.cfi_def_cfa_offset 8
  75              		.cfi_offset 3, -8
  76              		.cfi_offset 14, -4
  77              	.LVL4:
  74:Middlewares/Third_Party/FatFs/src/diskio.c ****   DSTATUS stat = RES_OK;
  75:Middlewares/Third_Party/FatFs/src/diskio.c ****   
  76:Middlewares/Third_Party/FatFs/src/diskio.c ****   if(disk.is_initialized[pdrv] == 0)
  78              		.loc 1 76 0
  79 0002 084B     		ldr	r3, .L10
  80 0004 1B5C     		ldrb	r3, [r3, r0]	@ zero_extendqisi2
  81 0006 0BB1     		cbz	r3, .L9
  74:Middlewares/Third_Party/FatFs/src/diskio.c ****   DSTATUS stat = RES_OK;
  82              		.loc 1 74 0
  83 0008 0020     		movs	r0, #0
  84              	.LVL5:
  77:Middlewares/Third_Party/FatFs/src/diskio.c ****   { 
  78:Middlewares/Third_Party/FatFs/src/diskio.c ****     disk.is_initialized[pdrv] = 1;
  79:Middlewares/Third_Party/FatFs/src/diskio.c ****     stat = disk.drv[pdrv]->disk_initialize(disk.lun[pdrv]);
  80:Middlewares/Third_Party/FatFs/src/diskio.c ****   }
  81:Middlewares/Third_Party/FatFs/src/diskio.c ****   return stat;
  82:Middlewares/Third_Party/FatFs/src/diskio.c **** }
  85              		.loc 1 82 0
  86 000a 08BD     		pop	{r3, pc}
  87              	.LVL6:
  88              	.L9:
  78:Middlewares/Third_Party/FatFs/src/diskio.c ****     stat = disk.drv[pdrv]->disk_initialize(disk.lun[pdrv]);
  89              		.loc 1 78 0
  90 000c 054B     		ldr	r3, .L10
ARM GAS  /tmp/ccUCdYK1.s 			page 4


  91 000e 0122     		movs	r2, #1
  92 0010 1A54     		strb	r2, [r3, r0]
  79:Middlewares/Third_Party/FatFs/src/diskio.c ****   }
  93              		.loc 1 79 0
  94 0012 1A18     		adds	r2, r3, r0
  95 0014 03EB8000 		add	r0, r3, r0, lsl #2
  96              	.LVL7:
  97 0018 4368     		ldr	r3, [r0, #4]
  98 001a 1B68     		ldr	r3, [r3]
  99 001c 107A     		ldrb	r0, [r2, #8]	@ zero_extendqisi2
 100 001e 9847     		blx	r3
 101              	.LVL8:
 102 0020 08BD     		pop	{r3, pc}
 103              	.L11:
 104 0022 00BF     		.align	2
 105              	.L10:
 106 0024 00000000 		.word	disk
 107              		.cfi_endproc
 108              	.LFE127:
 110              		.section	.text.disk_read,"ax",%progbits
 111              		.align	1
 112              		.global	disk_read
 113              		.syntax unified
 114              		.thumb
 115              		.thumb_func
 116              		.fpu fpv4-sp-d16
 118              	disk_read:
 119              	.LFB128:
  83:Middlewares/Third_Party/FatFs/src/diskio.c **** 
  84:Middlewares/Third_Party/FatFs/src/diskio.c **** /**
  85:Middlewares/Third_Party/FatFs/src/diskio.c ****   * @brief  Reads Sector(s) 
  86:Middlewares/Third_Party/FatFs/src/diskio.c ****   * @param  pdrv: Physical drive number (0..)
  87:Middlewares/Third_Party/FatFs/src/diskio.c ****   * @param  *buff: Data buffer to store read data
  88:Middlewares/Third_Party/FatFs/src/diskio.c ****   * @param  sector: Sector address (LBA)
  89:Middlewares/Third_Party/FatFs/src/diskio.c ****   * @param  count: Number of sectors to read (1..128)
  90:Middlewares/Third_Party/FatFs/src/diskio.c ****   * @retval DRESULT: Operation result
  91:Middlewares/Third_Party/FatFs/src/diskio.c ****   */
  92:Middlewares/Third_Party/FatFs/src/diskio.c **** DRESULT disk_read (
  93:Middlewares/Third_Party/FatFs/src/diskio.c **** 	BYTE pdrv,		/* Physical drive nmuber to identify the drive */
  94:Middlewares/Third_Party/FatFs/src/diskio.c **** 	BYTE *buff,		/* Data buffer to store read data */
  95:Middlewares/Third_Party/FatFs/src/diskio.c **** 	DWORD sector,	        /* Sector address in LBA */
  96:Middlewares/Third_Party/FatFs/src/diskio.c **** 	UINT count		/* Number of sectors to read */
  97:Middlewares/Third_Party/FatFs/src/diskio.c **** )
  98:Middlewares/Third_Party/FatFs/src/diskio.c **** {
 120              		.loc 1 98 0
 121              		.cfi_startproc
 122              		@ args = 0, pretend = 0, frame = 0
 123              		@ frame_needed = 0, uses_anonymous_args = 0
 124              	.LVL9:
 125 0000 38B5     		push	{r3, r4, r5, lr}
 126              	.LCFI2:
 127              		.cfi_def_cfa_offset 16
 128              		.cfi_offset 3, -16
 129              		.cfi_offset 4, -12
 130              		.cfi_offset 5, -8
 131              		.cfi_offset 14, -4
  99:Middlewares/Third_Party/FatFs/src/diskio.c ****   DRESULT res;
ARM GAS  /tmp/ccUCdYK1.s 			page 5


 100:Middlewares/Third_Party/FatFs/src/diskio.c ****  
 101:Middlewares/Third_Party/FatFs/src/diskio.c ****   res = disk.drv[pdrv]->disk_read(disk.lun[pdrv], buff, sector, count);
 132              		.loc 1 101 0
 133 0002 044C     		ldr	r4, .L14
 134 0004 2518     		adds	r5, r4, r0
 135 0006 04EB8004 		add	r4, r4, r0, lsl #2
 136 000a 6068     		ldr	r0, [r4, #4]
 137              	.LVL10:
 138 000c 8468     		ldr	r4, [r0, #8]
 139 000e 287A     		ldrb	r0, [r5, #8]	@ zero_extendqisi2
 140 0010 A047     		blx	r4
 141              	.LVL11:
 102:Middlewares/Third_Party/FatFs/src/diskio.c ****   return res;
 103:Middlewares/Third_Party/FatFs/src/diskio.c **** }
 142              		.loc 1 103 0
 143 0012 38BD     		pop	{r3, r4, r5, pc}
 144              	.L15:
 145              		.align	2
 146              	.L14:
 147 0014 00000000 		.word	disk
 148              		.cfi_endproc
 149              	.LFE128:
 151              		.section	.text.disk_write,"ax",%progbits
 152              		.align	1
 153              		.global	disk_write
 154              		.syntax unified
 155              		.thumb
 156              		.thumb_func
 157              		.fpu fpv4-sp-d16
 159              	disk_write:
 160              	.LFB129:
 104:Middlewares/Third_Party/FatFs/src/diskio.c **** 
 105:Middlewares/Third_Party/FatFs/src/diskio.c **** /**
 106:Middlewares/Third_Party/FatFs/src/diskio.c ****   * @brief  Writes Sector(s)  
 107:Middlewares/Third_Party/FatFs/src/diskio.c ****   * @param  pdrv: Physical drive number (0..)
 108:Middlewares/Third_Party/FatFs/src/diskio.c ****   * @param  *buff: Data to be written
 109:Middlewares/Third_Party/FatFs/src/diskio.c ****   * @param  sector: Sector address (LBA)
 110:Middlewares/Third_Party/FatFs/src/diskio.c ****   * @param  count: Number of sectors to write (1..128)
 111:Middlewares/Third_Party/FatFs/src/diskio.c ****   * @retval DRESULT: Operation result
 112:Middlewares/Third_Party/FatFs/src/diskio.c ****   */
 113:Middlewares/Third_Party/FatFs/src/diskio.c **** #if _USE_WRITE == 1
 114:Middlewares/Third_Party/FatFs/src/diskio.c **** DRESULT disk_write (
 115:Middlewares/Third_Party/FatFs/src/diskio.c **** 	BYTE pdrv,		/* Physical drive nmuber to identify the drive */
 116:Middlewares/Third_Party/FatFs/src/diskio.c **** 	const BYTE *buff,	/* Data to be written */
 117:Middlewares/Third_Party/FatFs/src/diskio.c **** 	DWORD sector,		/* Sector address in LBA */
 118:Middlewares/Third_Party/FatFs/src/diskio.c **** 	UINT count        	/* Number of sectors to write */
 119:Middlewares/Third_Party/FatFs/src/diskio.c **** )
 120:Middlewares/Third_Party/FatFs/src/diskio.c **** {
 161              		.loc 1 120 0
 162              		.cfi_startproc
 163              		@ args = 0, pretend = 0, frame = 0
 164              		@ frame_needed = 0, uses_anonymous_args = 0
 165              	.LVL12:
 166 0000 38B5     		push	{r3, r4, r5, lr}
 167              	.LCFI3:
 168              		.cfi_def_cfa_offset 16
 169              		.cfi_offset 3, -16
ARM GAS  /tmp/ccUCdYK1.s 			page 6


 170              		.cfi_offset 4, -12
 171              		.cfi_offset 5, -8
 172              		.cfi_offset 14, -4
 121:Middlewares/Third_Party/FatFs/src/diskio.c ****   DRESULT res;
 122:Middlewares/Third_Party/FatFs/src/diskio.c ****   
 123:Middlewares/Third_Party/FatFs/src/diskio.c ****   res = disk.drv[pdrv]->disk_write(disk.lun[pdrv], buff, sector, count);
 173              		.loc 1 123 0
 174 0002 044C     		ldr	r4, .L18
 175 0004 2518     		adds	r5, r4, r0
 176 0006 04EB8004 		add	r4, r4, r0, lsl #2
 177 000a 6068     		ldr	r0, [r4, #4]
 178              	.LVL13:
 179 000c C468     		ldr	r4, [r0, #12]
 180 000e 287A     		ldrb	r0, [r5, #8]	@ zero_extendqisi2
 181 0010 A047     		blx	r4
 182              	.LVL14:
 124:Middlewares/Third_Party/FatFs/src/diskio.c ****   return res;
 125:Middlewares/Third_Party/FatFs/src/diskio.c **** }
 183              		.loc 1 125 0
 184 0012 38BD     		pop	{r3, r4, r5, pc}
 185              	.L19:
 186              		.align	2
 187              	.L18:
 188 0014 00000000 		.word	disk
 189              		.cfi_endproc
 190              	.LFE129:
 192              		.section	.text.disk_ioctl,"ax",%progbits
 193              		.align	1
 194              		.global	disk_ioctl
 195              		.syntax unified
 196              		.thumb
 197              		.thumb_func
 198              		.fpu fpv4-sp-d16
 200              	disk_ioctl:
 201              	.LFB130:
 126:Middlewares/Third_Party/FatFs/src/diskio.c **** #endif /* _USE_WRITE == 1 */
 127:Middlewares/Third_Party/FatFs/src/diskio.c **** 
 128:Middlewares/Third_Party/FatFs/src/diskio.c **** /**
 129:Middlewares/Third_Party/FatFs/src/diskio.c ****   * @brief  I/O control operation  
 130:Middlewares/Third_Party/FatFs/src/diskio.c ****   * @param  pdrv: Physical drive number (0..)
 131:Middlewares/Third_Party/FatFs/src/diskio.c ****   * @param  cmd: Control code
 132:Middlewares/Third_Party/FatFs/src/diskio.c ****   * @param  *buff: Buffer to send/receive control data
 133:Middlewares/Third_Party/FatFs/src/diskio.c ****   * @retval DRESULT: Operation result
 134:Middlewares/Third_Party/FatFs/src/diskio.c ****   */
 135:Middlewares/Third_Party/FatFs/src/diskio.c **** #if _USE_IOCTL == 1
 136:Middlewares/Third_Party/FatFs/src/diskio.c **** DRESULT disk_ioctl (
 137:Middlewares/Third_Party/FatFs/src/diskio.c **** 	BYTE pdrv,		/* Physical drive nmuber (0..) */
 138:Middlewares/Third_Party/FatFs/src/diskio.c **** 	BYTE cmd,		/* Control code */
 139:Middlewares/Third_Party/FatFs/src/diskio.c **** 	void *buff		/* Buffer to send/receive control data */
 140:Middlewares/Third_Party/FatFs/src/diskio.c **** )
 141:Middlewares/Third_Party/FatFs/src/diskio.c **** {
 202              		.loc 1 141 0
 203              		.cfi_startproc
 204              		@ args = 0, pretend = 0, frame = 0
 205              		@ frame_needed = 0, uses_anonymous_args = 0
 206              	.LVL15:
 207 0000 10B5     		push	{r4, lr}
ARM GAS  /tmp/ccUCdYK1.s 			page 7


 208              	.LCFI4:
 209              		.cfi_def_cfa_offset 8
 210              		.cfi_offset 4, -8
 211              		.cfi_offset 14, -4
 142:Middlewares/Third_Party/FatFs/src/diskio.c ****   DRESULT res;
 143:Middlewares/Third_Party/FatFs/src/diskio.c **** 
 144:Middlewares/Third_Party/FatFs/src/diskio.c ****   res = disk.drv[pdrv]->disk_ioctl(disk.lun[pdrv], cmd, buff);
 212              		.loc 1 144 0
 213 0002 044B     		ldr	r3, .L22
 214 0004 1C18     		adds	r4, r3, r0
 215 0006 03EB8003 		add	r3, r3, r0, lsl #2
 216 000a 5B68     		ldr	r3, [r3, #4]
 217 000c 1B69     		ldr	r3, [r3, #16]
 218 000e 207A     		ldrb	r0, [r4, #8]	@ zero_extendqisi2
 219              	.LVL16:
 220 0010 9847     		blx	r3
 221              	.LVL17:
 145:Middlewares/Third_Party/FatFs/src/diskio.c ****   return res;
 146:Middlewares/Third_Party/FatFs/src/diskio.c **** }
 222              		.loc 1 146 0
 223 0012 10BD     		pop	{r4, pc}
 224              	.L23:
 225              		.align	2
 226              	.L22:
 227 0014 00000000 		.word	disk
 228              		.cfi_endproc
 229              	.LFE130:
 231              		.section	.text.get_fattime,"ax",%progbits
 232              		.align	1
 233              		.weak	get_fattime
 234              		.syntax unified
 235              		.thumb
 236              		.thumb_func
 237              		.fpu fpv4-sp-d16
 239              	get_fattime:
 240              	.LFB131:
 147:Middlewares/Third_Party/FatFs/src/diskio.c **** #endif /* _USE_IOCTL == 1 */
 148:Middlewares/Third_Party/FatFs/src/diskio.c **** 
 149:Middlewares/Third_Party/FatFs/src/diskio.c **** /**
 150:Middlewares/Third_Party/FatFs/src/diskio.c ****   * @brief  Gets Time from RTC 
 151:Middlewares/Third_Party/FatFs/src/diskio.c ****   * @param  None
 152:Middlewares/Third_Party/FatFs/src/diskio.c ****   * @retval Time in DWORD
 153:Middlewares/Third_Party/FatFs/src/diskio.c ****   */
 154:Middlewares/Third_Party/FatFs/src/diskio.c **** __weak DWORD get_fattime (void)
 155:Middlewares/Third_Party/FatFs/src/diskio.c **** {
 241              		.loc 1 155 0
 242              		.cfi_startproc
 243              		@ args = 0, pretend = 0, frame = 0
 244              		@ frame_needed = 0, uses_anonymous_args = 0
 245              		@ link register save eliminated.
 156:Middlewares/Third_Party/FatFs/src/diskio.c ****   return 0;
 157:Middlewares/Third_Party/FatFs/src/diskio.c **** }
 246              		.loc 1 157 0
 247 0000 0020     		movs	r0, #0
 248 0002 7047     		bx	lr
 249              		.cfi_endproc
 250              	.LFE131:
ARM GAS  /tmp/ccUCdYK1.s 			page 8


 252              		.text
 253              	.Letext0:
 254              		.file 2 "Middlewares/Third_Party/FatFs/src/integer.h"
 255              		.file 3 "Middlewares/Third_Party/FatFs/src/diskio.h"
 256              		.file 4 "/usr/arm-none-eabi/include/machine/_default_types.h"
 257              		.file 5 "/usr/arm-none-eabi/include/sys/_stdint.h"
 258              		.file 6 "Drivers/CMSIS/Include/core_cm4.h"
 259              		.file 7 "Drivers/CMSIS/Device/ST/STM32F4xx/Include/system_stm32f4xx.h"
 260              		.file 8 "/usr/arm-none-eabi/include/sys/lock.h"
 261              		.file 9 "/usr/arm-none-eabi/include/sys/_types.h"
 262              		.file 10 "/usr/lib/gcc/arm-none-eabi/6.3.0/include/stddef.h"
 263              		.file 11 "/usr/arm-none-eabi/include/sys/reent.h"
 264              		.file 12 "Middlewares/Third_Party/FatFs/src/ff_gen_drv.h"
ARM GAS  /tmp/ccUCdYK1.s 			page 9


DEFINED SYMBOLS
                            *ABS*:0000000000000000 diskio.c
     /tmp/ccUCdYK1.s:18     .text.disk_status:0000000000000000 $t
     /tmp/ccUCdYK1.s:25     .text.disk_status:0000000000000000 disk_status
     /tmp/ccUCdYK1.s:53     .text.disk_status:0000000000000014 $d
     /tmp/ccUCdYK1.s:58     .text.disk_initialize:0000000000000000 $t
     /tmp/ccUCdYK1.s:65     .text.disk_initialize:0000000000000000 disk_initialize
     /tmp/ccUCdYK1.s:106    .text.disk_initialize:0000000000000024 $d
     /tmp/ccUCdYK1.s:111    .text.disk_read:0000000000000000 $t
     /tmp/ccUCdYK1.s:118    .text.disk_read:0000000000000000 disk_read
     /tmp/ccUCdYK1.s:147    .text.disk_read:0000000000000014 $d
     /tmp/ccUCdYK1.s:152    .text.disk_write:0000000000000000 $t
     /tmp/ccUCdYK1.s:159    .text.disk_write:0000000000000000 disk_write
     /tmp/ccUCdYK1.s:188    .text.disk_write:0000000000000014 $d
     /tmp/ccUCdYK1.s:193    .text.disk_ioctl:0000000000000000 $t
     /tmp/ccUCdYK1.s:200    .text.disk_ioctl:0000000000000000 disk_ioctl
     /tmp/ccUCdYK1.s:227    .text.disk_ioctl:0000000000000014 $d
     /tmp/ccUCdYK1.s:232    .text.get_fattime:0000000000000000 $t
     /tmp/ccUCdYK1.s:239    .text.get_fattime:0000000000000000 get_fattime
                     .debug_frame:0000000000000010 $d

UNDEFINED SYMBOLS
disk
