ARM GAS  /tmp/ccTEKxHM.s 			page 1


   1              		.cpu cortex-m4
   2              		.eabi_attribute 27, 1
   3              		.eabi_attribute 28, 1
   4              		.eabi_attribute 20, 1
   5              		.eabi_attribute 21, 1
   6              		.eabi_attribute 23, 3
   7              		.eabi_attribute 24, 1
   8              		.eabi_attribute 25, 1
   9              		.eabi_attribute 26, 1
  10              		.eabi_attribute 30, 1
  11              		.eabi_attribute 34, 1
  12              		.eabi_attribute 18, 4
  13              		.file	"dma.c"
  14              		.text
  15              	.Ltext0:
  16              		.cfi_sections	.debug_frame
  17              		.section	.text.MX_DMA_Init,"ax",%progbits
  18              		.align	1
  19              		.global	MX_DMA_Init
  20              		.syntax unified
  21              		.thumb
  22              		.thumb_func
  23              		.fpu fpv4-sp-d16
  25              	MX_DMA_Init:
  26              	.LFB126:
  27              		.file 1 "Src/dma.c"
   1:Src/dma.c     **** /**
   2:Src/dma.c     ****   ******************************************************************************
   3:Src/dma.c     ****   * File Name          : dma.c
   4:Src/dma.c     ****   * Description        : This file provides code for the configuration
   5:Src/dma.c     ****   *                      of all the requested memory to memory DMA transfers.
   6:Src/dma.c     ****   ******************************************************************************
   7:Src/dma.c     ****   *
   8:Src/dma.c     ****   * Copyright (c) 2017 STMicroelectronics International N.V. 
   9:Src/dma.c     ****   * All rights reserved.
  10:Src/dma.c     ****   *
  11:Src/dma.c     ****   * Redistribution and use in source and binary forms, with or without 
  12:Src/dma.c     ****   * modification, are permitted, provided that the following conditions are met:
  13:Src/dma.c     ****   *
  14:Src/dma.c     ****   * 1. Redistribution of source code must retain the above copyright notice, 
  15:Src/dma.c     ****   *    this list of conditions and the following disclaimer.
  16:Src/dma.c     ****   * 2. Redistributions in binary form must reproduce the above copyright notice,
  17:Src/dma.c     ****   *    this list of conditions and the following disclaimer in the documentation
  18:Src/dma.c     ****   *    and/or other materials provided with the distribution.
  19:Src/dma.c     ****   * 3. Neither the name of STMicroelectronics nor the names of other 
  20:Src/dma.c     ****   *    contributors to this software may be used to endorse or promote products 
  21:Src/dma.c     ****   *    derived from this software without specific written permission.
  22:Src/dma.c     ****   * 4. This software, including modifications and/or derivative works of this 
  23:Src/dma.c     ****   *    software, must execute solely and exclusively on microcontroller or
  24:Src/dma.c     ****   *    microprocessor devices manufactured by or for STMicroelectronics.
  25:Src/dma.c     ****   * 5. Redistribution and use of this software other than as permitted under 
  26:Src/dma.c     ****   *    this license is void and will automatically terminate your rights under 
  27:Src/dma.c     ****   *    this license. 
  28:Src/dma.c     ****   *
  29:Src/dma.c     ****   * THIS SOFTWARE IS PROVIDED BY STMICROELECTRONICS AND CONTRIBUTORS "AS IS" 
  30:Src/dma.c     ****   * AND ANY EXPRESS, IMPLIED OR STATUTORY WARRANTIES, INCLUDING, BUT NOT 
  31:Src/dma.c     ****   * LIMITED TO, THE IMPLIED WARRANTIES OF MERCHANTABILITY, FITNESS FOR A 
ARM GAS  /tmp/ccTEKxHM.s 			page 2


  32:Src/dma.c     ****   * PARTICULAR PURPOSE AND NON-INFRINGEMENT OF THIRD PARTY INTELLECTUAL PROPERTY
  33:Src/dma.c     ****   * RIGHTS ARE DISCLAIMED TO THE FULLEST EXTENT PERMITTED BY LAW. IN NO EVENT 
  34:Src/dma.c     ****   * SHALL STMICROELECTRONICS OR CONTRIBUTORS BE LIABLE FOR ANY DIRECT, INDIRECT,
  35:Src/dma.c     ****   * INCIDENTAL, SPECIAL, EXEMPLARY, OR CONSEQUENTIAL DAMAGES (INCLUDING, BUT NOT
  36:Src/dma.c     ****   * LIMITED TO, PROCUREMENT OF SUBSTITUTE GOODS OR SERVICES; LOSS OF USE, DATA, 
  37:Src/dma.c     ****   * OR PROFITS; OR BUSINESS INTERRUPTION) HOWEVER CAUSED AND ON ANY THEORY OF 
  38:Src/dma.c     ****   * LIABILITY, WHETHER IN CONTRACT, STRICT LIABILITY, OR TORT (INCLUDING 
  39:Src/dma.c     ****   * NEGLIGENCE OR OTHERWISE) ARISING IN ANY WAY OUT OF THE USE OF THIS SOFTWARE,
  40:Src/dma.c     ****   * EVEN IF ADVISED OF THE POSSIBILITY OF SUCH DAMAGE.
  41:Src/dma.c     ****   *
  42:Src/dma.c     ****   ******************************************************************************
  43:Src/dma.c     ****   */
  44:Src/dma.c     **** /* Includes ------------------------------------------------------------------*/
  45:Src/dma.c     **** #include "dma.h"
  46:Src/dma.c     **** 
  47:Src/dma.c     **** /* USER CODE BEGIN 0 */
  48:Src/dma.c     **** 
  49:Src/dma.c     **** /* USER CODE END 0 */
  50:Src/dma.c     **** 
  51:Src/dma.c     **** /*----------------------------------------------------------------------------*/
  52:Src/dma.c     **** /* Configure DMA                                                              */
  53:Src/dma.c     **** /*----------------------------------------------------------------------------*/
  54:Src/dma.c     **** 
  55:Src/dma.c     **** /* USER CODE BEGIN 1 */
  56:Src/dma.c     **** 
  57:Src/dma.c     **** /* USER CODE END 1 */
  58:Src/dma.c     **** 
  59:Src/dma.c     **** /** 
  60:Src/dma.c     ****   * Enable DMA controller clock
  61:Src/dma.c     ****   */
  62:Src/dma.c     **** void MX_DMA_Init(void) 
  63:Src/dma.c     **** {
  28              		.loc 1 63 0
  29              		.cfi_startproc
  30              		@ args = 0, pretend = 0, frame = 8
  31              		@ frame_needed = 0, uses_anonymous_args = 0
  32 0000 00B5     		push	{lr}
  33              	.LCFI0:
  34              		.cfi_def_cfa_offset 4
  35              		.cfi_offset 14, -4
  36 0002 83B0     		sub	sp, sp, #12
  37              	.LCFI1:
  38              		.cfi_def_cfa_offset 16
  39              	.LBB2:
  64:Src/dma.c     ****   /* DMA controller clock enable */
  65:Src/dma.c     ****   __HAL_RCC_DMA2_CLK_ENABLE();
  40              		.loc 1 65 0
  41 0004 0021     		movs	r1, #0
  42 0006 0191     		str	r1, [sp, #4]
  43 0008 094B     		ldr	r3, .L3
  44 000a 1A6B     		ldr	r2, [r3, #48]
  45 000c 42F48002 		orr	r2, r2, #4194304
  46 0010 1A63     		str	r2, [r3, #48]
  47 0012 1B6B     		ldr	r3, [r3, #48]
  48 0014 03F48003 		and	r3, r3, #4194304
  49 0018 0193     		str	r3, [sp, #4]
  50 001a 019B     		ldr	r3, [sp, #4]
ARM GAS  /tmp/ccTEKxHM.s 			page 3


  51              	.LBE2:
  66:Src/dma.c     **** 
  67:Src/dma.c     ****   /* DMA interrupt init */
  68:Src/dma.c     ****   /* DMA2_Stream3_IRQn interrupt configuration */
  69:Src/dma.c     ****   HAL_NVIC_SetPriority(DMA2_Stream3_IRQn, 0, 0);
  52              		.loc 1 69 0
  53 001c 0A46     		mov	r2, r1
  54 001e 3B20     		movs	r0, #59
  55 0020 FFF7FEFF 		bl	HAL_NVIC_SetPriority
  56              	.LVL0:
  70:Src/dma.c     ****   HAL_NVIC_EnableIRQ(DMA2_Stream3_IRQn);
  57              		.loc 1 70 0
  58 0024 3B20     		movs	r0, #59
  59 0026 FFF7FEFF 		bl	HAL_NVIC_EnableIRQ
  60              	.LVL1:
  71:Src/dma.c     **** 
  72:Src/dma.c     **** }
  61              		.loc 1 72 0
  62 002a 03B0     		add	sp, sp, #12
  63              	.LCFI2:
  64              		.cfi_def_cfa_offset 4
  65              		@ sp needed
  66 002c 5DF804FB 		ldr	pc, [sp], #4
  67              	.L4:
  68              		.align	2
  69              	.L3:
  70 0030 00380240 		.word	1073887232
  71              		.cfi_endproc
  72              	.LFE126:
  74              		.text
  75              	.Letext0:
  76              		.file 2 "/usr/arm-none-eabi/include/machine/_default_types.h"
  77              		.file 3 "/usr/arm-none-eabi/include/sys/_stdint.h"
  78              		.file 4 "Drivers/CMSIS/Include/core_cm4.h"
  79              		.file 5 "Drivers/CMSIS/Device/ST/STM32F4xx/Include/system_stm32f4xx.h"
  80              		.file 6 "Drivers/CMSIS/Device/ST/STM32F4xx/Include/stm32f401xe.h"
  81              		.file 7 "/usr/arm-none-eabi/include/sys/lock.h"
  82              		.file 8 "/usr/arm-none-eabi/include/sys/_types.h"
  83              		.file 9 "/usr/lib/gcc/arm-none-eabi/6.3.0/include/stddef.h"
  84              		.file 10 "/usr/arm-none-eabi/include/sys/reent.h"
  85              		.file 11 "Drivers/STM32F4xx_HAL_Driver/Inc/stm32f4xx_hal_cortex.h"
ARM GAS  /tmp/ccTEKxHM.s 			page 4


DEFINED SYMBOLS
                            *ABS*:0000000000000000 dma.c
     /tmp/ccTEKxHM.s:18     .text.MX_DMA_Init:0000000000000000 $t
     /tmp/ccTEKxHM.s:25     .text.MX_DMA_Init:0000000000000000 MX_DMA_Init
     /tmp/ccTEKxHM.s:70     .text.MX_DMA_Init:0000000000000030 $d
                     .debug_frame:0000000000000010 $d

UNDEFINED SYMBOLS
HAL_NVIC_SetPriority
HAL_NVIC_EnableIRQ
