ARM GAS  /tmp/ccdmyPFK.s 			page 1


   1              		.cpu cortex-m4
   2              		.eabi_attribute 27, 1
   3              		.eabi_attribute 28, 1
   4              		.eabi_attribute 20, 1
   5              		.eabi_attribute 21, 1
   6              		.eabi_attribute 23, 3
   7              		.eabi_attribute 24, 1
   8              		.eabi_attribute 25, 1
   9              		.eabi_attribute 26, 1
  10              		.eabi_attribute 30, 2
  11              		.eabi_attribute 34, 1
  12              		.eabi_attribute 18, 4
  13              		.file	"fatfs.c"
  14              		.text
  15              	.Ltext0:
  16              		.cfi_sections	.debug_frame
  17              		.section	.text.MX_FATFS_Init,"ax",%progbits
  18              		.align	1
  19              		.p2align 2,,3
  20              		.global	MX_FATFS_Init
  21              		.syntax unified
  22              		.thumb
  23              		.thumb_func
  24              		.fpu fpv4-sp-d16
  26              	MX_FATFS_Init:
  27              	.LFB126:
  28              		.file 1 "Src/fatfs.c"
   1:Src/fatfs.c   **** /**
   2:Src/fatfs.c   ****   ******************************************************************************
   3:Src/fatfs.c   ****   * @file   fatfs.c
   4:Src/fatfs.c   ****   * @brief  Code for fatfs applications
   5:Src/fatfs.c   ****   ******************************************************************************
   6:Src/fatfs.c   ****   *
   7:Src/fatfs.c   ****   * Copyright (c) 2017 STMicroelectronics International N.V. 
   8:Src/fatfs.c   ****   * All rights reserved.
   9:Src/fatfs.c   ****   *
  10:Src/fatfs.c   ****   * Redistribution and use in source and binary forms, with or without 
  11:Src/fatfs.c   ****   * modification, are permitted, provided that the following conditions are met:
  12:Src/fatfs.c   ****   *
  13:Src/fatfs.c   ****   * 1. Redistribution of source code must retain the above copyright notice, 
  14:Src/fatfs.c   ****   *    this list of conditions and the following disclaimer.
  15:Src/fatfs.c   ****   * 2. Redistributions in binary form must reproduce the above copyright notice,
  16:Src/fatfs.c   ****   *    this list of conditions and the following disclaimer in the documentation
  17:Src/fatfs.c   ****   *    and/or other materials provided with the distribution.
  18:Src/fatfs.c   ****   * 3. Neither the name of STMicroelectronics nor the names of other 
  19:Src/fatfs.c   ****   *    contributors to this software may be used to endorse or promote products 
  20:Src/fatfs.c   ****   *    derived from this software without specific written permission.
  21:Src/fatfs.c   ****   * 4. This software, including modifications and/or derivative works of this 
  22:Src/fatfs.c   ****   *    software, must execute solely and exclusively on microcontroller or
  23:Src/fatfs.c   ****   *    microprocessor devices manufactured by or for STMicroelectronics.
  24:Src/fatfs.c   ****   * 5. Redistribution and use of this software other than as permitted under 
  25:Src/fatfs.c   ****   *    this license is void and will automatically terminate your rights under 
  26:Src/fatfs.c   ****   *    this license. 
  27:Src/fatfs.c   ****   *
  28:Src/fatfs.c   ****   * THIS SOFTWARE IS PROVIDED BY STMICROELECTRONICS AND CONTRIBUTORS "AS IS" 
  29:Src/fatfs.c   ****   * AND ANY EXPRESS, IMPLIED OR STATUTORY WARRANTIES, INCLUDING, BUT NOT 
  30:Src/fatfs.c   ****   * LIMITED TO, THE IMPLIED WARRANTIES OF MERCHANTABILITY, FITNESS FOR A 
ARM GAS  /tmp/ccdmyPFK.s 			page 2


  31:Src/fatfs.c   ****   * PARTICULAR PURPOSE AND NON-INFRINGEMENT OF THIRD PARTY INTELLECTUAL PROPERTY
  32:Src/fatfs.c   ****   * RIGHTS ARE DISCLAIMED TO THE FULLEST EXTENT PERMITTED BY LAW. IN NO EVENT 
  33:Src/fatfs.c   ****   * SHALL STMICROELECTRONICS OR CONTRIBUTORS BE LIABLE FOR ANY DIRECT, INDIRECT,
  34:Src/fatfs.c   ****   * INCIDENTAL, SPECIAL, EXEMPLARY, OR CONSEQUENTIAL DAMAGES (INCLUDING, BUT NOT
  35:Src/fatfs.c   ****   * LIMITED TO, PROCUREMENT OF SUBSTITUTE GOODS OR SERVICES; LOSS OF USE, DATA, 
  36:Src/fatfs.c   ****   * OR PROFITS; OR BUSINESS INTERRUPTION) HOWEVER CAUSED AND ON ANY THEORY OF 
  37:Src/fatfs.c   ****   * LIABILITY, WHETHER IN CONTRACT, STRICT LIABILITY, OR TORT (INCLUDING 
  38:Src/fatfs.c   ****   * NEGLIGENCE OR OTHERWISE) ARISING IN ANY WAY OUT OF THE USE OF THIS SOFTWARE,
  39:Src/fatfs.c   ****   * EVEN IF ADVISED OF THE POSSIBILITY OF SUCH DAMAGE.
  40:Src/fatfs.c   ****   *
  41:Src/fatfs.c   ****   ******************************************************************************
  42:Src/fatfs.c   ****   */
  43:Src/fatfs.c   **** 
  44:Src/fatfs.c   **** #include "fatfs.h"
  45:Src/fatfs.c   **** 
  46:Src/fatfs.c   **** uint8_t retSD;    /* Return value for SD */
  47:Src/fatfs.c   **** char SD_Path[4];  /* SD logical drive path */
  48:Src/fatfs.c   **** 
  49:Src/fatfs.c   **** /* USER CODE BEGIN Variables */
  50:Src/fatfs.c   **** 
  51:Src/fatfs.c   **** /* USER CODE END Variables */    
  52:Src/fatfs.c   **** 
  53:Src/fatfs.c   **** void MX_FATFS_Init(void) 
  54:Src/fatfs.c   **** {
  29              		.loc 1 54 0
  30              		.cfi_startproc
  31              		@ args = 0, pretend = 0, frame = 0
  32              		@ frame_needed = 0, uses_anonymous_args = 0
  33 0000 08B5     		push	{r3, lr}
  34              	.LCFI0:
  35              		.cfi_def_cfa_offset 8
  36              		.cfi_offset 3, -8
  37              		.cfi_offset 14, -4
  55:Src/fatfs.c   ****   /*## FatFS: Link the SD driver ###########################*/
  56:Src/fatfs.c   ****   retSD = FATFS_LinkDriver(&SD_Driver, SD_Path);
  38              		.loc 1 56 0
  39 0002 0349     		ldr	r1, .L3
  40 0004 0348     		ldr	r0, .L3+4
  41 0006 FFF7FEFF 		bl	FATFS_LinkDriver
  42              	.LVL0:
  43 000a 034B     		ldr	r3, .L3+8
  44 000c 1870     		strb	r0, [r3]
  45 000e 08BD     		pop	{r3, pc}
  46              	.L4:
  47              		.align	2
  48              	.L3:
  49 0010 00000000 		.word	SD_Path
  50 0014 00000000 		.word	SD_Driver
  51 0018 00000000 		.word	retSD
  52              		.cfi_endproc
  53              	.LFE126:
  55              		.section	.text.get_fattime,"ax",%progbits
  56              		.align	1
  57              		.p2align 2,,3
  58              		.global	get_fattime
  59              		.syntax unified
  60              		.thumb
ARM GAS  /tmp/ccdmyPFK.s 			page 3


  61              		.thumb_func
  62              		.fpu fpv4-sp-d16
  64              	get_fattime:
  65              	.LFB127:
  57:Src/fatfs.c   **** 
  58:Src/fatfs.c   ****   /* USER CODE BEGIN Init */
  59:Src/fatfs.c   ****   /* additional user code for init */     
  60:Src/fatfs.c   ****   /* USER CODE END Init */
  61:Src/fatfs.c   **** }
  62:Src/fatfs.c   **** 
  63:Src/fatfs.c   **** /**
  64:Src/fatfs.c   ****   * @brief  Gets Time from RTC 
  65:Src/fatfs.c   ****   * @param  None
  66:Src/fatfs.c   ****   * @retval Time in DWORD
  67:Src/fatfs.c   ****   */
  68:Src/fatfs.c   **** DWORD get_fattime(void)
  69:Src/fatfs.c   **** {
  66              		.loc 1 69 0
  67              		.cfi_startproc
  68              		@ args = 0, pretend = 0, frame = 0
  69              		@ frame_needed = 0, uses_anonymous_args = 0
  70              		@ link register save eliminated.
  70:Src/fatfs.c   ****   /* USER CODE BEGIN get_fattime */
  71:Src/fatfs.c   ****   return 0;
  72:Src/fatfs.c   ****   /* USER CODE END get_fattime */  
  73:Src/fatfs.c   **** }
  71              		.loc 1 73 0
  72 0000 0020     		movs	r0, #0
  73 0002 7047     		bx	lr
  74              		.cfi_endproc
  75              	.LFE127:
  77              		.comm	SD_Path,4,4
  78              		.comm	retSD,1,1
  79              		.text
  80              	.Letext0:
  81              		.file 2 "Middlewares/Third_Party/FatFs/src/integer.h"
  82              		.file 3 "/usr/arm-none-eabi/include/machine/_default_types.h"
  83              		.file 4 "/usr/arm-none-eabi/include/sys/_stdint.h"
  84              		.file 5 "Drivers/CMSIS/Include/core_cm4.h"
  85              		.file 6 "Drivers/CMSIS/Device/ST/STM32F4xx/Include/system_stm32f4xx.h"
  86              		.file 7 "/usr/arm-none-eabi/include/sys/lock.h"
  87              		.file 8 "/usr/arm-none-eabi/include/sys/_types.h"
  88              		.file 9 "/usr/lib/gcc/arm-none-eabi/6.3.0/include/stddef.h"
  89              		.file 10 "/usr/arm-none-eabi/include/sys/reent.h"
  90              		.file 11 "Middlewares/Third_Party/FatFs/src/diskio.h"
  91              		.file 12 "Middlewares/Third_Party/FatFs/src/ff_gen_drv.h"
  92              		.file 13 "Middlewares/Third_Party/FatFs/src/drivers/sd_diskio.h"
  93              		.file 14 "Inc/fatfs.h"
ARM GAS  /tmp/ccdmyPFK.s 			page 4


DEFINED SYMBOLS
                            *ABS*:0000000000000000 fatfs.c
     /tmp/ccdmyPFK.s:18     .text.MX_FATFS_Init:0000000000000000 $t
     /tmp/ccdmyPFK.s:26     .text.MX_FATFS_Init:0000000000000000 MX_FATFS_Init
     /tmp/ccdmyPFK.s:49     .text.MX_FATFS_Init:0000000000000010 $d
                            *COM*:0000000000000004 SD_Path
                            *COM*:0000000000000001 retSD
     /tmp/ccdmyPFK.s:56     .text.get_fattime:0000000000000000 $t
     /tmp/ccdmyPFK.s:64     .text.get_fattime:0000000000000000 get_fattime
                     .debug_frame:0000000000000010 $d

UNDEFINED SYMBOLS
FATFS_LinkDriver
SD_Driver
