ARM GAS  /tmp/ccHA3cfD.s 			page 1


   1              		.cpu cortex-m4
   2              		.eabi_attribute 27, 1
   3              		.eabi_attribute 28, 1
   4              		.eabi_attribute 23, 1
   5              		.eabi_attribute 24, 1
   6              		.eabi_attribute 25, 1
   7              		.eabi_attribute 26, 1
   8              		.eabi_attribute 30, 2
   9              		.eabi_attribute 34, 1
  10              		.eabi_attribute 18, 4
  11              		.file	"fonts.c"
  12              		.text
  13              	.Ltext0:
  14              		.cfi_sections	.debug_frame
  15              	.Letext0:
  16              		.file 1 "/usr/arm-none-eabi/include/machine/_default_types.h"
  17              		.file 2 "/usr/arm-none-eabi/include/sys/lock.h"
  18              		.file 3 "/usr/arm-none-eabi/include/sys/_types.h"
  19              		.file 4 "/usr/lib/gcc/arm-none-eabi/6.3.0/include/stddef.h"
  20              		.file 5 "/usr/arm-none-eabi/include/sys/reent.h"
  21              		.file 6 "/usr/arm-none-eabi/include/sys/_stdint.h"
  22              		.file 7 "Drivers/CMSIS/Include/core_cm4.h"
  23              		.file 8 "Drivers/CMSIS/Device/ST/STM32F4xx/Include/system_stm32f4xx.h"
  24              		.file 9 "Drivers/CMSIS/Device/ST/STM32F4xx/Include/stm32f401xe.h"
  25              		.file 10 "Drivers/STM32F4xx_HAL_Driver/Inc/stm32f4xx_hal_def.h"
  26              		.file 11 "Drivers/STM32F4xx_HAL_Driver/Inc/stm32f4xx_hal_dma.h"
  27              		.file 12 "Drivers/STM32F4xx_HAL_Driver/Inc/stm32f4xx_hal_spi.h"
  28              		.file 13 "Drivers/STM32F4xx_HAL_Driver/Inc/stm32f4xx_hal_tim.h"
  29              		.file 14 "Inc/spi.h"
  30              		.file 15 "Inc/tim.h"
  31              		.file 16 "MakiseGUI/MakiseGUI/ILI9340C/ili9340.h"
  32              		.file 17 "MakiseGUI/MakiseGUI/makise_text.h"
  33              		.file 18 "MakiseGUI/MakiseGUI/fonts/fonts.h"
ARM GAS  /tmp/ccHA3cfD.s 			page 2


DEFINED SYMBOLS
                            *ABS*:0000000000000000 fonts.c

NO UNDEFINED SYMBOLS
