ARM GAS  /tmp/ccwQlvJL.s 			page 1


   1              		.cpu cortex-m4
   2              		.eabi_attribute 27, 1
   3              		.eabi_attribute 28, 1
   4              		.eabi_attribute 20, 1
   5              		.eabi_attribute 21, 1
   6              		.eabi_attribute 23, 3
   7              		.eabi_attribute 24, 1
   8              		.eabi_attribute 25, 1
   9              		.eabi_attribute 26, 1
  10              		.eabi_attribute 30, 2
  11              		.eabi_attribute 34, 1
  12              		.eabi_attribute 18, 4
  13              		.file	"gpio.c"
  14              		.text
  15              	.Ltext0:
  16              		.cfi_sections	.debug_frame
  17              		.section	.text.MX_GPIO_Init,"ax",%progbits
  18              		.align	1
  19              		.p2align 2,,3
  20              		.global	MX_GPIO_Init
  21              		.syntax unified
  22              		.thumb
  23              		.thumb_func
  24              		.fpu fpv4-sp-d16
  26              	MX_GPIO_Init:
  27              	.LFB126:
  28              		.file 1 "Src/gpio.c"
   1:Src/gpio.c    **** /**
   2:Src/gpio.c    ****   ******************************************************************************
   3:Src/gpio.c    ****   * File Name          : gpio.c
   4:Src/gpio.c    ****   * Description        : This file provides code for the configuration
   5:Src/gpio.c    ****   *                      of all used GPIO pins.
   6:Src/gpio.c    ****   ******************************************************************************
   7:Src/gpio.c    ****   *
   8:Src/gpio.c    ****   * Copyright (c) 2017 STMicroelectronics International N.V. 
   9:Src/gpio.c    ****   * All rights reserved.
  10:Src/gpio.c    ****   *
  11:Src/gpio.c    ****   * Redistribution and use in source and binary forms, with or without 
  12:Src/gpio.c    ****   * modification, are permitted, provided that the following conditions are met:
  13:Src/gpio.c    ****   *
  14:Src/gpio.c    ****   * 1. Redistribution of source code must retain the above copyright notice, 
  15:Src/gpio.c    ****   *    this list of conditions and the following disclaimer.
  16:Src/gpio.c    ****   * 2. Redistributions in binary form must reproduce the above copyright notice,
  17:Src/gpio.c    ****   *    this list of conditions and the following disclaimer in the documentation
  18:Src/gpio.c    ****   *    and/or other materials provided with the distribution.
  19:Src/gpio.c    ****   * 3. Neither the name of STMicroelectronics nor the names of other 
  20:Src/gpio.c    ****   *    contributors to this software may be used to endorse or promote products 
  21:Src/gpio.c    ****   *    derived from this software without specific written permission.
  22:Src/gpio.c    ****   * 4. This software, including modifications and/or derivative works of this 
  23:Src/gpio.c    ****   *    software, must execute solely and exclusively on microcontroller or
  24:Src/gpio.c    ****   *    microprocessor devices manufactured by or for STMicroelectronics.
  25:Src/gpio.c    ****   * 5. Redistribution and use of this software other than as permitted under 
  26:Src/gpio.c    ****   *    this license is void and will automatically terminate your rights under 
  27:Src/gpio.c    ****   *    this license. 
  28:Src/gpio.c    ****   *
  29:Src/gpio.c    ****   * THIS SOFTWARE IS PROVIDED BY STMICROELECTRONICS AND CONTRIBUTORS "AS IS" 
  30:Src/gpio.c    ****   * AND ANY EXPRESS, IMPLIED OR STATUTORY WARRANTIES, INCLUDING, BUT NOT 
ARM GAS  /tmp/ccwQlvJL.s 			page 2


  31:Src/gpio.c    ****   * LIMITED TO, THE IMPLIED WARRANTIES OF MERCHANTABILITY, FITNESS FOR A 
  32:Src/gpio.c    ****   * PARTICULAR PURPOSE AND NON-INFRINGEMENT OF THIRD PARTY INTELLECTUAL PROPERTY
  33:Src/gpio.c    ****   * RIGHTS ARE DISCLAIMED TO THE FULLEST EXTENT PERMITTED BY LAW. IN NO EVENT 
  34:Src/gpio.c    ****   * SHALL STMICROELECTRONICS OR CONTRIBUTORS BE LIABLE FOR ANY DIRECT, INDIRECT,
  35:Src/gpio.c    ****   * INCIDENTAL, SPECIAL, EXEMPLARY, OR CONSEQUENTIAL DAMAGES (INCLUDING, BUT NOT
  36:Src/gpio.c    ****   * LIMITED TO, PROCUREMENT OF SUBSTITUTE GOODS OR SERVICES; LOSS OF USE, DATA, 
  37:Src/gpio.c    ****   * OR PROFITS; OR BUSINESS INTERRUPTION) HOWEVER CAUSED AND ON ANY THEORY OF 
  38:Src/gpio.c    ****   * LIABILITY, WHETHER IN CONTRACT, STRICT LIABILITY, OR TORT (INCLUDING 
  39:Src/gpio.c    ****   * NEGLIGENCE OR OTHERWISE) ARISING IN ANY WAY OUT OF THE USE OF THIS SOFTWARE,
  40:Src/gpio.c    ****   * EVEN IF ADVISED OF THE POSSIBILITY OF SUCH DAMAGE.
  41:Src/gpio.c    ****   *
  42:Src/gpio.c    ****   ******************************************************************************
  43:Src/gpio.c    ****   */
  44:Src/gpio.c    **** 
  45:Src/gpio.c    **** /* Includes ------------------------------------------------------------------*/
  46:Src/gpio.c    **** #include "gpio.h"
  47:Src/gpio.c    **** /* USER CODE BEGIN 0 */
  48:Src/gpio.c    **** 
  49:Src/gpio.c    **** /* USER CODE END 0 */
  50:Src/gpio.c    **** 
  51:Src/gpio.c    **** /*----------------------------------------------------------------------------*/
  52:Src/gpio.c    **** /* Configure GPIO                                                             */
  53:Src/gpio.c    **** /*----------------------------------------------------------------------------*/
  54:Src/gpio.c    **** /* USER CODE BEGIN 1 */
  55:Src/gpio.c    **** 
  56:Src/gpio.c    **** /* USER CODE END 1 */
  57:Src/gpio.c    **** 
  58:Src/gpio.c    **** /** Configure pins as 
  59:Src/gpio.c    ****         * Analog 
  60:Src/gpio.c    ****         * Input 
  61:Src/gpio.c    ****         * Output
  62:Src/gpio.c    ****         * EVENT_OUT
  63:Src/gpio.c    ****         * EXTI
  64:Src/gpio.c    **** */
  65:Src/gpio.c    **** void MX_GPIO_Init(void)
  66:Src/gpio.c    **** {
  29              		.loc 1 66 0
  30              		.cfi_startproc
  31              		@ args = 0, pretend = 0, frame = 40
  32              		@ frame_needed = 0, uses_anonymous_args = 0
  33 0000 2DE9F043 		push	{r4, r5, r6, r7, r8, r9, lr}
  34              	.LCFI0:
  35              		.cfi_def_cfa_offset 28
  36              		.cfi_offset 4, -28
  37              		.cfi_offset 5, -24
  38              		.cfi_offset 6, -20
  39              		.cfi_offset 7, -16
  40              		.cfi_offset 8, -12
  41              		.cfi_offset 9, -8
  42              		.cfi_offset 14, -4
  43 0004 8BB0     		sub	sp, sp, #44
  44              	.LCFI1:
  45              		.cfi_def_cfa_offset 72
  46              	.LBB2:
  67:Src/gpio.c    **** 
  68:Src/gpio.c    ****   GPIO_InitTypeDef GPIO_InitStruct;
  69:Src/gpio.c    **** 
ARM GAS  /tmp/ccwQlvJL.s 			page 3


  70:Src/gpio.c    ****   /* GPIO Ports Clock Enable */
  71:Src/gpio.c    ****   __HAL_RCC_GPIOH_CLK_ENABLE();
  47              		.loc 1 71 0
  48 0006 0024     		movs	r4, #0
  49 0008 334B     		ldr	r3, .L3
  50 000a 0094     		str	r4, [sp]
  51 000c 1A6B     		ldr	r2, [r3, #48]
  52              	.LBE2:
  72:Src/gpio.c    ****   __HAL_RCC_GPIOC_CLK_ENABLE();
  73:Src/gpio.c    ****   __HAL_RCC_GPIOA_CLK_ENABLE();
  74:Src/gpio.c    ****   __HAL_RCC_GPIOB_CLK_ENABLE();
  75:Src/gpio.c    ****   __HAL_RCC_GPIOD_CLK_ENABLE();
  76:Src/gpio.c    **** 
  77:Src/gpio.c    ****   /*Configure GPIO pins : PCPin PCPin */
  78:Src/gpio.c    ****   GPIO_InitStruct.Pin = k_bu1_Pin|k_bu2_Pin;
  79:Src/gpio.c    ****   GPIO_InitStruct.Mode = GPIO_MODE_INPUT;
  80:Src/gpio.c    ****   GPIO_InitStruct.Pull = GPIO_NOPULL;
  81:Src/gpio.c    ****   HAL_GPIO_Init(GPIOC, &GPIO_InitStruct);
  53              		.loc 1 81 0
  54 000e 334D     		ldr	r5, .L3+4
  82:Src/gpio.c    **** 
  83:Src/gpio.c    ****   /*Configure GPIO pin : PtPin */
  84:Src/gpio.c    ****   GPIO_InitStruct.Pin = k_wkup_Pin;
  85:Src/gpio.c    ****   GPIO_InitStruct.Mode = GPIO_MODE_INPUT;
  86:Src/gpio.c    ****   GPIO_InitStruct.Pull = GPIO_NOPULL;
  87:Src/gpio.c    ****   HAL_GPIO_Init(k_wkup_GPIO_Port, &GPIO_InitStruct);
  88:Src/gpio.c    **** 
  89:Src/gpio.c    ****   /*Configure GPIO pins : PCPin PCPin */
  90:Src/gpio.c    ****   GPIO_InitStruct.Pin = l_dc_Pin|l_rst_Pin;
  91:Src/gpio.c    ****   GPIO_InitStruct.Mode = GPIO_MODE_OUTPUT_PP;
  92:Src/gpio.c    ****   GPIO_InitStruct.Pull = GPIO_NOPULL;
  93:Src/gpio.c    ****   GPIO_InitStruct.Speed = GPIO_SPEED_FREQ_LOW;
  94:Src/gpio.c    ****   HAL_GPIO_Init(GPIOC, &GPIO_InitStruct);
  95:Src/gpio.c    **** 
  96:Src/gpio.c    ****   /*Configure GPIO pins : PBPin PBPin PBPin PBPin */
  97:Src/gpio.c    ****   GPIO_InitStruct.Pin = l_cs_Pin|k_latch_Pin|k_clk_Pin|k_DAT_Pin;
  98:Src/gpio.c    ****   GPIO_InitStruct.Mode = GPIO_MODE_OUTPUT_PP;
  99:Src/gpio.c    ****   GPIO_InitStruct.Pull = GPIO_NOPULL;
 100:Src/gpio.c    ****   GPIO_InitStruct.Speed = GPIO_SPEED_FREQ_LOW;
 101:Src/gpio.c    ****   HAL_GPIO_Init(GPIOB, &GPIO_InitStruct);
  55              		.loc 1 101 0
  56 0010 334F     		ldr	r7, .L3+8
  57              	.LBB3:
  71:Src/gpio.c    ****   __HAL_RCC_GPIOC_CLK_ENABLE();
  58              		.loc 1 71 0
  59 0012 42F08002 		orr	r2, r2, #128
  60 0016 1A63     		str	r2, [r3, #48]
  61 0018 1A6B     		ldr	r2, [r3, #48]
  62 001a 02F08002 		and	r2, r2, #128
  63 001e 0092     		str	r2, [sp]
  64 0020 009A     		ldr	r2, [sp]
  65              	.LBE3:
  66              	.LBB4:
  72:Src/gpio.c    ****   __HAL_RCC_GPIOC_CLK_ENABLE();
  67              		.loc 1 72 0
  68 0022 0194     		str	r4, [sp, #4]
  69 0024 1A6B     		ldr	r2, [r3, #48]
ARM GAS  /tmp/ccwQlvJL.s 			page 4


  70 0026 42F00402 		orr	r2, r2, #4
  71 002a 1A63     		str	r2, [r3, #48]
  72 002c 1A6B     		ldr	r2, [r3, #48]
  73 002e 02F00402 		and	r2, r2, #4
  74 0032 0192     		str	r2, [sp, #4]
  75 0034 019A     		ldr	r2, [sp, #4]
  76              	.LBE4:
  77              	.LBB5:
  73:Src/gpio.c    ****   __HAL_RCC_GPIOB_CLK_ENABLE();
  78              		.loc 1 73 0
  79 0036 0294     		str	r4, [sp, #8]
  80 0038 1A6B     		ldr	r2, [r3, #48]
  81 003a 42F00102 		orr	r2, r2, #1
  82 003e 1A63     		str	r2, [r3, #48]
  83 0040 1A6B     		ldr	r2, [r3, #48]
  84 0042 02F00102 		and	r2, r2, #1
  85 0046 0292     		str	r2, [sp, #8]
  86 0048 029A     		ldr	r2, [sp, #8]
  87              	.LBE5:
  88              	.LBB6:
  74:Src/gpio.c    ****   __HAL_RCC_GPIOD_CLK_ENABLE();
  89              		.loc 1 74 0
  90 004a 0394     		str	r4, [sp, #12]
  91 004c 1A6B     		ldr	r2, [r3, #48]
  92 004e 42F00202 		orr	r2, r2, #2
  93 0052 1A63     		str	r2, [r3, #48]
  94 0054 1A6B     		ldr	r2, [r3, #48]
  95 0056 02F00202 		and	r2, r2, #2
  96 005a 0392     		str	r2, [sp, #12]
  97 005c 039A     		ldr	r2, [sp, #12]
  98              	.LBE6:
  99              	.LBB7:
  75:Src/gpio.c    **** 
 100              		.loc 1 75 0
 101 005e 0494     		str	r4, [sp, #16]
 102 0060 1A6B     		ldr	r2, [r3, #48]
 103 0062 42F00802 		orr	r2, r2, #8
 104 0066 1A63     		str	r2, [r3, #48]
 105 0068 1B6B     		ldr	r3, [r3, #48]
 106              	.LBE7:
  79:Src/gpio.c    ****   GPIO_InitStruct.Pull = GPIO_NOPULL;
 107              		.loc 1 79 0
 108 006a 0694     		str	r4, [sp, #24]
 109              	.LBB8:
  75:Src/gpio.c    **** 
 110              		.loc 1 75 0
 111 006c 03F00803 		and	r3, r3, #8
 112 0070 0493     		str	r3, [sp, #16]
 113              	.LBE8:
  81:Src/gpio.c    **** 
 114              		.loc 1 81 0
 115 0072 2846     		mov	r0, r5
  78:Src/gpio.c    ****   GPIO_InitStruct.Mode = GPIO_MODE_INPUT;
 116              		.loc 1 78 0
 117 0074 0323     		movs	r3, #3
  81:Src/gpio.c    **** 
 118              		.loc 1 81 0
ARM GAS  /tmp/ccwQlvJL.s 			page 5


 119 0076 05A9     		add	r1, sp, #20
 120              	.LBB9:
  75:Src/gpio.c    **** 
 121              		.loc 1 75 0
 122 0078 049A     		ldr	r2, [sp, #16]
 123              	.LBE9:
  78:Src/gpio.c    ****   GPIO_InitStruct.Mode = GPIO_MODE_INPUT;
 124              		.loc 1 78 0
 125 007a 0593     		str	r3, [sp, #20]
  84:Src/gpio.c    ****   GPIO_InitStruct.Mode = GPIO_MODE_INPUT;
 126              		.loc 1 84 0
 127 007c 0126     		movs	r6, #1
  80:Src/gpio.c    ****   HAL_GPIO_Init(GPIOC, &GPIO_InitStruct);
 128              		.loc 1 80 0
 129 007e 0794     		str	r4, [sp, #28]
  81:Src/gpio.c    **** 
 130              		.loc 1 81 0
 131 0080 FFF7FEFF 		bl	HAL_GPIO_Init
 132              	.LVL0:
  87:Src/gpio.c    **** 
 133              		.loc 1 87 0
 134 0084 05A9     		add	r1, sp, #20
 135 0086 1748     		ldr	r0, .L3+12
  85:Src/gpio.c    ****   GPIO_InitStruct.Pull = GPIO_NOPULL;
 136              		.loc 1 85 0
 137 0088 0694     		str	r4, [sp, #24]
  90:Src/gpio.c    ****   GPIO_InitStruct.Mode = GPIO_MODE_OUTPUT_PP;
 138              		.loc 1 90 0
 139 008a 4FF03009 		mov	r9, #48
  86:Src/gpio.c    ****   HAL_GPIO_Init(k_wkup_GPIO_Port, &GPIO_InitStruct);
 140              		.loc 1 86 0
 141 008e 0794     		str	r4, [sp, #28]
  84:Src/gpio.c    ****   GPIO_InitStruct.Mode = GPIO_MODE_INPUT;
 142              		.loc 1 84 0
 143 0090 0596     		str	r6, [sp, #20]
  87:Src/gpio.c    **** 
 144              		.loc 1 87 0
 145 0092 FFF7FEFF 		bl	HAL_GPIO_Init
 146              	.LVL1:
  94:Src/gpio.c    **** 
 147              		.loc 1 94 0
 148 0096 05A9     		add	r1, sp, #20
 149 0098 2846     		mov	r0, r5
  97:Src/gpio.c    ****   GPIO_InitStruct.Mode = GPIO_MODE_OUTPUT_PP;
 150              		.loc 1 97 0
 151 009a 4FF03908 		mov	r8, #57
  91:Src/gpio.c    ****   GPIO_InitStruct.Pull = GPIO_NOPULL;
 152              		.loc 1 91 0
 153 009e 0696     		str	r6, [sp, #24]
  92:Src/gpio.c    ****   GPIO_InitStruct.Speed = GPIO_SPEED_FREQ_LOW;
 154              		.loc 1 92 0
 155 00a0 0794     		str	r4, [sp, #28]
  93:Src/gpio.c    ****   HAL_GPIO_Init(GPIOC, &GPIO_InitStruct);
 156              		.loc 1 93 0
 157 00a2 0894     		str	r4, [sp, #32]
  90:Src/gpio.c    ****   GPIO_InitStruct.Mode = GPIO_MODE_OUTPUT_PP;
 158              		.loc 1 90 0
ARM GAS  /tmp/ccwQlvJL.s 			page 6


 159 00a4 CDF81490 		str	r9, [sp, #20]
  94:Src/gpio.c    **** 
 160              		.loc 1 94 0
 161 00a8 FFF7FEFF 		bl	HAL_GPIO_Init
 162              	.LVL2:
 163              		.loc 1 101 0
 164 00ac 05A9     		add	r1, sp, #20
 165 00ae 3846     		mov	r0, r7
  98:Src/gpio.c    ****   GPIO_InitStruct.Pull = GPIO_NOPULL;
 166              		.loc 1 98 0
 167 00b0 0696     		str	r6, [sp, #24]
  99:Src/gpio.c    ****   GPIO_InitStruct.Speed = GPIO_SPEED_FREQ_LOW;
 168              		.loc 1 99 0
 169 00b2 0794     		str	r4, [sp, #28]
 100:Src/gpio.c    ****   HAL_GPIO_Init(GPIOB, &GPIO_InitStruct);
 170              		.loc 1 100 0
 171 00b4 0894     		str	r4, [sp, #32]
  97:Src/gpio.c    ****   GPIO_InitStruct.Mode = GPIO_MODE_OUTPUT_PP;
 172              		.loc 1 97 0
 173 00b6 CDF81480 		str	r8, [sp, #20]
 174              		.loc 1 101 0
 175 00ba FFF7FEFF 		bl	HAL_GPIO_Init
 176              	.LVL3:
 102:Src/gpio.c    **** 
 103:Src/gpio.c    ****   /*Configure GPIO pin Output Level */
 104:Src/gpio.c    ****   HAL_GPIO_WritePin(GPIOC, l_dc_Pin|l_rst_Pin, GPIO_PIN_RESET);
 177              		.loc 1 104 0
 178 00be 2246     		mov	r2, r4
 179 00c0 4946     		mov	r1, r9
 180 00c2 2846     		mov	r0, r5
 181 00c4 FFF7FEFF 		bl	HAL_GPIO_WritePin
 182              	.LVL4:
 105:Src/gpio.c    **** 
 106:Src/gpio.c    ****   /*Configure GPIO pin Output Level */
 107:Src/gpio.c    ****   HAL_GPIO_WritePin(GPIOB, l_cs_Pin|k_latch_Pin|k_clk_Pin|k_DAT_Pin, GPIO_PIN_RESET);
 183              		.loc 1 107 0
 184 00c8 2246     		mov	r2, r4
 185 00ca 4146     		mov	r1, r8
 186 00cc 3846     		mov	r0, r7
 187 00ce FFF7FEFF 		bl	HAL_GPIO_WritePin
 188              	.LVL5:
 108:Src/gpio.c    **** 
 109:Src/gpio.c    **** }
 189              		.loc 1 109 0
 190 00d2 0BB0     		add	sp, sp, #44
 191              	.LCFI2:
 192              		.cfi_def_cfa_offset 28
 193              		@ sp needed
 194 00d4 BDE8F083 		pop	{r4, r5, r6, r7, r8, r9, pc}
 195              	.L4:
 196              		.align	2
 197              	.L3:
 198 00d8 00380240 		.word	1073887232
 199 00dc 00080240 		.word	1073874944
 200 00e0 00040240 		.word	1073873920
 201 00e4 00000240 		.word	1073872896
 202              		.cfi_endproc
ARM GAS  /tmp/ccwQlvJL.s 			page 7


 203              	.LFE126:
 205              		.text
 206              	.Letext0:
 207              		.file 2 "/usr/arm-none-eabi/include/machine/_default_types.h"
 208              		.file 3 "/usr/arm-none-eabi/include/sys/_stdint.h"
 209              		.file 4 "Drivers/CMSIS/Include/core_cm4.h"
 210              		.file 5 "Drivers/CMSIS/Device/ST/STM32F4xx/Include/system_stm32f4xx.h"
 211              		.file 6 "Drivers/CMSIS/Device/ST/STM32F4xx/Include/stm32f401xe.h"
 212              		.file 7 "/usr/arm-none-eabi/include/sys/lock.h"
 213              		.file 8 "/usr/arm-none-eabi/include/sys/_types.h"
 214              		.file 9 "/usr/lib/gcc/arm-none-eabi/6.3.0/include/stddef.h"
 215              		.file 10 "/usr/arm-none-eabi/include/sys/reent.h"
 216              		.file 11 "Drivers/STM32F4xx_HAL_Driver/Inc/stm32f4xx_hal_gpio.h"
ARM GAS  /tmp/ccwQlvJL.s 			page 8


DEFINED SYMBOLS
                            *ABS*:0000000000000000 gpio.c
     /tmp/ccwQlvJL.s:18     .text.MX_GPIO_Init:0000000000000000 $t
     /tmp/ccwQlvJL.s:26     .text.MX_GPIO_Init:0000000000000000 MX_GPIO_Init
     /tmp/ccwQlvJL.s:198    .text.MX_GPIO_Init:00000000000000d8 $d
                     .debug_frame:0000000000000010 $d

UNDEFINED SYMBOLS
HAL_GPIO_Init
HAL_GPIO_WritePin
