ARM GAS  /tmp/ccav6r8l.s 			page 1


   1              		.cpu cortex-m4
   2              		.eabi_attribute 27, 1
   3              		.eabi_attribute 28, 1
   4              		.eabi_attribute 20, 1
   5              		.eabi_attribute 21, 1
   6              		.eabi_attribute 23, 3
   7              		.eabi_attribute 24, 1
   8              		.eabi_attribute 25, 1
   9              		.eabi_attribute 26, 1
  10              		.eabi_attribute 30, 1
  11              		.eabi_attribute 34, 1
  12              		.eabi_attribute 18, 4
  13              		.file	"stm32f4xx_hal_msp.c"
  14              		.text
  15              	.Ltext0:
  16              		.cfi_sections	.debug_frame
  17              		.section	.text.HAL_MspInit,"ax",%progbits
  18              		.align	1
  19              		.global	HAL_MspInit
  20              		.syntax unified
  21              		.thumb
  22              		.thumb_func
  23              		.fpu fpv4-sp-d16
  25              	HAL_MspInit:
  26              	.LFB126:
  27              		.file 1 "Src/stm32f4xx_hal_msp.c"
   1:Src/stm32f4xx_hal_msp.c **** /**
   2:Src/stm32f4xx_hal_msp.c ****   ******************************************************************************
   3:Src/stm32f4xx_hal_msp.c ****   * File Name          : stm32f4xx_hal_msp.c
   4:Src/stm32f4xx_hal_msp.c ****   * Description        : This file provides code for the MSP Initialization 
   5:Src/stm32f4xx_hal_msp.c ****   *                      and de-Initialization codes.
   6:Src/stm32f4xx_hal_msp.c ****   ******************************************************************************
   7:Src/stm32f4xx_hal_msp.c ****   *
   8:Src/stm32f4xx_hal_msp.c ****   * Copyright (c) 2017 STMicroelectronics International N.V. 
   9:Src/stm32f4xx_hal_msp.c ****   * All rights reserved.
  10:Src/stm32f4xx_hal_msp.c ****   *
  11:Src/stm32f4xx_hal_msp.c ****   * Redistribution and use in source and binary forms, with or without 
  12:Src/stm32f4xx_hal_msp.c ****   * modification, are permitted, provided that the following conditions are met:
  13:Src/stm32f4xx_hal_msp.c ****   *
  14:Src/stm32f4xx_hal_msp.c ****   * 1. Redistribution of source code must retain the above copyright notice, 
  15:Src/stm32f4xx_hal_msp.c ****   *    this list of conditions and the following disclaimer.
  16:Src/stm32f4xx_hal_msp.c ****   * 2. Redistributions in binary form must reproduce the above copyright notice,
  17:Src/stm32f4xx_hal_msp.c ****   *    this list of conditions and the following disclaimer in the documentation
  18:Src/stm32f4xx_hal_msp.c ****   *    and/or other materials provided with the distribution.
  19:Src/stm32f4xx_hal_msp.c ****   * 3. Neither the name of STMicroelectronics nor the names of other 
  20:Src/stm32f4xx_hal_msp.c ****   *    contributors to this software may be used to endorse or promote products 
  21:Src/stm32f4xx_hal_msp.c ****   *    derived from this software without specific written permission.
  22:Src/stm32f4xx_hal_msp.c ****   * 4. This software, including modifications and/or derivative works of this 
  23:Src/stm32f4xx_hal_msp.c ****   *    software, must execute solely and exclusively on microcontroller or
  24:Src/stm32f4xx_hal_msp.c ****   *    microprocessor devices manufactured by or for STMicroelectronics.
  25:Src/stm32f4xx_hal_msp.c ****   * 5. Redistribution and use of this software other than as permitted under 
  26:Src/stm32f4xx_hal_msp.c ****   *    this license is void and will automatically terminate your rights under 
  27:Src/stm32f4xx_hal_msp.c ****   *    this license. 
  28:Src/stm32f4xx_hal_msp.c ****   *
  29:Src/stm32f4xx_hal_msp.c ****   * THIS SOFTWARE IS PROVIDED BY STMICROELECTRONICS AND CONTRIBUTORS "AS IS" 
  30:Src/stm32f4xx_hal_msp.c ****   * AND ANY EXPRESS, IMPLIED OR STATUTORY WARRANTIES, INCLUDING, BUT NOT 
  31:Src/stm32f4xx_hal_msp.c ****   * LIMITED TO, THE IMPLIED WARRANTIES OF MERCHANTABILITY, FITNESS FOR A 
ARM GAS  /tmp/ccav6r8l.s 			page 2


  32:Src/stm32f4xx_hal_msp.c ****   * PARTICULAR PURPOSE AND NON-INFRINGEMENT OF THIRD PARTY INTELLECTUAL PROPERTY
  33:Src/stm32f4xx_hal_msp.c ****   * RIGHTS ARE DISCLAIMED TO THE FULLEST EXTENT PERMITTED BY LAW. IN NO EVENT 
  34:Src/stm32f4xx_hal_msp.c ****   * SHALL STMICROELECTRONICS OR CONTRIBUTORS BE LIABLE FOR ANY DIRECT, INDIRECT,
  35:Src/stm32f4xx_hal_msp.c ****   * INCIDENTAL, SPECIAL, EXEMPLARY, OR CONSEQUENTIAL DAMAGES (INCLUDING, BUT NOT
  36:Src/stm32f4xx_hal_msp.c ****   * LIMITED TO, PROCUREMENT OF SUBSTITUTE GOODS OR SERVICES; LOSS OF USE, DATA, 
  37:Src/stm32f4xx_hal_msp.c ****   * OR PROFITS; OR BUSINESS INTERRUPTION) HOWEVER CAUSED AND ON ANY THEORY OF 
  38:Src/stm32f4xx_hal_msp.c ****   * LIABILITY, WHETHER IN CONTRACT, STRICT LIABILITY, OR TORT (INCLUDING 
  39:Src/stm32f4xx_hal_msp.c ****   * NEGLIGENCE OR OTHERWISE) ARISING IN ANY WAY OUT OF THE USE OF THIS SOFTWARE,
  40:Src/stm32f4xx_hal_msp.c ****   * EVEN IF ADVISED OF THE POSSIBILITY OF SUCH DAMAGE.
  41:Src/stm32f4xx_hal_msp.c ****   *
  42:Src/stm32f4xx_hal_msp.c ****   ******************************************************************************
  43:Src/stm32f4xx_hal_msp.c ****   */
  44:Src/stm32f4xx_hal_msp.c **** /* Includes ------------------------------------------------------------------*/
  45:Src/stm32f4xx_hal_msp.c **** #include "stm32f4xx_hal.h"
  46:Src/stm32f4xx_hal_msp.c **** 
  47:Src/stm32f4xx_hal_msp.c **** extern void Error_Handler(void);
  48:Src/stm32f4xx_hal_msp.c **** /* USER CODE BEGIN 0 */
  49:Src/stm32f4xx_hal_msp.c **** 
  50:Src/stm32f4xx_hal_msp.c **** /* USER CODE END 0 */
  51:Src/stm32f4xx_hal_msp.c **** /**
  52:Src/stm32f4xx_hal_msp.c ****   * Initializes the Global MSP.
  53:Src/stm32f4xx_hal_msp.c ****   */
  54:Src/stm32f4xx_hal_msp.c **** void HAL_MspInit(void)
  55:Src/stm32f4xx_hal_msp.c **** {
  28              		.loc 1 55 0
  29              		.cfi_startproc
  30              		@ args = 0, pretend = 0, frame = 0
  31              		@ frame_needed = 0, uses_anonymous_args = 0
  32 0000 08B5     		push	{r3, lr}
  33              	.LCFI0:
  34              		.cfi_def_cfa_offset 8
  35              		.cfi_offset 3, -8
  36              		.cfi_offset 14, -4
  56:Src/stm32f4xx_hal_msp.c ****   /* USER CODE BEGIN MspInit 0 */
  57:Src/stm32f4xx_hal_msp.c **** 
  58:Src/stm32f4xx_hal_msp.c ****   /* USER CODE END MspInit 0 */
  59:Src/stm32f4xx_hal_msp.c **** 
  60:Src/stm32f4xx_hal_msp.c ****   HAL_NVIC_SetPriorityGrouping(NVIC_PRIORITYGROUP_4);
  37              		.loc 1 60 0
  38 0002 0320     		movs	r0, #3
  39 0004 FFF7FEFF 		bl	HAL_NVIC_SetPriorityGrouping
  40              	.LVL0:
  61:Src/stm32f4xx_hal_msp.c **** 
  62:Src/stm32f4xx_hal_msp.c ****   /* System interrupt init*/
  63:Src/stm32f4xx_hal_msp.c ****   /* MemoryManagement_IRQn interrupt configuration */
  64:Src/stm32f4xx_hal_msp.c ****   HAL_NVIC_SetPriority(MemoryManagement_IRQn, 0, 0);
  41              		.loc 1 64 0
  42 0008 0022     		movs	r2, #0
  43 000a 1146     		mov	r1, r2
  44 000c 6FF00B00 		mvn	r0, #11
  45 0010 FFF7FEFF 		bl	HAL_NVIC_SetPriority
  46              	.LVL1:
  65:Src/stm32f4xx_hal_msp.c ****   /* BusFault_IRQn interrupt configuration */
  66:Src/stm32f4xx_hal_msp.c ****   HAL_NVIC_SetPriority(BusFault_IRQn, 0, 0);
  47              		.loc 1 66 0
  48 0014 0022     		movs	r2, #0
  49 0016 1146     		mov	r1, r2
ARM GAS  /tmp/ccav6r8l.s 			page 3


  50 0018 6FF00A00 		mvn	r0, #10
  51 001c FFF7FEFF 		bl	HAL_NVIC_SetPriority
  52              	.LVL2:
  67:Src/stm32f4xx_hal_msp.c ****   /* UsageFault_IRQn interrupt configuration */
  68:Src/stm32f4xx_hal_msp.c ****   HAL_NVIC_SetPriority(UsageFault_IRQn, 0, 0);
  53              		.loc 1 68 0
  54 0020 0022     		movs	r2, #0
  55 0022 1146     		mov	r1, r2
  56 0024 6FF00900 		mvn	r0, #9
  57 0028 FFF7FEFF 		bl	HAL_NVIC_SetPriority
  58              	.LVL3:
  69:Src/stm32f4xx_hal_msp.c ****   /* SVCall_IRQn interrupt configuration */
  70:Src/stm32f4xx_hal_msp.c ****   HAL_NVIC_SetPriority(SVCall_IRQn, 0, 0);
  59              		.loc 1 70 0
  60 002c 0022     		movs	r2, #0
  61 002e 1146     		mov	r1, r2
  62 0030 6FF00400 		mvn	r0, #4
  63 0034 FFF7FEFF 		bl	HAL_NVIC_SetPriority
  64              	.LVL4:
  71:Src/stm32f4xx_hal_msp.c ****   /* DebugMonitor_IRQn interrupt configuration */
  72:Src/stm32f4xx_hal_msp.c ****   HAL_NVIC_SetPriority(DebugMonitor_IRQn, 0, 0);
  65              		.loc 1 72 0
  66 0038 0022     		movs	r2, #0
  67 003a 1146     		mov	r1, r2
  68 003c 6FF00300 		mvn	r0, #3
  69 0040 FFF7FEFF 		bl	HAL_NVIC_SetPriority
  70              	.LVL5:
  73:Src/stm32f4xx_hal_msp.c ****   /* PendSV_IRQn interrupt configuration */
  74:Src/stm32f4xx_hal_msp.c ****   HAL_NVIC_SetPriority(PendSV_IRQn, 0, 0);
  71              		.loc 1 74 0
  72 0044 0022     		movs	r2, #0
  73 0046 1146     		mov	r1, r2
  74 0048 6FF00100 		mvn	r0, #1
  75 004c FFF7FEFF 		bl	HAL_NVIC_SetPriority
  76              	.LVL6:
  75:Src/stm32f4xx_hal_msp.c ****   /* SysTick_IRQn interrupt configuration */
  76:Src/stm32f4xx_hal_msp.c ****   HAL_NVIC_SetPriority(SysTick_IRQn, 0, 0);
  77              		.loc 1 76 0
  78 0050 0022     		movs	r2, #0
  79 0052 1146     		mov	r1, r2
  80 0054 4FF0FF30 		mov	r0, #-1
  81 0058 FFF7FEFF 		bl	HAL_NVIC_SetPriority
  82              	.LVL7:
  83 005c 08BD     		pop	{r3, pc}
  84              		.cfi_endproc
  85              	.LFE126:
  87              		.text
  88              	.Letext0:
  89              		.file 2 "/usr/arm-none-eabi/include/machine/_default_types.h"
  90              		.file 3 "/usr/arm-none-eabi/include/sys/_stdint.h"
  91              		.file 4 "Drivers/CMSIS/Include/core_cm4.h"
  92              		.file 5 "Drivers/CMSIS/Device/ST/STM32F4xx/Include/system_stm32f4xx.h"
  93              		.file 6 "/usr/arm-none-eabi/include/sys/lock.h"
  94              		.file 7 "/usr/arm-none-eabi/include/sys/_types.h"
  95              		.file 8 "/usr/lib/gcc/arm-none-eabi/6.3.0/include/stddef.h"
  96              		.file 9 "/usr/arm-none-eabi/include/sys/reent.h"
  97              		.file 10 "Drivers/STM32F4xx_HAL_Driver/Inc/stm32f4xx_hal_cortex.h"
ARM GAS  /tmp/ccav6r8l.s 			page 4


  98              		.file 11 "Drivers/CMSIS/Device/ST/STM32F4xx/Include/stm32f401xe.h"
ARM GAS  /tmp/ccav6r8l.s 			page 5


DEFINED SYMBOLS
                            *ABS*:0000000000000000 stm32f4xx_hal_msp.c
     /tmp/ccav6r8l.s:18     .text.HAL_MspInit:0000000000000000 $t
     /tmp/ccav6r8l.s:25     .text.HAL_MspInit:0000000000000000 HAL_MspInit
                     .debug_frame:0000000000000010 $d

UNDEFINED SYMBOLS
HAL_NVIC_SetPriorityGrouping
HAL_NVIC_SetPriority
