ARM GAS  /tmp/ccq7EGH5.s 			page 1


   1              		.cpu cortex-m4
   2              		.eabi_attribute 27, 1
   3              		.eabi_attribute 28, 1
   4              		.eabi_attribute 20, 1
   5              		.eabi_attribute 21, 1
   6              		.eabi_attribute 23, 3
   7              		.eabi_attribute 24, 1
   8              		.eabi_attribute 25, 1
   9              		.eabi_attribute 26, 1
  10              		.eabi_attribute 30, 2
  11              		.eabi_attribute 34, 1
  12              		.eabi_attribute 18, 4
  13              		.file	"stm32f4xx_ll_sdmmc.c"
  14              		.text
  15              	.Ltext0:
  16              		.cfi_sections	.debug_frame
  17              		.section	.text.SDIO_Init,"ax",%progbits
  18              		.align	1
  19              		.p2align 2,,3
  20              		.global	SDIO_Init
  21              		.syntax unified
  22              		.thumb
  23              		.thumb_func
  24              		.fpu fpv4-sp-d16
  26              	SDIO_Init:
  27              	.LFB126:
  28              		.file 1 "Drivers/STM32F4xx_HAL_Driver/Src/stm32f4xx_ll_sdmmc.c"
   1:Drivers/STM32F4xx_HAL_Driver/Src/stm32f4xx_ll_sdmmc.c **** /**
   2:Drivers/STM32F4xx_HAL_Driver/Src/stm32f4xx_ll_sdmmc.c ****   ******************************************************************************
   3:Drivers/STM32F4xx_HAL_Driver/Src/stm32f4xx_ll_sdmmc.c ****   * @file    stm32f4xx_ll_sdmmc.c
   4:Drivers/STM32F4xx_HAL_Driver/Src/stm32f4xx_ll_sdmmc.c ****   * @author  MCD Application Team
   5:Drivers/STM32F4xx_HAL_Driver/Src/stm32f4xx_ll_sdmmc.c ****   * @version V1.6.0
   6:Drivers/STM32F4xx_HAL_Driver/Src/stm32f4xx_ll_sdmmc.c ****   * @date    04-November-2016
   7:Drivers/STM32F4xx_HAL_Driver/Src/stm32f4xx_ll_sdmmc.c ****   * @brief   SDMMC Low Layer HAL module driver.
   8:Drivers/STM32F4xx_HAL_Driver/Src/stm32f4xx_ll_sdmmc.c ****   *    
   9:Drivers/STM32F4xx_HAL_Driver/Src/stm32f4xx_ll_sdmmc.c ****   *          This file provides firmware functions to manage the following 
  10:Drivers/STM32F4xx_HAL_Driver/Src/stm32f4xx_ll_sdmmc.c ****   *          functionalities of the SDMMC peripheral:
  11:Drivers/STM32F4xx_HAL_Driver/Src/stm32f4xx_ll_sdmmc.c ****   *           + Initialization/de-initialization functions
  12:Drivers/STM32F4xx_HAL_Driver/Src/stm32f4xx_ll_sdmmc.c ****   *           + I/O operation functions
  13:Drivers/STM32F4xx_HAL_Driver/Src/stm32f4xx_ll_sdmmc.c ****   *           + Peripheral Control functions 
  14:Drivers/STM32F4xx_HAL_Driver/Src/stm32f4xx_ll_sdmmc.c ****   *           + Peripheral State functions
  15:Drivers/STM32F4xx_HAL_Driver/Src/stm32f4xx_ll_sdmmc.c ****   *         
  16:Drivers/STM32F4xx_HAL_Driver/Src/stm32f4xx_ll_sdmmc.c ****   @verbatim
  17:Drivers/STM32F4xx_HAL_Driver/Src/stm32f4xx_ll_sdmmc.c ****   ==============================================================================
  18:Drivers/STM32F4xx_HAL_Driver/Src/stm32f4xx_ll_sdmmc.c ****                        ##### SDMMC peripheral features #####
  19:Drivers/STM32F4xx_HAL_Driver/Src/stm32f4xx_ll_sdmmc.c ****   ==============================================================================        
  20:Drivers/STM32F4xx_HAL_Driver/Src/stm32f4xx_ll_sdmmc.c ****     [..] The SD/SDIO MMC card host interface (SDIO) provides an interface between the APB2
  21:Drivers/STM32F4xx_HAL_Driver/Src/stm32f4xx_ll_sdmmc.c ****          peripheral bus and MultiMedia cards (MMCs), SD memory cards, SDIO cards and CE-ATA
  22:Drivers/STM32F4xx_HAL_Driver/Src/stm32f4xx_ll_sdmmc.c ****          devices.
  23:Drivers/STM32F4xx_HAL_Driver/Src/stm32f4xx_ll_sdmmc.c **** 
  24:Drivers/STM32F4xx_HAL_Driver/Src/stm32f4xx_ll_sdmmc.c ****     [..] The SDIO features include the following:
  25:Drivers/STM32F4xx_HAL_Driver/Src/stm32f4xx_ll_sdmmc.c ****          (+) Full compliance with MultiMedia Card System Specification Version 4.2. Card support
  26:Drivers/STM32F4xx_HAL_Driver/Src/stm32f4xx_ll_sdmmc.c ****              for three different databus modes: 1-bit (default), 4-bit and 8-bit
  27:Drivers/STM32F4xx_HAL_Driver/Src/stm32f4xx_ll_sdmmc.c ****          (+) Full compatibility with previous versions of MultiMedia Cards (forward compatibility)
  28:Drivers/STM32F4xx_HAL_Driver/Src/stm32f4xx_ll_sdmmc.c ****          (+) Full compliance with SD Memory Card Specifications Version 2.0
  29:Drivers/STM32F4xx_HAL_Driver/Src/stm32f4xx_ll_sdmmc.c ****          (+) Full compliance with SD I/O Card Specification Version 2.0: card support for two
  30:Drivers/STM32F4xx_HAL_Driver/Src/stm32f4xx_ll_sdmmc.c ****              different data bus modes: 1-bit (default) and 4-bit
ARM GAS  /tmp/ccq7EGH5.s 			page 2


  31:Drivers/STM32F4xx_HAL_Driver/Src/stm32f4xx_ll_sdmmc.c ****          (+) Full support of the CE-ATA features (full compliance with CE-ATA digital protocol
  32:Drivers/STM32F4xx_HAL_Driver/Src/stm32f4xx_ll_sdmmc.c ****              Rev1.1)
  33:Drivers/STM32F4xx_HAL_Driver/Src/stm32f4xx_ll_sdmmc.c ****          (+) Data transfer up to 48 MHz for the 8 bit mode
  34:Drivers/STM32F4xx_HAL_Driver/Src/stm32f4xx_ll_sdmmc.c ****          (+) Data and command output enable signals to control external bidirectional drivers.
  35:Drivers/STM32F4xx_HAL_Driver/Src/stm32f4xx_ll_sdmmc.c ****                  
  36:Drivers/STM32F4xx_HAL_Driver/Src/stm32f4xx_ll_sdmmc.c ****    
  37:Drivers/STM32F4xx_HAL_Driver/Src/stm32f4xx_ll_sdmmc.c ****                            ##### How to use this driver #####
  38:Drivers/STM32F4xx_HAL_Driver/Src/stm32f4xx_ll_sdmmc.c ****   ==============================================================================
  39:Drivers/STM32F4xx_HAL_Driver/Src/stm32f4xx_ll_sdmmc.c ****     [..]
  40:Drivers/STM32F4xx_HAL_Driver/Src/stm32f4xx_ll_sdmmc.c ****       This driver is a considered as a driver of service for external devices drivers 
  41:Drivers/STM32F4xx_HAL_Driver/Src/stm32f4xx_ll_sdmmc.c ****       that interfaces with the SDIO peripheral.
  42:Drivers/STM32F4xx_HAL_Driver/Src/stm32f4xx_ll_sdmmc.c ****       According to the device used (SD card/ MMC card / SDIO card ...), a set of APIs 
  43:Drivers/STM32F4xx_HAL_Driver/Src/stm32f4xx_ll_sdmmc.c ****       is used in the device's driver to perform SDIO operations and functionalities.
  44:Drivers/STM32F4xx_HAL_Driver/Src/stm32f4xx_ll_sdmmc.c ****    
  45:Drivers/STM32F4xx_HAL_Driver/Src/stm32f4xx_ll_sdmmc.c ****       This driver is almost transparent for the final user, it is only used to implement other
  46:Drivers/STM32F4xx_HAL_Driver/Src/stm32f4xx_ll_sdmmc.c ****       functionalities of the external device.
  47:Drivers/STM32F4xx_HAL_Driver/Src/stm32f4xx_ll_sdmmc.c ****    
  48:Drivers/STM32F4xx_HAL_Driver/Src/stm32f4xx_ll_sdmmc.c ****     [..]
  49:Drivers/STM32F4xx_HAL_Driver/Src/stm32f4xx_ll_sdmmc.c ****       (+) The SDIO clock (SDIOCLK = 48 MHz) is coming from a specific output of PLL 
  50:Drivers/STM32F4xx_HAL_Driver/Src/stm32f4xx_ll_sdmmc.c ****           (PLL48CLK). Before start working with SDIO peripheral make sure that the
  51:Drivers/STM32F4xx_HAL_Driver/Src/stm32f4xx_ll_sdmmc.c ****           PLL is well configured.
  52:Drivers/STM32F4xx_HAL_Driver/Src/stm32f4xx_ll_sdmmc.c ****           The SDIO peripheral uses two clock signals:
  53:Drivers/STM32F4xx_HAL_Driver/Src/stm32f4xx_ll_sdmmc.c ****           (++) SDIO adapter clock (SDIOCLK = 48 MHz)
  54:Drivers/STM32F4xx_HAL_Driver/Src/stm32f4xx_ll_sdmmc.c ****           (++) APB2 bus clock (PCLK2)
  55:Drivers/STM32F4xx_HAL_Driver/Src/stm32f4xx_ll_sdmmc.c ****        
  56:Drivers/STM32F4xx_HAL_Driver/Src/stm32f4xx_ll_sdmmc.c ****           -@@- PCLK2 and SDIO_CK clock frequencies must respect the following condition:
  57:Drivers/STM32F4xx_HAL_Driver/Src/stm32f4xx_ll_sdmmc.c ****                Frequency(PCLK2) >= (3 / 8 x Frequency(SDIO_CK))
  58:Drivers/STM32F4xx_HAL_Driver/Src/stm32f4xx_ll_sdmmc.c ****   
  59:Drivers/STM32F4xx_HAL_Driver/Src/stm32f4xx_ll_sdmmc.c ****       (+) Enable/Disable peripheral clock using RCC peripheral macros related to SDIO
  60:Drivers/STM32F4xx_HAL_Driver/Src/stm32f4xx_ll_sdmmc.c ****           peripheral.
  61:Drivers/STM32F4xx_HAL_Driver/Src/stm32f4xx_ll_sdmmc.c **** 
  62:Drivers/STM32F4xx_HAL_Driver/Src/stm32f4xx_ll_sdmmc.c ****       (+) Enable the Power ON State using the SDIO_PowerState_ON(SDIOx) 
  63:Drivers/STM32F4xx_HAL_Driver/Src/stm32f4xx_ll_sdmmc.c ****           function and disable it using the function SDIO_PowerState_OFF(SDIOx).
  64:Drivers/STM32F4xx_HAL_Driver/Src/stm32f4xx_ll_sdmmc.c ****                 
  65:Drivers/STM32F4xx_HAL_Driver/Src/stm32f4xx_ll_sdmmc.c ****       (+) Enable/Disable the clock using the __SDIO_ENABLE()/__SDIO_DISABLE() macros.
  66:Drivers/STM32F4xx_HAL_Driver/Src/stm32f4xx_ll_sdmmc.c ****   
  67:Drivers/STM32F4xx_HAL_Driver/Src/stm32f4xx_ll_sdmmc.c ****       (+) Enable/Disable the peripheral interrupts using the macros __SDIO_ENABLE_IT(hsdio, IT) 
  68:Drivers/STM32F4xx_HAL_Driver/Src/stm32f4xx_ll_sdmmc.c ****           and __SDIO_DISABLE_IT(hsdio, IT) if you need to use interrupt mode. 
  69:Drivers/STM32F4xx_HAL_Driver/Src/stm32f4xx_ll_sdmmc.c ****   
  70:Drivers/STM32F4xx_HAL_Driver/Src/stm32f4xx_ll_sdmmc.c ****       (+) When using the DMA mode 
  71:Drivers/STM32F4xx_HAL_Driver/Src/stm32f4xx_ll_sdmmc.c ****           (++) Configure the DMA in the MSP layer of the external device
  72:Drivers/STM32F4xx_HAL_Driver/Src/stm32f4xx_ll_sdmmc.c ****           (++) Active the needed channel Request 
  73:Drivers/STM32F4xx_HAL_Driver/Src/stm32f4xx_ll_sdmmc.c ****           (++) Enable the DMA using __SDIO_DMA_ENABLE() macro or Disable it using the macro
  74:Drivers/STM32F4xx_HAL_Driver/Src/stm32f4xx_ll_sdmmc.c ****                __SDIO_DMA_DISABLE().
  75:Drivers/STM32F4xx_HAL_Driver/Src/stm32f4xx_ll_sdmmc.c ****   
  76:Drivers/STM32F4xx_HAL_Driver/Src/stm32f4xx_ll_sdmmc.c ****       (+) To control the CPSM (Command Path State Machine) and send 
  77:Drivers/STM32F4xx_HAL_Driver/Src/stm32f4xx_ll_sdmmc.c ****           commands to the card use the SDIO_SendCommand(SDIOx), 
  78:Drivers/STM32F4xx_HAL_Driver/Src/stm32f4xx_ll_sdmmc.c ****           SDIO_GetCommandResponse() and SDIO_GetResponse() functions. First, user has
  79:Drivers/STM32F4xx_HAL_Driver/Src/stm32f4xx_ll_sdmmc.c ****           to fill the command structure (pointer to SDIO_CmdInitTypeDef) according 
  80:Drivers/STM32F4xx_HAL_Driver/Src/stm32f4xx_ll_sdmmc.c ****           to the selected command to be sent.
  81:Drivers/STM32F4xx_HAL_Driver/Src/stm32f4xx_ll_sdmmc.c ****           The parameters that should be filled are:
  82:Drivers/STM32F4xx_HAL_Driver/Src/stm32f4xx_ll_sdmmc.c ****            (++) Command Argument
  83:Drivers/STM32F4xx_HAL_Driver/Src/stm32f4xx_ll_sdmmc.c ****            (++) Command Index
  84:Drivers/STM32F4xx_HAL_Driver/Src/stm32f4xx_ll_sdmmc.c ****            (++) Command Response type
  85:Drivers/STM32F4xx_HAL_Driver/Src/stm32f4xx_ll_sdmmc.c ****            (++) Command Wait
  86:Drivers/STM32F4xx_HAL_Driver/Src/stm32f4xx_ll_sdmmc.c ****            (++) CPSM Status (Enable or Disable).
  87:Drivers/STM32F4xx_HAL_Driver/Src/stm32f4xx_ll_sdmmc.c ****   
ARM GAS  /tmp/ccq7EGH5.s 			page 3


  88:Drivers/STM32F4xx_HAL_Driver/Src/stm32f4xx_ll_sdmmc.c ****           -@@- To check if the command is well received, read the SDIO_CMDRESP
  89:Drivers/STM32F4xx_HAL_Driver/Src/stm32f4xx_ll_sdmmc.c ****               register using the SDIO_GetCommandResponse().
  90:Drivers/STM32F4xx_HAL_Driver/Src/stm32f4xx_ll_sdmmc.c ****               The SDIO responses registers (SDIO_RESP1 to SDIO_RESP2), use the
  91:Drivers/STM32F4xx_HAL_Driver/Src/stm32f4xx_ll_sdmmc.c ****               SDIO_GetResponse() function.
  92:Drivers/STM32F4xx_HAL_Driver/Src/stm32f4xx_ll_sdmmc.c ****   
  93:Drivers/STM32F4xx_HAL_Driver/Src/stm32f4xx_ll_sdmmc.c ****       (+) To control the DPSM (Data Path State Machine) and send/receive 
  94:Drivers/STM32F4xx_HAL_Driver/Src/stm32f4xx_ll_sdmmc.c ****            data to/from the card use the SDIO_DataConfig(), SDIO_GetDataCounter(), 
  95:Drivers/STM32F4xx_HAL_Driver/Src/stm32f4xx_ll_sdmmc.c ****           SDIO_ReadFIFO(), DIO_WriteFIFO() and SDIO_GetFIFOCount() functions.
  96:Drivers/STM32F4xx_HAL_Driver/Src/stm32f4xx_ll_sdmmc.c ****   
  97:Drivers/STM32F4xx_HAL_Driver/Src/stm32f4xx_ll_sdmmc.c ****     *** Read Operations ***
  98:Drivers/STM32F4xx_HAL_Driver/Src/stm32f4xx_ll_sdmmc.c ****     =======================
  99:Drivers/STM32F4xx_HAL_Driver/Src/stm32f4xx_ll_sdmmc.c ****     [..]
 100:Drivers/STM32F4xx_HAL_Driver/Src/stm32f4xx_ll_sdmmc.c ****       (#) First, user has to fill the data structure (pointer to
 101:Drivers/STM32F4xx_HAL_Driver/Src/stm32f4xx_ll_sdmmc.c ****           SDIO_DataInitTypeDef) according to the selected data type to be received.
 102:Drivers/STM32F4xx_HAL_Driver/Src/stm32f4xx_ll_sdmmc.c ****           The parameters that should be filled are:
 103:Drivers/STM32F4xx_HAL_Driver/Src/stm32f4xx_ll_sdmmc.c ****            (++) Data Timeout
 104:Drivers/STM32F4xx_HAL_Driver/Src/stm32f4xx_ll_sdmmc.c ****            (++) Data Length
 105:Drivers/STM32F4xx_HAL_Driver/Src/stm32f4xx_ll_sdmmc.c ****            (++) Data Block size
 106:Drivers/STM32F4xx_HAL_Driver/Src/stm32f4xx_ll_sdmmc.c ****            (++) Data Transfer direction: should be from card (To SDIO)
 107:Drivers/STM32F4xx_HAL_Driver/Src/stm32f4xx_ll_sdmmc.c ****            (++) Data Transfer mode
 108:Drivers/STM32F4xx_HAL_Driver/Src/stm32f4xx_ll_sdmmc.c ****            (++) DPSM Status (Enable or Disable)
 109:Drivers/STM32F4xx_HAL_Driver/Src/stm32f4xx_ll_sdmmc.c ****                                      
 110:Drivers/STM32F4xx_HAL_Driver/Src/stm32f4xx_ll_sdmmc.c ****       (#) Configure the SDIO resources to receive the data from the card
 111:Drivers/STM32F4xx_HAL_Driver/Src/stm32f4xx_ll_sdmmc.c ****           according to selected transfer mode (Refer to Step 8, 9 and 10).
 112:Drivers/STM32F4xx_HAL_Driver/Src/stm32f4xx_ll_sdmmc.c ****   
 113:Drivers/STM32F4xx_HAL_Driver/Src/stm32f4xx_ll_sdmmc.c ****       (#) Send the selected Read command (refer to step 11).
 114:Drivers/STM32F4xx_HAL_Driver/Src/stm32f4xx_ll_sdmmc.c ****                     
 115:Drivers/STM32F4xx_HAL_Driver/Src/stm32f4xx_ll_sdmmc.c ****       (#) Use the SDIO flags/interrupts to check the transfer status.
 116:Drivers/STM32F4xx_HAL_Driver/Src/stm32f4xx_ll_sdmmc.c ****   
 117:Drivers/STM32F4xx_HAL_Driver/Src/stm32f4xx_ll_sdmmc.c ****     *** Write Operations ***
 118:Drivers/STM32F4xx_HAL_Driver/Src/stm32f4xx_ll_sdmmc.c ****     ========================
 119:Drivers/STM32F4xx_HAL_Driver/Src/stm32f4xx_ll_sdmmc.c ****     [..]
 120:Drivers/STM32F4xx_HAL_Driver/Src/stm32f4xx_ll_sdmmc.c ****      (#) First, user has to fill the data structure (pointer to
 121:Drivers/STM32F4xx_HAL_Driver/Src/stm32f4xx_ll_sdmmc.c ****          SDIO_DataInitTypeDef) according to the selected data type to be received.
 122:Drivers/STM32F4xx_HAL_Driver/Src/stm32f4xx_ll_sdmmc.c ****          The parameters that should be filled are:
 123:Drivers/STM32F4xx_HAL_Driver/Src/stm32f4xx_ll_sdmmc.c ****           (++) Data Timeout
 124:Drivers/STM32F4xx_HAL_Driver/Src/stm32f4xx_ll_sdmmc.c ****           (++) Data Length
 125:Drivers/STM32F4xx_HAL_Driver/Src/stm32f4xx_ll_sdmmc.c ****           (++) Data Block size
 126:Drivers/STM32F4xx_HAL_Driver/Src/stm32f4xx_ll_sdmmc.c ****           (++) Data Transfer direction:  should be to card (To CARD)
 127:Drivers/STM32F4xx_HAL_Driver/Src/stm32f4xx_ll_sdmmc.c ****           (++) Data Transfer mode
 128:Drivers/STM32F4xx_HAL_Driver/Src/stm32f4xx_ll_sdmmc.c ****           (++) DPSM Status (Enable or Disable)
 129:Drivers/STM32F4xx_HAL_Driver/Src/stm32f4xx_ll_sdmmc.c ****   
 130:Drivers/STM32F4xx_HAL_Driver/Src/stm32f4xx_ll_sdmmc.c ****      (#) Configure the SDIO resources to send the data to the card according to 
 131:Drivers/STM32F4xx_HAL_Driver/Src/stm32f4xx_ll_sdmmc.c ****          selected transfer mode.
 132:Drivers/STM32F4xx_HAL_Driver/Src/stm32f4xx_ll_sdmmc.c ****                      
 133:Drivers/STM32F4xx_HAL_Driver/Src/stm32f4xx_ll_sdmmc.c ****      (#) Send the selected Write command.
 134:Drivers/STM32F4xx_HAL_Driver/Src/stm32f4xx_ll_sdmmc.c ****                     
 135:Drivers/STM32F4xx_HAL_Driver/Src/stm32f4xx_ll_sdmmc.c ****      (#) Use the SDIO flags/interrupts to check the transfer status.
 136:Drivers/STM32F4xx_HAL_Driver/Src/stm32f4xx_ll_sdmmc.c ****   
 137:Drivers/STM32F4xx_HAL_Driver/Src/stm32f4xx_ll_sdmmc.c ****   @endverbatim
 138:Drivers/STM32F4xx_HAL_Driver/Src/stm32f4xx_ll_sdmmc.c ****   ******************************************************************************
 139:Drivers/STM32F4xx_HAL_Driver/Src/stm32f4xx_ll_sdmmc.c ****   * @attention
 140:Drivers/STM32F4xx_HAL_Driver/Src/stm32f4xx_ll_sdmmc.c ****   *
 141:Drivers/STM32F4xx_HAL_Driver/Src/stm32f4xx_ll_sdmmc.c ****   * <h2><center>&copy; COPYRIGHT(c) 2016 STMicroelectronics</center></h2>
 142:Drivers/STM32F4xx_HAL_Driver/Src/stm32f4xx_ll_sdmmc.c ****   *
 143:Drivers/STM32F4xx_HAL_Driver/Src/stm32f4xx_ll_sdmmc.c ****   * Redistribution and use in source and binary forms, with or without modification,
 144:Drivers/STM32F4xx_HAL_Driver/Src/stm32f4xx_ll_sdmmc.c ****   * are permitted provided that the following conditions are met:
ARM GAS  /tmp/ccq7EGH5.s 			page 4


 145:Drivers/STM32F4xx_HAL_Driver/Src/stm32f4xx_ll_sdmmc.c ****   *   1. Redistributions of source code must retain the above copyright notice,
 146:Drivers/STM32F4xx_HAL_Driver/Src/stm32f4xx_ll_sdmmc.c ****   *      this list of conditions and the following disclaimer.
 147:Drivers/STM32F4xx_HAL_Driver/Src/stm32f4xx_ll_sdmmc.c ****   *   2. Redistributions in binary form must reproduce the above copyright notice,
 148:Drivers/STM32F4xx_HAL_Driver/Src/stm32f4xx_ll_sdmmc.c ****   *      this list of conditions and the following disclaimer in the documentation
 149:Drivers/STM32F4xx_HAL_Driver/Src/stm32f4xx_ll_sdmmc.c ****   *      and/or other materials provided with the distribution.
 150:Drivers/STM32F4xx_HAL_Driver/Src/stm32f4xx_ll_sdmmc.c ****   *   3. Neither the name of STMicroelectronics nor the names of its contributors
 151:Drivers/STM32F4xx_HAL_Driver/Src/stm32f4xx_ll_sdmmc.c ****   *      may be used to endorse or promote products derived from this software
 152:Drivers/STM32F4xx_HAL_Driver/Src/stm32f4xx_ll_sdmmc.c ****   *      without specific prior written permission.
 153:Drivers/STM32F4xx_HAL_Driver/Src/stm32f4xx_ll_sdmmc.c ****   *
 154:Drivers/STM32F4xx_HAL_Driver/Src/stm32f4xx_ll_sdmmc.c ****   * THIS SOFTWARE IS PROVIDED BY THE COPYRIGHT HOLDERS AND CONTRIBUTORS "AS IS"
 155:Drivers/STM32F4xx_HAL_Driver/Src/stm32f4xx_ll_sdmmc.c ****   * AND ANY EXPRESS OR IMPLIED WARRANTIES, INCLUDING, BUT NOT LIMITED TO, THE
 156:Drivers/STM32F4xx_HAL_Driver/Src/stm32f4xx_ll_sdmmc.c ****   * IMPLIED WARRANTIES OF MERCHANTABILITY AND FITNESS FOR A PARTICULAR PURPOSE ARE
 157:Drivers/STM32F4xx_HAL_Driver/Src/stm32f4xx_ll_sdmmc.c ****   * DISCLAIMED. IN NO EVENT SHALL THE COPYRIGHT HOLDER OR CONTRIBUTORS BE LIABLE
 158:Drivers/STM32F4xx_HAL_Driver/Src/stm32f4xx_ll_sdmmc.c ****   * FOR ANY DIRECT, INDIRECT, INCIDENTAL, SPECIAL, EXEMPLARY, OR CONSEQUENTIAL
 159:Drivers/STM32F4xx_HAL_Driver/Src/stm32f4xx_ll_sdmmc.c ****   * DAMAGES (INCLUDING, BUT NOT LIMITED TO, PROCUREMENT OF SUBSTITUTE GOODS OR
 160:Drivers/STM32F4xx_HAL_Driver/Src/stm32f4xx_ll_sdmmc.c ****   * SERVICES; LOSS OF USE, DATA, OR PROFITS; OR BUSINESS INTERRUPTION) HOWEVER
 161:Drivers/STM32F4xx_HAL_Driver/Src/stm32f4xx_ll_sdmmc.c ****   * CAUSED AND ON ANY THEORY OF LIABILITY, WHETHER IN CONTRACT, STRICT LIABILITY,
 162:Drivers/STM32F4xx_HAL_Driver/Src/stm32f4xx_ll_sdmmc.c ****   * OR TORT (INCLUDING NEGLIGENCE OR OTHERWISE) ARISING IN ANY WAY OUT OF THE USE
 163:Drivers/STM32F4xx_HAL_Driver/Src/stm32f4xx_ll_sdmmc.c ****   * OF THIS SOFTWARE, EVEN IF ADVISED OF THE POSSIBILITY OF SUCH DAMAGE.
 164:Drivers/STM32F4xx_HAL_Driver/Src/stm32f4xx_ll_sdmmc.c ****   *
 165:Drivers/STM32F4xx_HAL_Driver/Src/stm32f4xx_ll_sdmmc.c ****   ******************************************************************************
 166:Drivers/STM32F4xx_HAL_Driver/Src/stm32f4xx_ll_sdmmc.c ****   */ 
 167:Drivers/STM32F4xx_HAL_Driver/Src/stm32f4xx_ll_sdmmc.c **** 
 168:Drivers/STM32F4xx_HAL_Driver/Src/stm32f4xx_ll_sdmmc.c **** /* Includes ------------------------------------------------------------------*/
 169:Drivers/STM32F4xx_HAL_Driver/Src/stm32f4xx_ll_sdmmc.c **** #include "stm32f4xx_hal.h"
 170:Drivers/STM32F4xx_HAL_Driver/Src/stm32f4xx_ll_sdmmc.c **** 
 171:Drivers/STM32F4xx_HAL_Driver/Src/stm32f4xx_ll_sdmmc.c **** /** @addtogroup STM32F4xx_HAL_Driver
 172:Drivers/STM32F4xx_HAL_Driver/Src/stm32f4xx_ll_sdmmc.c ****   * @{
 173:Drivers/STM32F4xx_HAL_Driver/Src/stm32f4xx_ll_sdmmc.c ****   */
 174:Drivers/STM32F4xx_HAL_Driver/Src/stm32f4xx_ll_sdmmc.c **** 
 175:Drivers/STM32F4xx_HAL_Driver/Src/stm32f4xx_ll_sdmmc.c **** /** @defgroup SDMMC_LL SDMMC Low Layer
 176:Drivers/STM32F4xx_HAL_Driver/Src/stm32f4xx_ll_sdmmc.c ****   * @brief Low layer module for SD and MMC driver
 177:Drivers/STM32F4xx_HAL_Driver/Src/stm32f4xx_ll_sdmmc.c ****   * @{
 178:Drivers/STM32F4xx_HAL_Driver/Src/stm32f4xx_ll_sdmmc.c ****   */
 179:Drivers/STM32F4xx_HAL_Driver/Src/stm32f4xx_ll_sdmmc.c **** 
 180:Drivers/STM32F4xx_HAL_Driver/Src/stm32f4xx_ll_sdmmc.c **** #if defined(HAL_SD_MODULE_ENABLED) || defined(HAL_MMC_MODULE_ENABLED)
 181:Drivers/STM32F4xx_HAL_Driver/Src/stm32f4xx_ll_sdmmc.c **** #if defined(STM32F405xx) || defined(STM32F415xx) || defined(STM32F407xx) || defined(STM32F417xx) ||
 182:Drivers/STM32F4xx_HAL_Driver/Src/stm32f4xx_ll_sdmmc.c ****     defined(STM32F427xx) || defined(STM32F437xx) || defined(STM32F429xx) || defined(STM32F439xx) ||
 183:Drivers/STM32F4xx_HAL_Driver/Src/stm32f4xx_ll_sdmmc.c ****     defined(STM32F401xC) || defined(STM32F401xE) || defined(STM32F411xE) || defined(STM32F446xx) ||
 184:Drivers/STM32F4xx_HAL_Driver/Src/stm32f4xx_ll_sdmmc.c ****     defined(STM32F469xx) || defined(STM32F479xx) || defined(STM32F412Zx) || defined(STM32F412Vx) ||
 185:Drivers/STM32F4xx_HAL_Driver/Src/stm32f4xx_ll_sdmmc.c ****     defined(STM32F412Rx) || defined(STM32F412Cx) || defined(STM32F413xx) || defined(STM32F423xx)
 186:Drivers/STM32F4xx_HAL_Driver/Src/stm32f4xx_ll_sdmmc.c **** /* Private typedef -----------------------------------------------------------*/
 187:Drivers/STM32F4xx_HAL_Driver/Src/stm32f4xx_ll_sdmmc.c **** /* Private define ------------------------------------------------------------*/
 188:Drivers/STM32F4xx_HAL_Driver/Src/stm32f4xx_ll_sdmmc.c **** /* Private macro -------------------------------------------------------------*/
 189:Drivers/STM32F4xx_HAL_Driver/Src/stm32f4xx_ll_sdmmc.c **** /* Private variables ---------------------------------------------------------*/
 190:Drivers/STM32F4xx_HAL_Driver/Src/stm32f4xx_ll_sdmmc.c **** /* Private function prototypes -----------------------------------------------*/
 191:Drivers/STM32F4xx_HAL_Driver/Src/stm32f4xx_ll_sdmmc.c **** /* Private functions ---------------------------------------------------------*/
 192:Drivers/STM32F4xx_HAL_Driver/Src/stm32f4xx_ll_sdmmc.c **** 
 193:Drivers/STM32F4xx_HAL_Driver/Src/stm32f4xx_ll_sdmmc.c **** /** @defgroup SDMMC_LL_Exported_Functions SDMMC_LL Exported Functions
 194:Drivers/STM32F4xx_HAL_Driver/Src/stm32f4xx_ll_sdmmc.c ****   * @{
 195:Drivers/STM32F4xx_HAL_Driver/Src/stm32f4xx_ll_sdmmc.c ****   */
 196:Drivers/STM32F4xx_HAL_Driver/Src/stm32f4xx_ll_sdmmc.c **** 
 197:Drivers/STM32F4xx_HAL_Driver/Src/stm32f4xx_ll_sdmmc.c **** /** @defgroup HAL_SDMMC_LL_Group1 Initialization/de-initialization functions 
 198:Drivers/STM32F4xx_HAL_Driver/Src/stm32f4xx_ll_sdmmc.c ****  *  @brief    Initialization and Configuration functions 
 199:Drivers/STM32F4xx_HAL_Driver/Src/stm32f4xx_ll_sdmmc.c ****  *
 200:Drivers/STM32F4xx_HAL_Driver/Src/stm32f4xx_ll_sdmmc.c **** @verbatim    
 201:Drivers/STM32F4xx_HAL_Driver/Src/stm32f4xx_ll_sdmmc.c ****  ===============================================================================
ARM GAS  /tmp/ccq7EGH5.s 			page 5


 202:Drivers/STM32F4xx_HAL_Driver/Src/stm32f4xx_ll_sdmmc.c ****               ##### Initialization/de-initialization functions #####
 203:Drivers/STM32F4xx_HAL_Driver/Src/stm32f4xx_ll_sdmmc.c ****  ===============================================================================
 204:Drivers/STM32F4xx_HAL_Driver/Src/stm32f4xx_ll_sdmmc.c ****     [..]  This section provides functions allowing to:
 205:Drivers/STM32F4xx_HAL_Driver/Src/stm32f4xx_ll_sdmmc.c ****  
 206:Drivers/STM32F4xx_HAL_Driver/Src/stm32f4xx_ll_sdmmc.c **** @endverbatim
 207:Drivers/STM32F4xx_HAL_Driver/Src/stm32f4xx_ll_sdmmc.c ****   * @{
 208:Drivers/STM32F4xx_HAL_Driver/Src/stm32f4xx_ll_sdmmc.c ****   */
 209:Drivers/STM32F4xx_HAL_Driver/Src/stm32f4xx_ll_sdmmc.c **** 
 210:Drivers/STM32F4xx_HAL_Driver/Src/stm32f4xx_ll_sdmmc.c **** /**
 211:Drivers/STM32F4xx_HAL_Driver/Src/stm32f4xx_ll_sdmmc.c ****   * @brief  Initializes the SDIO according to the specified
 212:Drivers/STM32F4xx_HAL_Driver/Src/stm32f4xx_ll_sdmmc.c ****   *         parameters in the SDIO_InitTypeDef and create the associated handle.
 213:Drivers/STM32F4xx_HAL_Driver/Src/stm32f4xx_ll_sdmmc.c ****   * @param  SDIOx: Pointer to SDIO register base
 214:Drivers/STM32F4xx_HAL_Driver/Src/stm32f4xx_ll_sdmmc.c ****   * @param  Init: SDIO initialization structure   
 215:Drivers/STM32F4xx_HAL_Driver/Src/stm32f4xx_ll_sdmmc.c ****   * @retval HAL status
 216:Drivers/STM32F4xx_HAL_Driver/Src/stm32f4xx_ll_sdmmc.c ****   */
 217:Drivers/STM32F4xx_HAL_Driver/Src/stm32f4xx_ll_sdmmc.c **** HAL_StatusTypeDef SDIO_Init(SDIO_TypeDef *SDIOx, SDIO_InitTypeDef Init)
 218:Drivers/STM32F4xx_HAL_Driver/Src/stm32f4xx_ll_sdmmc.c **** {
  29              		.loc 1 218 0
  30              		.cfi_startproc
  31              		@ args = 28, pretend = 16, frame = 0
  32              		@ frame_needed = 0, uses_anonymous_args = 0
  33              		@ link register save eliminated.
  34              	.LVL0:
  35 0000 84B0     		sub	sp, sp, #16
  36              	.LCFI0:
  37              		.cfi_def_cfa_offset 16
  38 0002 70B4     		push	{r4, r5, r6}
  39              	.LCFI1:
  40              		.cfi_def_cfa_offset 28
  41              		.cfi_offset 4, -28
  42              		.cfi_offset 5, -24
  43              		.cfi_offset 6, -20
  44              	.LVL1:
  45              		.loc 1 218 0
  46 0004 04AC     		add	r4, sp, #16
  47              	.LVL2:
  48 0006 84E80E00 		stm	r4, {r1, r2, r3}
  49              	.LVL3:
 219:Drivers/STM32F4xx_HAL_Driver/Src/stm32f4xx_ll_sdmmc.c ****   uint32_t tmpreg = 0U; 
 220:Drivers/STM32F4xx_HAL_Driver/Src/stm32f4xx_ll_sdmmc.c **** 
 221:Drivers/STM32F4xx_HAL_Driver/Src/stm32f4xx_ll_sdmmc.c ****   /* Check the parameters */
 222:Drivers/STM32F4xx_HAL_Driver/Src/stm32f4xx_ll_sdmmc.c ****   assert_param(IS_SDIO_ALL_INSTANCE(SDIOx));
 223:Drivers/STM32F4xx_HAL_Driver/Src/stm32f4xx_ll_sdmmc.c ****   assert_param(IS_SDIO_CLOCK_EDGE(Init.ClockEdge)); 
 224:Drivers/STM32F4xx_HAL_Driver/Src/stm32f4xx_ll_sdmmc.c ****   assert_param(IS_SDIO_CLOCK_BYPASS(Init.ClockBypass));
 225:Drivers/STM32F4xx_HAL_Driver/Src/stm32f4xx_ll_sdmmc.c ****   assert_param(IS_SDIO_CLOCK_POWER_SAVE(Init.ClockPowerSave));
 226:Drivers/STM32F4xx_HAL_Driver/Src/stm32f4xx_ll_sdmmc.c ****   assert_param(IS_SDIO_BUS_WIDE(Init.BusWide));
 227:Drivers/STM32F4xx_HAL_Driver/Src/stm32f4xx_ll_sdmmc.c ****   assert_param(IS_SDIO_HARDWARE_FLOW_CONTROL(Init.HardwareFlowControl));
 228:Drivers/STM32F4xx_HAL_Driver/Src/stm32f4xx_ll_sdmmc.c ****   assert_param(IS_SDIO_CLKDIV(Init.ClockDiv));
 229:Drivers/STM32F4xx_HAL_Driver/Src/stm32f4xx_ll_sdmmc.c ****   
 230:Drivers/STM32F4xx_HAL_Driver/Src/stm32f4xx_ll_sdmmc.c ****   /* Set SDIO configuration parameters */
 231:Drivers/STM32F4xx_HAL_Driver/Src/stm32f4xx_ll_sdmmc.c ****   tmpreg |= (Init.ClockEdge           |\
  50              		.loc 1 231 0
  51 000a 059E     		ldr	r6, [sp, #20]
 232:Drivers/STM32F4xx_HAL_Driver/Src/stm32f4xx_ll_sdmmc.c ****              Init.ClockBypass         |\
  52              		.loc 1 232 0
  53 000c 069A     		ldr	r2, [sp, #24]
 233:Drivers/STM32F4xx_HAL_Driver/Src/stm32f4xx_ll_sdmmc.c ****              Init.ClockPowerSave      |\
ARM GAS  /tmp/ccq7EGH5.s 			page 6


  54              		.loc 1 233 0
  55 000e 079D     		ldr	r5, [sp, #28]
 234:Drivers/STM32F4xx_HAL_Driver/Src/stm32f4xx_ll_sdmmc.c ****              Init.BusWide             |\
  56              		.loc 1 234 0
  57 0010 089C     		ldr	r4, [sp, #32]
 231:Drivers/STM32F4xx_HAL_Driver/Src/stm32f4xx_ll_sdmmc.c ****              Init.ClockBypass         |\
  58              		.loc 1 231 0
  59 0012 0B46     		mov	r3, r1
  60 0014 3343     		orrs	r3, r3, r6
 232:Drivers/STM32F4xx_HAL_Driver/Src/stm32f4xx_ll_sdmmc.c ****              Init.ClockPowerSave      |\
  61              		.loc 1 232 0
  62 0016 1343     		orrs	r3, r3, r2
 233:Drivers/STM32F4xx_HAL_Driver/Src/stm32f4xx_ll_sdmmc.c ****              Init.BusWide             |\
  63              		.loc 1 233 0
  64 0018 2B43     		orrs	r3, r3, r5
 235:Drivers/STM32F4xx_HAL_Driver/Src/stm32f4xx_ll_sdmmc.c ****              Init.HardwareFlowControl |\
 236:Drivers/STM32F4xx_HAL_Driver/Src/stm32f4xx_ll_sdmmc.c ****              Init.ClockDiv
 237:Drivers/STM32F4xx_HAL_Driver/Src/stm32f4xx_ll_sdmmc.c ****              ); 
 238:Drivers/STM32F4xx_HAL_Driver/Src/stm32f4xx_ll_sdmmc.c ****   
 239:Drivers/STM32F4xx_HAL_Driver/Src/stm32f4xx_ll_sdmmc.c ****   /* Write to SDIO CLKCR */
 240:Drivers/STM32F4xx_HAL_Driver/Src/stm32f4xx_ll_sdmmc.c ****   MODIFY_REG(SDIOx->CLKCR, CLKCR_CLEAR_MASK, tmpreg);  
  65              		.loc 1 240 0
  66 001a 4268     		ldr	r2, [r0, #4]
 235:Drivers/STM32F4xx_HAL_Driver/Src/stm32f4xx_ll_sdmmc.c ****              Init.HardwareFlowControl |\
  67              		.loc 1 235 0
  68 001c 0999     		ldr	r1, [sp, #36]
 234:Drivers/STM32F4xx_HAL_Driver/Src/stm32f4xx_ll_sdmmc.c ****              Init.HardwareFlowControl |\
  69              		.loc 1 234 0
  70 001e 2343     		orrs	r3, r3, r4
 241:Drivers/STM32F4xx_HAL_Driver/Src/stm32f4xx_ll_sdmmc.c **** 
 242:Drivers/STM32F4xx_HAL_Driver/Src/stm32f4xx_ll_sdmmc.c ****   return HAL_OK;
 243:Drivers/STM32F4xx_HAL_Driver/Src/stm32f4xx_ll_sdmmc.c **** }
  71              		.loc 1 243 0
  72 0020 70BC     		pop	{r4, r5, r6}
  73              	.LCFI2:
  74              		.cfi_restore 6
  75              		.cfi_restore 5
  76              		.cfi_restore 4
  77              		.cfi_def_cfa_offset 16
 240:Drivers/STM32F4xx_HAL_Driver/Src/stm32f4xx_ll_sdmmc.c **** 
  78              		.loc 1 240 0
  79 0022 22F4FD42 		bic	r2, r2, #32384
 235:Drivers/STM32F4xx_HAL_Driver/Src/stm32f4xx_ll_sdmmc.c ****              Init.ClockDiv
  80              		.loc 1 235 0
  81 0026 0B43     		orrs	r3, r3, r1
 240:Drivers/STM32F4xx_HAL_Driver/Src/stm32f4xx_ll_sdmmc.c **** 
  82              		.loc 1 240 0
  83 0028 22F07F02 		bic	r2, r2, #127
  84 002c 1343     		orrs	r3, r3, r2
  85 002e 4360     		str	r3, [r0, #4]
  86              		.loc 1 243 0
  87 0030 04B0     		add	sp, sp, #16
  88              	.LCFI3:
  89              		.cfi_def_cfa_offset 0
  90 0032 0020     		movs	r0, #0
  91              	.LVL4:
  92 0034 7047     		bx	lr
ARM GAS  /tmp/ccq7EGH5.s 			page 7


  93              		.cfi_endproc
  94              	.LFE126:
  96 0036 00BF     		.section	.text.SDIO_ReadFIFO,"ax",%progbits
  97              		.align	1
  98              		.p2align 2,,3
  99              		.global	SDIO_ReadFIFO
 100              		.syntax unified
 101              		.thumb
 102              		.thumb_func
 103              		.fpu fpv4-sp-d16
 105              	SDIO_ReadFIFO:
 106              	.LFB140:
 107              		.cfi_startproc
 108              		@ args = 0, pretend = 0, frame = 0
 109              		@ frame_needed = 0, uses_anonymous_args = 0
 110              		@ link register save eliminated.
 111 0000 D0F88000 		ldr	r0, [r0, #128]
 112 0004 7047     		bx	lr
 113              		.cfi_endproc
 114              	.LFE140:
 116 0006 00BF     		.section	.text.SDIO_WriteFIFO,"ax",%progbits
 117              		.align	1
 118              		.p2align 2,,3
 119              		.global	SDIO_WriteFIFO
 120              		.syntax unified
 121              		.thumb
 122              		.thumb_func
 123              		.fpu fpv4-sp-d16
 125              	SDIO_WriteFIFO:
 126              	.LFB128:
 244:Drivers/STM32F4xx_HAL_Driver/Src/stm32f4xx_ll_sdmmc.c **** 
 245:Drivers/STM32F4xx_HAL_Driver/Src/stm32f4xx_ll_sdmmc.c **** /**
 246:Drivers/STM32F4xx_HAL_Driver/Src/stm32f4xx_ll_sdmmc.c ****   * @}
 247:Drivers/STM32F4xx_HAL_Driver/Src/stm32f4xx_ll_sdmmc.c ****   */
 248:Drivers/STM32F4xx_HAL_Driver/Src/stm32f4xx_ll_sdmmc.c **** 
 249:Drivers/STM32F4xx_HAL_Driver/Src/stm32f4xx_ll_sdmmc.c **** /** @defgroup HAL_SDMMC_LL_Group2 I/O operation functions 
 250:Drivers/STM32F4xx_HAL_Driver/Src/stm32f4xx_ll_sdmmc.c ****  *  @brief   Data transfers functions 
 251:Drivers/STM32F4xx_HAL_Driver/Src/stm32f4xx_ll_sdmmc.c ****  *
 252:Drivers/STM32F4xx_HAL_Driver/Src/stm32f4xx_ll_sdmmc.c **** @verbatim   
 253:Drivers/STM32F4xx_HAL_Driver/Src/stm32f4xx_ll_sdmmc.c ****  ===============================================================================
 254:Drivers/STM32F4xx_HAL_Driver/Src/stm32f4xx_ll_sdmmc.c ****                       ##### I/O operation functions #####
 255:Drivers/STM32F4xx_HAL_Driver/Src/stm32f4xx_ll_sdmmc.c ****  ===============================================================================  
 256:Drivers/STM32F4xx_HAL_Driver/Src/stm32f4xx_ll_sdmmc.c ****     [..]
 257:Drivers/STM32F4xx_HAL_Driver/Src/stm32f4xx_ll_sdmmc.c ****     This subsection provides a set of functions allowing to manage the SDIO data 
 258:Drivers/STM32F4xx_HAL_Driver/Src/stm32f4xx_ll_sdmmc.c ****     transfers.
 259:Drivers/STM32F4xx_HAL_Driver/Src/stm32f4xx_ll_sdmmc.c **** 
 260:Drivers/STM32F4xx_HAL_Driver/Src/stm32f4xx_ll_sdmmc.c **** @endverbatim
 261:Drivers/STM32F4xx_HAL_Driver/Src/stm32f4xx_ll_sdmmc.c ****   * @{
 262:Drivers/STM32F4xx_HAL_Driver/Src/stm32f4xx_ll_sdmmc.c ****   */
 263:Drivers/STM32F4xx_HAL_Driver/Src/stm32f4xx_ll_sdmmc.c **** 
 264:Drivers/STM32F4xx_HAL_Driver/Src/stm32f4xx_ll_sdmmc.c **** /**
 265:Drivers/STM32F4xx_HAL_Driver/Src/stm32f4xx_ll_sdmmc.c ****   * @brief  Read data (word) from Rx FIFO in blocking mode (polling) 
 266:Drivers/STM32F4xx_HAL_Driver/Src/stm32f4xx_ll_sdmmc.c ****   * @param  SDIOx: Pointer to SDIO register base
 267:Drivers/STM32F4xx_HAL_Driver/Src/stm32f4xx_ll_sdmmc.c ****   * @retval HAL status
 268:Drivers/STM32F4xx_HAL_Driver/Src/stm32f4xx_ll_sdmmc.c ****   */
 269:Drivers/STM32F4xx_HAL_Driver/Src/stm32f4xx_ll_sdmmc.c **** uint32_t SDIO_ReadFIFO(SDIO_TypeDef *SDIOx)
 270:Drivers/STM32F4xx_HAL_Driver/Src/stm32f4xx_ll_sdmmc.c **** {
ARM GAS  /tmp/ccq7EGH5.s 			page 8


 271:Drivers/STM32F4xx_HAL_Driver/Src/stm32f4xx_ll_sdmmc.c ****   /* Read data from Rx FIFO */ 
 272:Drivers/STM32F4xx_HAL_Driver/Src/stm32f4xx_ll_sdmmc.c ****   return (SDIOx->FIFO);
 273:Drivers/STM32F4xx_HAL_Driver/Src/stm32f4xx_ll_sdmmc.c **** }
 274:Drivers/STM32F4xx_HAL_Driver/Src/stm32f4xx_ll_sdmmc.c **** 
 275:Drivers/STM32F4xx_HAL_Driver/Src/stm32f4xx_ll_sdmmc.c **** /**
 276:Drivers/STM32F4xx_HAL_Driver/Src/stm32f4xx_ll_sdmmc.c ****   * @brief  Write data (word) to Tx FIFO in blocking mode (polling) 
 277:Drivers/STM32F4xx_HAL_Driver/Src/stm32f4xx_ll_sdmmc.c ****   * @param  SDIOx: Pointer to SDIO register base
 278:Drivers/STM32F4xx_HAL_Driver/Src/stm32f4xx_ll_sdmmc.c ****   * @param  pWriteData: pointer to data to write
 279:Drivers/STM32F4xx_HAL_Driver/Src/stm32f4xx_ll_sdmmc.c ****   * @retval HAL status
 280:Drivers/STM32F4xx_HAL_Driver/Src/stm32f4xx_ll_sdmmc.c ****   */
 281:Drivers/STM32F4xx_HAL_Driver/Src/stm32f4xx_ll_sdmmc.c **** HAL_StatusTypeDef SDIO_WriteFIFO(SDIO_TypeDef *SDIOx, uint32_t *pWriteData)
 282:Drivers/STM32F4xx_HAL_Driver/Src/stm32f4xx_ll_sdmmc.c **** { 
 127              		.loc 1 282 0
 128              		.cfi_startproc
 129              		@ args = 0, pretend = 0, frame = 0
 130              		@ frame_needed = 0, uses_anonymous_args = 0
 131              		@ link register save eliminated.
 132              	.LVL5:
 283:Drivers/STM32F4xx_HAL_Driver/Src/stm32f4xx_ll_sdmmc.c ****   /* Write data to FIFO */ 
 284:Drivers/STM32F4xx_HAL_Driver/Src/stm32f4xx_ll_sdmmc.c ****   SDIOx->FIFO = *pWriteData;
 133              		.loc 1 284 0
 134 0000 0B68     		ldr	r3, [r1]
 135 0002 C0F88030 		str	r3, [r0, #128]
 285:Drivers/STM32F4xx_HAL_Driver/Src/stm32f4xx_ll_sdmmc.c **** 
 286:Drivers/STM32F4xx_HAL_Driver/Src/stm32f4xx_ll_sdmmc.c ****   return HAL_OK;
 287:Drivers/STM32F4xx_HAL_Driver/Src/stm32f4xx_ll_sdmmc.c **** }
 136              		.loc 1 287 0
 137 0006 0020     		movs	r0, #0
 138              	.LVL6:
 139 0008 7047     		bx	lr
 140              		.cfi_endproc
 141              	.LFE128:
 143 000a 00BF     		.section	.text.SDIO_PowerState_ON,"ax",%progbits
 144              		.align	1
 145              		.p2align 2,,3
 146              		.global	SDIO_PowerState_ON
 147              		.syntax unified
 148              		.thumb
 149              		.thumb_func
 150              		.fpu fpv4-sp-d16
 152              	SDIO_PowerState_ON:
 153              	.LFB129:
 288:Drivers/STM32F4xx_HAL_Driver/Src/stm32f4xx_ll_sdmmc.c **** 
 289:Drivers/STM32F4xx_HAL_Driver/Src/stm32f4xx_ll_sdmmc.c **** /**
 290:Drivers/STM32F4xx_HAL_Driver/Src/stm32f4xx_ll_sdmmc.c ****   * @}
 291:Drivers/STM32F4xx_HAL_Driver/Src/stm32f4xx_ll_sdmmc.c ****   */
 292:Drivers/STM32F4xx_HAL_Driver/Src/stm32f4xx_ll_sdmmc.c **** 
 293:Drivers/STM32F4xx_HAL_Driver/Src/stm32f4xx_ll_sdmmc.c **** /** @defgroup HAL_SDMMC_LL_Group3 Peripheral Control functions 
 294:Drivers/STM32F4xx_HAL_Driver/Src/stm32f4xx_ll_sdmmc.c ****  *  @brief   management functions 
 295:Drivers/STM32F4xx_HAL_Driver/Src/stm32f4xx_ll_sdmmc.c ****  *
 296:Drivers/STM32F4xx_HAL_Driver/Src/stm32f4xx_ll_sdmmc.c **** @verbatim   
 297:Drivers/STM32F4xx_HAL_Driver/Src/stm32f4xx_ll_sdmmc.c ****  ===============================================================================
 298:Drivers/STM32F4xx_HAL_Driver/Src/stm32f4xx_ll_sdmmc.c ****                       ##### Peripheral Control functions #####
 299:Drivers/STM32F4xx_HAL_Driver/Src/stm32f4xx_ll_sdmmc.c ****  ===============================================================================  
 300:Drivers/STM32F4xx_HAL_Driver/Src/stm32f4xx_ll_sdmmc.c ****     [..]
 301:Drivers/STM32F4xx_HAL_Driver/Src/stm32f4xx_ll_sdmmc.c ****     This subsection provides a set of functions allowing to control the SDIO data 
 302:Drivers/STM32F4xx_HAL_Driver/Src/stm32f4xx_ll_sdmmc.c ****     transfers.
ARM GAS  /tmp/ccq7EGH5.s 			page 9


 303:Drivers/STM32F4xx_HAL_Driver/Src/stm32f4xx_ll_sdmmc.c **** 
 304:Drivers/STM32F4xx_HAL_Driver/Src/stm32f4xx_ll_sdmmc.c **** @endverbatim
 305:Drivers/STM32F4xx_HAL_Driver/Src/stm32f4xx_ll_sdmmc.c ****   * @{
 306:Drivers/STM32F4xx_HAL_Driver/Src/stm32f4xx_ll_sdmmc.c ****   */
 307:Drivers/STM32F4xx_HAL_Driver/Src/stm32f4xx_ll_sdmmc.c **** 
 308:Drivers/STM32F4xx_HAL_Driver/Src/stm32f4xx_ll_sdmmc.c **** /**
 309:Drivers/STM32F4xx_HAL_Driver/Src/stm32f4xx_ll_sdmmc.c ****   * @brief  Set SDIO Power state to ON. 
 310:Drivers/STM32F4xx_HAL_Driver/Src/stm32f4xx_ll_sdmmc.c ****   * @param  SDIOx: Pointer to SDIO register base
 311:Drivers/STM32F4xx_HAL_Driver/Src/stm32f4xx_ll_sdmmc.c ****   * @retval HAL status
 312:Drivers/STM32F4xx_HAL_Driver/Src/stm32f4xx_ll_sdmmc.c ****   */
 313:Drivers/STM32F4xx_HAL_Driver/Src/stm32f4xx_ll_sdmmc.c **** HAL_StatusTypeDef SDIO_PowerState_ON(SDIO_TypeDef *SDIOx)
 314:Drivers/STM32F4xx_HAL_Driver/Src/stm32f4xx_ll_sdmmc.c **** {  
 154              		.loc 1 314 0
 155              		.cfi_startproc
 156              		@ args = 0, pretend = 0, frame = 0
 157              		@ frame_needed = 0, uses_anonymous_args = 0
 158              		@ link register save eliminated.
 159              	.LVL7:
 315:Drivers/STM32F4xx_HAL_Driver/Src/stm32f4xx_ll_sdmmc.c ****   /* Set power state to ON */ 
 316:Drivers/STM32F4xx_HAL_Driver/Src/stm32f4xx_ll_sdmmc.c ****   SDIOx->POWER = SDIO_POWER_PWRCTRL;
 160              		.loc 1 316 0
 161 0000 0323     		movs	r3, #3
 162 0002 0360     		str	r3, [r0]
 317:Drivers/STM32F4xx_HAL_Driver/Src/stm32f4xx_ll_sdmmc.c ****   
 318:Drivers/STM32F4xx_HAL_Driver/Src/stm32f4xx_ll_sdmmc.c ****   return HAL_OK; 
 319:Drivers/STM32F4xx_HAL_Driver/Src/stm32f4xx_ll_sdmmc.c **** }
 163              		.loc 1 319 0
 164 0004 0020     		movs	r0, #0
 165              	.LVL8:
 166 0006 7047     		bx	lr
 167              		.cfi_endproc
 168              	.LFE129:
 170              		.section	.text.SDIO_PowerState_OFF,"ax",%progbits
 171              		.align	1
 172              		.p2align 2,,3
 173              		.global	SDIO_PowerState_OFF
 174              		.syntax unified
 175              		.thumb
 176              		.thumb_func
 177              		.fpu fpv4-sp-d16
 179              	SDIO_PowerState_OFF:
 180              	.LFB130:
 320:Drivers/STM32F4xx_HAL_Driver/Src/stm32f4xx_ll_sdmmc.c **** 
 321:Drivers/STM32F4xx_HAL_Driver/Src/stm32f4xx_ll_sdmmc.c **** /**
 322:Drivers/STM32F4xx_HAL_Driver/Src/stm32f4xx_ll_sdmmc.c ****   * @brief  Set SDIO Power state to OFF. 
 323:Drivers/STM32F4xx_HAL_Driver/Src/stm32f4xx_ll_sdmmc.c ****   * @param  SDIOx: Pointer to SDIO register base
 324:Drivers/STM32F4xx_HAL_Driver/Src/stm32f4xx_ll_sdmmc.c ****   * @retval HAL status
 325:Drivers/STM32F4xx_HAL_Driver/Src/stm32f4xx_ll_sdmmc.c ****   */
 326:Drivers/STM32F4xx_HAL_Driver/Src/stm32f4xx_ll_sdmmc.c **** HAL_StatusTypeDef SDIO_PowerState_OFF(SDIO_TypeDef *SDIOx)
 327:Drivers/STM32F4xx_HAL_Driver/Src/stm32f4xx_ll_sdmmc.c **** {
 181              		.loc 1 327 0
 182              		.cfi_startproc
 183              		@ args = 0, pretend = 0, frame = 0
 184              		@ frame_needed = 0, uses_anonymous_args = 0
 185              		@ link register save eliminated.
 186              	.LVL9:
 328:Drivers/STM32F4xx_HAL_Driver/Src/stm32f4xx_ll_sdmmc.c ****   /* Set power state to OFF */
ARM GAS  /tmp/ccq7EGH5.s 			page 10


 329:Drivers/STM32F4xx_HAL_Driver/Src/stm32f4xx_ll_sdmmc.c ****   SDIOx->POWER = (uint32_t)0x00000000U;
 187              		.loc 1 329 0
 188 0000 0023     		movs	r3, #0
 189 0002 0360     		str	r3, [r0]
 330:Drivers/STM32F4xx_HAL_Driver/Src/stm32f4xx_ll_sdmmc.c ****   
 331:Drivers/STM32F4xx_HAL_Driver/Src/stm32f4xx_ll_sdmmc.c ****   return HAL_OK;
 332:Drivers/STM32F4xx_HAL_Driver/Src/stm32f4xx_ll_sdmmc.c **** }
 190              		.loc 1 332 0
 191 0004 1846     		mov	r0, r3
 192              	.LVL10:
 193 0006 7047     		bx	lr
 194              		.cfi_endproc
 195              	.LFE130:
 197              		.section	.text.SDIO_GetPowerState,"ax",%progbits
 198              		.align	1
 199              		.p2align 2,,3
 200              		.global	SDIO_GetPowerState
 201              		.syntax unified
 202              		.thumb
 203              		.thumb_func
 204              		.fpu fpv4-sp-d16
 206              	SDIO_GetPowerState:
 207              	.LFB131:
 333:Drivers/STM32F4xx_HAL_Driver/Src/stm32f4xx_ll_sdmmc.c **** 
 334:Drivers/STM32F4xx_HAL_Driver/Src/stm32f4xx_ll_sdmmc.c **** /**
 335:Drivers/STM32F4xx_HAL_Driver/Src/stm32f4xx_ll_sdmmc.c ****   * @brief  Get SDIO Power state. 
 336:Drivers/STM32F4xx_HAL_Driver/Src/stm32f4xx_ll_sdmmc.c ****   * @param  SDIOx: Pointer to SDIO register base
 337:Drivers/STM32F4xx_HAL_Driver/Src/stm32f4xx_ll_sdmmc.c ****   * @retval Power status of the controller. The returned value can be one of the 
 338:Drivers/STM32F4xx_HAL_Driver/Src/stm32f4xx_ll_sdmmc.c ****   *         following values:
 339:Drivers/STM32F4xx_HAL_Driver/Src/stm32f4xx_ll_sdmmc.c ****   *            - 0x00: Power OFF
 340:Drivers/STM32F4xx_HAL_Driver/Src/stm32f4xx_ll_sdmmc.c ****   *            - 0x02: Power UP
 341:Drivers/STM32F4xx_HAL_Driver/Src/stm32f4xx_ll_sdmmc.c ****   *            - 0x03: Power ON 
 342:Drivers/STM32F4xx_HAL_Driver/Src/stm32f4xx_ll_sdmmc.c ****   */
 343:Drivers/STM32F4xx_HAL_Driver/Src/stm32f4xx_ll_sdmmc.c **** uint32_t SDIO_GetPowerState(SDIO_TypeDef *SDIOx)  
 344:Drivers/STM32F4xx_HAL_Driver/Src/stm32f4xx_ll_sdmmc.c **** {
 208              		.loc 1 344 0
 209              		.cfi_startproc
 210              		@ args = 0, pretend = 0, frame = 0
 211              		@ frame_needed = 0, uses_anonymous_args = 0
 212              		@ link register save eliminated.
 213              	.LVL11:
 345:Drivers/STM32F4xx_HAL_Driver/Src/stm32f4xx_ll_sdmmc.c ****   return (SDIOx->POWER & SDIO_POWER_PWRCTRL);
 214              		.loc 1 345 0
 215 0000 0068     		ldr	r0, [r0]
 216              	.LVL12:
 346:Drivers/STM32F4xx_HAL_Driver/Src/stm32f4xx_ll_sdmmc.c **** }
 217              		.loc 1 346 0
 218 0002 00F00300 		and	r0, r0, #3
 219 0006 7047     		bx	lr
 220              		.cfi_endproc
 221              	.LFE131:
 223              		.section	.text.SDIO_SendCommand,"ax",%progbits
 224              		.align	1
 225              		.p2align 2,,3
 226              		.global	SDIO_SendCommand
 227              		.syntax unified
 228              		.thumb
ARM GAS  /tmp/ccq7EGH5.s 			page 11


 229              		.thumb_func
 230              		.fpu fpv4-sp-d16
 232              	SDIO_SendCommand:
 233              	.LFB132:
 347:Drivers/STM32F4xx_HAL_Driver/Src/stm32f4xx_ll_sdmmc.c **** 
 348:Drivers/STM32F4xx_HAL_Driver/Src/stm32f4xx_ll_sdmmc.c **** /**
 349:Drivers/STM32F4xx_HAL_Driver/Src/stm32f4xx_ll_sdmmc.c ****   * @brief  Configure the SDIO command path according to the specified parameters in
 350:Drivers/STM32F4xx_HAL_Driver/Src/stm32f4xx_ll_sdmmc.c ****   *         SDIO_CmdInitTypeDef structure and send the command 
 351:Drivers/STM32F4xx_HAL_Driver/Src/stm32f4xx_ll_sdmmc.c ****   * @param  SDIOx: Pointer to SDIO register base
 352:Drivers/STM32F4xx_HAL_Driver/Src/stm32f4xx_ll_sdmmc.c ****   * @param  SDIO_CmdInitStruct: pointer to a SDIO_CmdInitTypeDef structure that contains 
 353:Drivers/STM32F4xx_HAL_Driver/Src/stm32f4xx_ll_sdmmc.c ****   *         the configuration information for the SDIO command
 354:Drivers/STM32F4xx_HAL_Driver/Src/stm32f4xx_ll_sdmmc.c ****   * @retval HAL status
 355:Drivers/STM32F4xx_HAL_Driver/Src/stm32f4xx_ll_sdmmc.c ****   */
 356:Drivers/STM32F4xx_HAL_Driver/Src/stm32f4xx_ll_sdmmc.c **** HAL_StatusTypeDef SDIO_SendCommand(SDIO_TypeDef *SDIOx, SDIO_CmdInitTypeDef *SDIO_CmdInitStruct)
 357:Drivers/STM32F4xx_HAL_Driver/Src/stm32f4xx_ll_sdmmc.c **** {
 234              		.loc 1 357 0
 235              		.cfi_startproc
 236              		@ args = 0, pretend = 0, frame = 0
 237              		@ frame_needed = 0, uses_anonymous_args = 0
 238              		@ link register save eliminated.
 239              	.LVL13:
 358:Drivers/STM32F4xx_HAL_Driver/Src/stm32f4xx_ll_sdmmc.c ****   uint32_t tmpreg = 0U;
 359:Drivers/STM32F4xx_HAL_Driver/Src/stm32f4xx_ll_sdmmc.c ****   
 360:Drivers/STM32F4xx_HAL_Driver/Src/stm32f4xx_ll_sdmmc.c ****   /* Check the parameters */
 361:Drivers/STM32F4xx_HAL_Driver/Src/stm32f4xx_ll_sdmmc.c ****   assert_param(IS_SDIO_CMD_INDEX(SDIO_CmdInitStruct->CmdIndex));
 362:Drivers/STM32F4xx_HAL_Driver/Src/stm32f4xx_ll_sdmmc.c ****   assert_param(IS_SDIO_RESPONSE(SDIO_CmdInitStruct->Response));
 363:Drivers/STM32F4xx_HAL_Driver/Src/stm32f4xx_ll_sdmmc.c ****   assert_param(IS_SDIO_WAIT(SDIO_CmdInitStruct->WaitForInterrupt));
 364:Drivers/STM32F4xx_HAL_Driver/Src/stm32f4xx_ll_sdmmc.c ****   assert_param(IS_SDIO_CPSM(SDIO_CmdInitStruct->CPSM));
 365:Drivers/STM32F4xx_HAL_Driver/Src/stm32f4xx_ll_sdmmc.c **** 
 366:Drivers/STM32F4xx_HAL_Driver/Src/stm32f4xx_ll_sdmmc.c ****   /* Set the SDIO Argument value */
 367:Drivers/STM32F4xx_HAL_Driver/Src/stm32f4xx_ll_sdmmc.c ****   SDIOx->ARG = SDIO_CmdInitStruct->Argument;
 240              		.loc 1 367 0
 241 0000 0B68     		ldr	r3, [r1]
 357:Drivers/STM32F4xx_HAL_Driver/Src/stm32f4xx_ll_sdmmc.c ****   uint32_t tmpreg = 0U;
 242              		.loc 1 357 0
 243 0002 30B4     		push	{r4, r5}
 244              	.LCFI4:
 245              		.cfi_def_cfa_offset 8
 246              		.cfi_offset 4, -8
 247              		.cfi_offset 5, -4
 248              		.loc 1 367 0
 249 0004 8360     		str	r3, [r0, #8]
 250              	.LVL14:
 368:Drivers/STM32F4xx_HAL_Driver/Src/stm32f4xx_ll_sdmmc.c **** 
 369:Drivers/STM32F4xx_HAL_Driver/Src/stm32f4xx_ll_sdmmc.c ****   /* Set SDIO command parameters */
 370:Drivers/STM32F4xx_HAL_Driver/Src/stm32f4xx_ll_sdmmc.c ****   tmpreg |= (uint32_t)(SDIO_CmdInitStruct->CmdIndex         |\
 251              		.loc 1 370 0
 252 0006 8D68     		ldr	r5, [r1, #8]
 253 0008 4B68     		ldr	r3, [r1, #4]
 371:Drivers/STM32F4xx_HAL_Driver/Src/stm32f4xx_ll_sdmmc.c ****                        SDIO_CmdInitStruct->Response         |\
 254              		.loc 1 371 0
 255 000a CC68     		ldr	r4, [r1, #12]
 372:Drivers/STM32F4xx_HAL_Driver/Src/stm32f4xx_ll_sdmmc.c ****                        SDIO_CmdInitStruct->WaitForInterrupt |\
 373:Drivers/STM32F4xx_HAL_Driver/Src/stm32f4xx_ll_sdmmc.c ****                        SDIO_CmdInitStruct->CPSM);
 374:Drivers/STM32F4xx_HAL_Driver/Src/stm32f4xx_ll_sdmmc.c ****   
 375:Drivers/STM32F4xx_HAL_Driver/Src/stm32f4xx_ll_sdmmc.c ****   /* Write to SDIO CMD register */
 376:Drivers/STM32F4xx_HAL_Driver/Src/stm32f4xx_ll_sdmmc.c ****   MODIFY_REG(SDIOx->CMD, CMD_CLEAR_MASK, tmpreg); 
ARM GAS  /tmp/ccq7EGH5.s 			page 12


 256              		.loc 1 376 0
 257 000c C268     		ldr	r2, [r0, #12]
 372:Drivers/STM32F4xx_HAL_Driver/Src/stm32f4xx_ll_sdmmc.c ****                        SDIO_CmdInitStruct->WaitForInterrupt |\
 258              		.loc 1 372 0
 259 000e 0969     		ldr	r1, [r1, #16]
 260              	.LVL15:
 370:Drivers/STM32F4xx_HAL_Driver/Src/stm32f4xx_ll_sdmmc.c ****                        SDIO_CmdInitStruct->Response         |\
 261              		.loc 1 370 0
 262 0010 2B43     		orrs	r3, r3, r5
 371:Drivers/STM32F4xx_HAL_Driver/Src/stm32f4xx_ll_sdmmc.c ****                        SDIO_CmdInitStruct->Response         |\
 263              		.loc 1 371 0
 264 0012 2343     		orrs	r3, r3, r4
 265              		.loc 1 376 0
 266 0014 22F47F62 		bic	r2, r2, #4080
 267 0018 22F00F02 		bic	r2, r2, #15
 372:Drivers/STM32F4xx_HAL_Driver/Src/stm32f4xx_ll_sdmmc.c ****                        SDIO_CmdInitStruct->WaitForInterrupt |\
 268              		.loc 1 372 0
 269 001c 0B43     		orrs	r3, r3, r1
 270              		.loc 1 376 0
 271 001e 1343     		orrs	r3, r3, r2
 272 0020 C360     		str	r3, [r0, #12]
 377:Drivers/STM32F4xx_HAL_Driver/Src/stm32f4xx_ll_sdmmc.c ****   
 378:Drivers/STM32F4xx_HAL_Driver/Src/stm32f4xx_ll_sdmmc.c ****   return HAL_OK;  
 379:Drivers/STM32F4xx_HAL_Driver/Src/stm32f4xx_ll_sdmmc.c **** }
 273              		.loc 1 379 0
 274 0022 30BC     		pop	{r4, r5}
 275              	.LCFI5:
 276              		.cfi_restore 5
 277              		.cfi_restore 4
 278              		.cfi_def_cfa_offset 0
 279              	.LVL16:
 280 0024 0020     		movs	r0, #0
 281              	.LVL17:
 282 0026 7047     		bx	lr
 283              		.cfi_endproc
 284              	.LFE132:
 286              		.section	.text.SDIO_GetCommandResponse,"ax",%progbits
 287              		.align	1
 288              		.p2align 2,,3
 289              		.global	SDIO_GetCommandResponse
 290              		.syntax unified
 291              		.thumb
 292              		.thumb_func
 293              		.fpu fpv4-sp-d16
 295              	SDIO_GetCommandResponse:
 296              	.LFB133:
 380:Drivers/STM32F4xx_HAL_Driver/Src/stm32f4xx_ll_sdmmc.c **** 
 381:Drivers/STM32F4xx_HAL_Driver/Src/stm32f4xx_ll_sdmmc.c **** /**
 382:Drivers/STM32F4xx_HAL_Driver/Src/stm32f4xx_ll_sdmmc.c ****   * @brief  Return the command index of last command for which response received
 383:Drivers/STM32F4xx_HAL_Driver/Src/stm32f4xx_ll_sdmmc.c ****   * @param  SDIOx: Pointer to SDIO register base
 384:Drivers/STM32F4xx_HAL_Driver/Src/stm32f4xx_ll_sdmmc.c ****   * @retval Command index of the last command response received
 385:Drivers/STM32F4xx_HAL_Driver/Src/stm32f4xx_ll_sdmmc.c ****   */
 386:Drivers/STM32F4xx_HAL_Driver/Src/stm32f4xx_ll_sdmmc.c **** uint8_t SDIO_GetCommandResponse(SDIO_TypeDef *SDIOx)
 387:Drivers/STM32F4xx_HAL_Driver/Src/stm32f4xx_ll_sdmmc.c **** {
 297              		.loc 1 387 0
 298              		.cfi_startproc
 299              		@ args = 0, pretend = 0, frame = 0
ARM GAS  /tmp/ccq7EGH5.s 			page 13


 300              		@ frame_needed = 0, uses_anonymous_args = 0
 301              		@ link register save eliminated.
 302              	.LVL18:
 388:Drivers/STM32F4xx_HAL_Driver/Src/stm32f4xx_ll_sdmmc.c ****   return (uint8_t)(SDIOx->RESPCMD);
 303              		.loc 1 388 0
 304 0000 0069     		ldr	r0, [r0, #16]
 305              	.LVL19:
 389:Drivers/STM32F4xx_HAL_Driver/Src/stm32f4xx_ll_sdmmc.c **** }
 306              		.loc 1 389 0
 307 0002 C0B2     		uxtb	r0, r0
 308 0004 7047     		bx	lr
 309              		.cfi_endproc
 310              	.LFE133:
 312 0006 00BF     		.section	.text.SDIO_GetResponse,"ax",%progbits
 313              		.align	1
 314              		.p2align 2,,3
 315              		.global	SDIO_GetResponse
 316              		.syntax unified
 317              		.thumb
 318              		.thumb_func
 319              		.fpu fpv4-sp-d16
 321              	SDIO_GetResponse:
 322              	.LFB134:
 390:Drivers/STM32F4xx_HAL_Driver/Src/stm32f4xx_ll_sdmmc.c **** 
 391:Drivers/STM32F4xx_HAL_Driver/Src/stm32f4xx_ll_sdmmc.c **** 
 392:Drivers/STM32F4xx_HAL_Driver/Src/stm32f4xx_ll_sdmmc.c **** /**
 393:Drivers/STM32F4xx_HAL_Driver/Src/stm32f4xx_ll_sdmmc.c ****   * @brief  Return the response received from the card for the last command
 394:Drivers/STM32F4xx_HAL_Driver/Src/stm32f4xx_ll_sdmmc.c ****   * @param  SDIO_RESP: Specifies the SDIO response register. 
 395:Drivers/STM32F4xx_HAL_Driver/Src/stm32f4xx_ll_sdmmc.c ****   *          This parameter can be one of the following values:
 396:Drivers/STM32F4xx_HAL_Driver/Src/stm32f4xx_ll_sdmmc.c ****   *            @arg SDIO_RESP1: Response Register 1
 397:Drivers/STM32F4xx_HAL_Driver/Src/stm32f4xx_ll_sdmmc.c ****   *            @arg SDIO_RESP2: Response Register 2
 398:Drivers/STM32F4xx_HAL_Driver/Src/stm32f4xx_ll_sdmmc.c ****   *            @arg SDIO_RESP3: Response Register 3
 399:Drivers/STM32F4xx_HAL_Driver/Src/stm32f4xx_ll_sdmmc.c ****   *            @arg SDIO_RESP4: Response Register 4  
 400:Drivers/STM32F4xx_HAL_Driver/Src/stm32f4xx_ll_sdmmc.c ****   * @retval The Corresponding response register value
 401:Drivers/STM32F4xx_HAL_Driver/Src/stm32f4xx_ll_sdmmc.c ****   */
 402:Drivers/STM32F4xx_HAL_Driver/Src/stm32f4xx_ll_sdmmc.c **** uint32_t SDIO_GetResponse(uint32_t SDIO_RESP)
 403:Drivers/STM32F4xx_HAL_Driver/Src/stm32f4xx_ll_sdmmc.c **** {
 323              		.loc 1 403 0
 324              		.cfi_startproc
 325              		@ args = 0, pretend = 0, frame = 8
 326              		@ frame_needed = 0, uses_anonymous_args = 0
 327              		@ link register save eliminated.
 328              	.LVL20:
 404:Drivers/STM32F4xx_HAL_Driver/Src/stm32f4xx_ll_sdmmc.c ****   __IO uint32_t tmp = 0U;
 405:Drivers/STM32F4xx_HAL_Driver/Src/stm32f4xx_ll_sdmmc.c **** 
 406:Drivers/STM32F4xx_HAL_Driver/Src/stm32f4xx_ll_sdmmc.c ****   /* Check the parameters */
 407:Drivers/STM32F4xx_HAL_Driver/Src/stm32f4xx_ll_sdmmc.c ****   assert_param(IS_SDIO_RESP(SDIO_RESP));
 408:Drivers/STM32F4xx_HAL_Driver/Src/stm32f4xx_ll_sdmmc.c **** 
 409:Drivers/STM32F4xx_HAL_Driver/Src/stm32f4xx_ll_sdmmc.c ****   /* Get the response */
 410:Drivers/STM32F4xx_HAL_Driver/Src/stm32f4xx_ll_sdmmc.c ****   tmp = SDIO_RESP_ADDR + SDIO_RESP;
 329              		.loc 1 410 0
 330 0000 044B     		ldr	r3, .L13
 403:Drivers/STM32F4xx_HAL_Driver/Src/stm32f4xx_ll_sdmmc.c ****   __IO uint32_t tmp = 0U;
 331              		.loc 1 403 0
 332 0002 82B0     		sub	sp, sp, #8
 333              	.LCFI6:
 334              		.cfi_def_cfa_offset 8
ARM GAS  /tmp/ccq7EGH5.s 			page 14


 335              		.loc 1 410 0
 336 0004 0344     		add	r3, r3, r0
 404:Drivers/STM32F4xx_HAL_Driver/Src/stm32f4xx_ll_sdmmc.c ****   __IO uint32_t tmp = 0U;
 337              		.loc 1 404 0
 338 0006 0022     		movs	r2, #0
 339 0008 0192     		str	r2, [sp, #4]
 340              		.loc 1 410 0
 341 000a 0193     		str	r3, [sp, #4]
 411:Drivers/STM32F4xx_HAL_Driver/Src/stm32f4xx_ll_sdmmc.c ****   
 412:Drivers/STM32F4xx_HAL_Driver/Src/stm32f4xx_ll_sdmmc.c ****   return (*(__IO uint32_t *) tmp);
 342              		.loc 1 412 0
 343 000c 019B     		ldr	r3, [sp, #4]
 344 000e 1868     		ldr	r0, [r3]
 345              	.LVL21:
 413:Drivers/STM32F4xx_HAL_Driver/Src/stm32f4xx_ll_sdmmc.c **** }  
 346              		.loc 1 413 0
 347 0010 02B0     		add	sp, sp, #8
 348              	.LCFI7:
 349              		.cfi_def_cfa_offset 0
 350              		@ sp needed
 351 0012 7047     		bx	lr
 352              	.L14:
 353              		.align	2
 354              	.L13:
 355 0014 142C0140 		.word	1073818644
 356              		.cfi_endproc
 357              	.LFE134:
 359              		.section	.text.SDIO_DataConfig,"ax",%progbits
 360              		.align	1
 361              		.p2align 2,,3
 362              		.global	SDIO_DataConfig
 363              		.syntax unified
 364              		.thumb
 365              		.thumb_func
 366              		.fpu fpv4-sp-d16
 368              	SDIO_DataConfig:
 369              	.LFB135:
 414:Drivers/STM32F4xx_HAL_Driver/Src/stm32f4xx_ll_sdmmc.c **** 
 415:Drivers/STM32F4xx_HAL_Driver/Src/stm32f4xx_ll_sdmmc.c **** /**
 416:Drivers/STM32F4xx_HAL_Driver/Src/stm32f4xx_ll_sdmmc.c ****   * @brief  Configure the SDIO data path according to the specified 
 417:Drivers/STM32F4xx_HAL_Driver/Src/stm32f4xx_ll_sdmmc.c ****   *         parameters in the SDIO_DataInitTypeDef.
 418:Drivers/STM32F4xx_HAL_Driver/Src/stm32f4xx_ll_sdmmc.c ****   * @param  SDIOx: Pointer to SDIO register base  
 419:Drivers/STM32F4xx_HAL_Driver/Src/stm32f4xx_ll_sdmmc.c ****   * @param  SDIO_DataInitStruct : pointer to a SDIO_DataInitTypeDef structure 
 420:Drivers/STM32F4xx_HAL_Driver/Src/stm32f4xx_ll_sdmmc.c ****   *         that contains the configuration information for the SDIO command.
 421:Drivers/STM32F4xx_HAL_Driver/Src/stm32f4xx_ll_sdmmc.c ****   * @retval HAL status
 422:Drivers/STM32F4xx_HAL_Driver/Src/stm32f4xx_ll_sdmmc.c ****   */
 423:Drivers/STM32F4xx_HAL_Driver/Src/stm32f4xx_ll_sdmmc.c **** HAL_StatusTypeDef SDIO_DataConfig(SDIO_TypeDef *SDIOx, SDIO_DataInitTypeDef* SDIO_DataInitStruct)
 424:Drivers/STM32F4xx_HAL_Driver/Src/stm32f4xx_ll_sdmmc.c **** {
 370              		.loc 1 424 0
 371              		.cfi_startproc
 372              		@ args = 0, pretend = 0, frame = 0
 373              		@ frame_needed = 0, uses_anonymous_args = 0
 374              		@ link register save eliminated.
 375              	.LVL22:
 425:Drivers/STM32F4xx_HAL_Driver/Src/stm32f4xx_ll_sdmmc.c ****   uint32_t tmpreg = 0U;
 426:Drivers/STM32F4xx_HAL_Driver/Src/stm32f4xx_ll_sdmmc.c ****   
 427:Drivers/STM32F4xx_HAL_Driver/Src/stm32f4xx_ll_sdmmc.c ****   /* Check the parameters */
ARM GAS  /tmp/ccq7EGH5.s 			page 15


 428:Drivers/STM32F4xx_HAL_Driver/Src/stm32f4xx_ll_sdmmc.c ****   assert_param(IS_SDIO_DATA_LENGTH(SDIO_DataInitStruct->DataLength));
 429:Drivers/STM32F4xx_HAL_Driver/Src/stm32f4xx_ll_sdmmc.c ****   assert_param(IS_SDIO_BLOCK_SIZE(SDIO_DataInitStruct->DataBlockSize));
 430:Drivers/STM32F4xx_HAL_Driver/Src/stm32f4xx_ll_sdmmc.c ****   assert_param(IS_SDIO_TRANSFER_DIR(SDIO_DataInitStruct->TransferDir));
 431:Drivers/STM32F4xx_HAL_Driver/Src/stm32f4xx_ll_sdmmc.c ****   assert_param(IS_SDIO_TRANSFER_MODE(SDIO_DataInitStruct->TransferMode));
 432:Drivers/STM32F4xx_HAL_Driver/Src/stm32f4xx_ll_sdmmc.c ****   assert_param(IS_SDIO_DPSM(SDIO_DataInitStruct->DPSM));
 433:Drivers/STM32F4xx_HAL_Driver/Src/stm32f4xx_ll_sdmmc.c **** 
 434:Drivers/STM32F4xx_HAL_Driver/Src/stm32f4xx_ll_sdmmc.c ****   /* Set the SDIO Data Timeout value */
 435:Drivers/STM32F4xx_HAL_Driver/Src/stm32f4xx_ll_sdmmc.c ****   SDIOx->DTIMER = SDIO_DataInitStruct->DataTimeOut;
 436:Drivers/STM32F4xx_HAL_Driver/Src/stm32f4xx_ll_sdmmc.c **** 
 437:Drivers/STM32F4xx_HAL_Driver/Src/stm32f4xx_ll_sdmmc.c ****   /* Set the SDIO DataLength value */
 438:Drivers/STM32F4xx_HAL_Driver/Src/stm32f4xx_ll_sdmmc.c ****   SDIOx->DLEN = SDIO_DataInitStruct->DataLength;
 439:Drivers/STM32F4xx_HAL_Driver/Src/stm32f4xx_ll_sdmmc.c **** 
 440:Drivers/STM32F4xx_HAL_Driver/Src/stm32f4xx_ll_sdmmc.c ****   /* Set the SDIO data configuration parameters */
 441:Drivers/STM32F4xx_HAL_Driver/Src/stm32f4xx_ll_sdmmc.c ****   tmpreg |= (uint32_t)(SDIO_DataInitStruct->DataBlockSize |\
 376              		.loc 1 441 0
 377 0000 0A1D     		adds	r2, r1, #4
 424:Drivers/STM32F4xx_HAL_Driver/Src/stm32f4xx_ll_sdmmc.c ****   uint32_t tmpreg = 0U;
 378              		.loc 1 424 0
 379 0002 30B4     		push	{r4, r5}
 380              	.LCFI8:
 381              		.cfi_def_cfa_offset 8
 382              		.cfi_offset 4, -8
 383              		.cfi_offset 5, -4
 384              		.loc 1 441 0
 385 0004 2CCA     		ldm	r2, {r2, r3, r5}
 435:Drivers/STM32F4xx_HAL_Driver/Src/stm32f4xx_ll_sdmmc.c **** 
 386              		.loc 1 435 0
 387 0006 0C68     		ldr	r4, [r1]
 388 0008 4462     		str	r4, [r0, #36]
 442:Drivers/STM32F4xx_HAL_Driver/Src/stm32f4xx_ll_sdmmc.c ****                        SDIO_DataInitStruct->TransferDir   |\
 389              		.loc 1 442 0
 390 000a 0C69     		ldr	r4, [r1, #16]
 438:Drivers/STM32F4xx_HAL_Driver/Src/stm32f4xx_ll_sdmmc.c **** 
 391              		.loc 1 438 0
 392 000c 8262     		str	r2, [r0, #40]
 393              	.LVL23:
 443:Drivers/STM32F4xx_HAL_Driver/Src/stm32f4xx_ll_sdmmc.c ****                        SDIO_DataInitStruct->TransferMode  |\
 444:Drivers/STM32F4xx_HAL_Driver/Src/stm32f4xx_ll_sdmmc.c ****                        SDIO_DataInitStruct->DPSM);
 445:Drivers/STM32F4xx_HAL_Driver/Src/stm32f4xx_ll_sdmmc.c ****   
 446:Drivers/STM32F4xx_HAL_Driver/Src/stm32f4xx_ll_sdmmc.c ****   /* Write to SDIO DCTRL */
 447:Drivers/STM32F4xx_HAL_Driver/Src/stm32f4xx_ll_sdmmc.c ****   MODIFY_REG(SDIOx->DCTRL, DCTRL_CLEAR_MASK, tmpreg);
 394              		.loc 1 447 0
 395 000e C26A     		ldr	r2, [r0, #44]
 443:Drivers/STM32F4xx_HAL_Driver/Src/stm32f4xx_ll_sdmmc.c ****                        SDIO_DataInitStruct->TransferMode  |\
 396              		.loc 1 443 0
 397 0010 4969     		ldr	r1, [r1, #20]
 398              	.LVL24:
 441:Drivers/STM32F4xx_HAL_Driver/Src/stm32f4xx_ll_sdmmc.c ****                        SDIO_DataInitStruct->TransferDir   |\
 399              		.loc 1 441 0
 400 0012 2B43     		orrs	r3, r3, r5
 442:Drivers/STM32F4xx_HAL_Driver/Src/stm32f4xx_ll_sdmmc.c ****                        SDIO_DataInitStruct->TransferMode  |\
 401              		.loc 1 442 0
 402 0014 2343     		orrs	r3, r3, r4
 403              		.loc 1 447 0
 404 0016 22F0F702 		bic	r2, r2, #247
 443:Drivers/STM32F4xx_HAL_Driver/Src/stm32f4xx_ll_sdmmc.c ****                        SDIO_DataInitStruct->TransferMode  |\
 405              		.loc 1 443 0
ARM GAS  /tmp/ccq7EGH5.s 			page 16


 406 001a 0B43     		orrs	r3, r3, r1
 407              		.loc 1 447 0
 408 001c 1343     		orrs	r3, r3, r2
 409 001e C362     		str	r3, [r0, #44]
 448:Drivers/STM32F4xx_HAL_Driver/Src/stm32f4xx_ll_sdmmc.c **** 
 449:Drivers/STM32F4xx_HAL_Driver/Src/stm32f4xx_ll_sdmmc.c ****   return HAL_OK;
 450:Drivers/STM32F4xx_HAL_Driver/Src/stm32f4xx_ll_sdmmc.c **** 
 451:Drivers/STM32F4xx_HAL_Driver/Src/stm32f4xx_ll_sdmmc.c **** }
 410              		.loc 1 451 0
 411 0020 30BC     		pop	{r4, r5}
 412              	.LCFI9:
 413              		.cfi_restore 5
 414              		.cfi_restore 4
 415              		.cfi_def_cfa_offset 0
 416 0022 0020     		movs	r0, #0
 417              	.LVL25:
 418 0024 7047     		bx	lr
 419              		.cfi_endproc
 420              	.LFE135:
 422 0026 00BF     		.section	.text.SDIO_GetDataCounter,"ax",%progbits
 423              		.align	1
 424              		.p2align 2,,3
 425              		.global	SDIO_GetDataCounter
 426              		.syntax unified
 427              		.thumb
 428              		.thumb_func
 429              		.fpu fpv4-sp-d16
 431              	SDIO_GetDataCounter:
 432              	.LFB136:
 452:Drivers/STM32F4xx_HAL_Driver/Src/stm32f4xx_ll_sdmmc.c **** 
 453:Drivers/STM32F4xx_HAL_Driver/Src/stm32f4xx_ll_sdmmc.c **** /**
 454:Drivers/STM32F4xx_HAL_Driver/Src/stm32f4xx_ll_sdmmc.c ****   * @brief  Returns number of remaining data bytes to be transferred.
 455:Drivers/STM32F4xx_HAL_Driver/Src/stm32f4xx_ll_sdmmc.c ****   * @param  SDIOx: Pointer to SDIO register base
 456:Drivers/STM32F4xx_HAL_Driver/Src/stm32f4xx_ll_sdmmc.c ****   * @retval Number of remaining data bytes to be transferred
 457:Drivers/STM32F4xx_HAL_Driver/Src/stm32f4xx_ll_sdmmc.c ****   */
 458:Drivers/STM32F4xx_HAL_Driver/Src/stm32f4xx_ll_sdmmc.c **** uint32_t SDIO_GetDataCounter(SDIO_TypeDef *SDIOx)
 459:Drivers/STM32F4xx_HAL_Driver/Src/stm32f4xx_ll_sdmmc.c **** {
 433              		.loc 1 459 0
 434              		.cfi_startproc
 435              		@ args = 0, pretend = 0, frame = 0
 436              		@ frame_needed = 0, uses_anonymous_args = 0
 437              		@ link register save eliminated.
 438              	.LVL26:
 460:Drivers/STM32F4xx_HAL_Driver/Src/stm32f4xx_ll_sdmmc.c ****   return (SDIOx->DCOUNT);
 439              		.loc 1 460 0
 440 0000 006B     		ldr	r0, [r0, #48]
 441              	.LVL27:
 461:Drivers/STM32F4xx_HAL_Driver/Src/stm32f4xx_ll_sdmmc.c **** }
 442              		.loc 1 461 0
 443 0002 7047     		bx	lr
 444              		.cfi_endproc
 445              	.LFE136:
 447              		.section	.text.SDIO_GetFIFOCount,"ax",%progbits
 448              		.align	1
 449              		.p2align 2,,3
 450              		.global	SDIO_GetFIFOCount
 451              		.syntax unified
ARM GAS  /tmp/ccq7EGH5.s 			page 17


 452              		.thumb
 453              		.thumb_func
 454              		.fpu fpv4-sp-d16
 456              	SDIO_GetFIFOCount:
 457              	.LFB137:
 462:Drivers/STM32F4xx_HAL_Driver/Src/stm32f4xx_ll_sdmmc.c **** 
 463:Drivers/STM32F4xx_HAL_Driver/Src/stm32f4xx_ll_sdmmc.c **** /**
 464:Drivers/STM32F4xx_HAL_Driver/Src/stm32f4xx_ll_sdmmc.c ****   * @brief  Get the FIFO data
 465:Drivers/STM32F4xx_HAL_Driver/Src/stm32f4xx_ll_sdmmc.c ****   * @param  SDIOx: Pointer to SDIO register base 
 466:Drivers/STM32F4xx_HAL_Driver/Src/stm32f4xx_ll_sdmmc.c ****   * @retval Data received
 467:Drivers/STM32F4xx_HAL_Driver/Src/stm32f4xx_ll_sdmmc.c ****   */
 468:Drivers/STM32F4xx_HAL_Driver/Src/stm32f4xx_ll_sdmmc.c **** uint32_t SDIO_GetFIFOCount(SDIO_TypeDef *SDIOx)
 469:Drivers/STM32F4xx_HAL_Driver/Src/stm32f4xx_ll_sdmmc.c **** {
 458              		.loc 1 469 0
 459              		.cfi_startproc
 460              		@ args = 0, pretend = 0, frame = 0
 461              		@ frame_needed = 0, uses_anonymous_args = 0
 462              		@ link register save eliminated.
 463              	.LVL28:
 470:Drivers/STM32F4xx_HAL_Driver/Src/stm32f4xx_ll_sdmmc.c ****   return (SDIOx->FIFO);
 464              		.loc 1 470 0
 465 0000 D0F88000 		ldr	r0, [r0, #128]
 466              	.LVL29:
 471:Drivers/STM32F4xx_HAL_Driver/Src/stm32f4xx_ll_sdmmc.c **** }
 467              		.loc 1 471 0
 468 0004 7047     		bx	lr
 469              		.cfi_endproc
 470              	.LFE137:
 472 0006 00BF     		.section	.text.SDIO_SetSDIOReadWaitMode,"ax",%progbits
 473              		.align	1
 474              		.p2align 2,,3
 475              		.global	SDIO_SetSDIOReadWaitMode
 476              		.syntax unified
 477              		.thumb
 478              		.thumb_func
 479              		.fpu fpv4-sp-d16
 481              	SDIO_SetSDIOReadWaitMode:
 482              	.LFB138:
 472:Drivers/STM32F4xx_HAL_Driver/Src/stm32f4xx_ll_sdmmc.c **** 
 473:Drivers/STM32F4xx_HAL_Driver/Src/stm32f4xx_ll_sdmmc.c **** 
 474:Drivers/STM32F4xx_HAL_Driver/Src/stm32f4xx_ll_sdmmc.c **** /**
 475:Drivers/STM32F4xx_HAL_Driver/Src/stm32f4xx_ll_sdmmc.c ****   * @brief  Sets one of the two options of inserting read wait interval.
 476:Drivers/STM32F4xx_HAL_Driver/Src/stm32f4xx_ll_sdmmc.c ****   * @param  SDIO_ReadWaitMode: SD I/O Read Wait operation mode.
 477:Drivers/STM32F4xx_HAL_Driver/Src/stm32f4xx_ll_sdmmc.c ****   *          This parameter can be:
 478:Drivers/STM32F4xx_HAL_Driver/Src/stm32f4xx_ll_sdmmc.c ****   *            @arg SDIO_READ_WAIT_MODE_CLK: Read Wait control by stopping SDIOCLK
 479:Drivers/STM32F4xx_HAL_Driver/Src/stm32f4xx_ll_sdmmc.c ****   *            @arg SDIO_READ_WAIT_MODE_DATA2: Read Wait control using SDIO_DATA2
 480:Drivers/STM32F4xx_HAL_Driver/Src/stm32f4xx_ll_sdmmc.c ****   * @retval None
 481:Drivers/STM32F4xx_HAL_Driver/Src/stm32f4xx_ll_sdmmc.c ****   */
 482:Drivers/STM32F4xx_HAL_Driver/Src/stm32f4xx_ll_sdmmc.c **** HAL_StatusTypeDef SDIO_SetSDIOReadWaitMode(uint32_t SDIO_ReadWaitMode)
 483:Drivers/STM32F4xx_HAL_Driver/Src/stm32f4xx_ll_sdmmc.c **** {
 483              		.loc 1 483 0
 484              		.cfi_startproc
 485              		@ args = 0, pretend = 0, frame = 0
 486              		@ frame_needed = 0, uses_anonymous_args = 0
 487              		@ link register save eliminated.
 488              	.LVL30:
 484:Drivers/STM32F4xx_HAL_Driver/Src/stm32f4xx_ll_sdmmc.c ****   /* Check the parameters */
ARM GAS  /tmp/ccq7EGH5.s 			page 18


 485:Drivers/STM32F4xx_HAL_Driver/Src/stm32f4xx_ll_sdmmc.c ****   assert_param(IS_SDIO_READWAIT_MODE(SDIO_ReadWaitMode));
 486:Drivers/STM32F4xx_HAL_Driver/Src/stm32f4xx_ll_sdmmc.c ****   
 487:Drivers/STM32F4xx_HAL_Driver/Src/stm32f4xx_ll_sdmmc.c ****   *(__IO uint32_t *)DCTRL_RWMOD_BB = SDIO_ReadWaitMode;
 489              		.loc 1 487 0
 490 0000 014B     		ldr	r3, .L20
 491 0002 1860     		str	r0, [r3]
 488:Drivers/STM32F4xx_HAL_Driver/Src/stm32f4xx_ll_sdmmc.c ****   
 489:Drivers/STM32F4xx_HAL_Driver/Src/stm32f4xx_ll_sdmmc.c ****   return HAL_OK;  
 490:Drivers/STM32F4xx_HAL_Driver/Src/stm32f4xx_ll_sdmmc.c **** }
 492              		.loc 1 490 0
 493 0004 0020     		movs	r0, #0
 494              	.LVL31:
 495 0006 7047     		bx	lr
 496              	.L21:
 497              		.align	2
 498              	.L20:
 499 0008 A8852542 		.word	1109755304
 500              		.cfi_endproc
 501              	.LFE138:
 503              		.text
 504              	.Letext0:
 505              		.file 2 "/usr/arm-none-eabi/include/machine/_default_types.h"
 506              		.file 3 "/usr/arm-none-eabi/include/sys/_stdint.h"
 507              		.file 4 "Drivers/CMSIS/Include/core_cm4.h"
 508              		.file 5 "Drivers/CMSIS/Device/ST/STM32F4xx/Include/system_stm32f4xx.h"
 509              		.file 6 "Drivers/CMSIS/Device/ST/STM32F4xx/Include/stm32f401xe.h"
 510              		.file 7 "/usr/arm-none-eabi/include/sys/lock.h"
 511              		.file 8 "/usr/arm-none-eabi/include/sys/_types.h"
 512              		.file 9 "/usr/lib/gcc/arm-none-eabi/6.3.0/include/stddef.h"
 513              		.file 10 "/usr/arm-none-eabi/include/sys/reent.h"
 514              		.file 11 "Drivers/STM32F4xx_HAL_Driver/Inc/stm32f4xx_hal_def.h"
 515              		.file 12 "Drivers/STM32F4xx_HAL_Driver/Inc/stm32f4xx_ll_sdmmc.h"
ARM GAS  /tmp/ccq7EGH5.s 			page 19


DEFINED SYMBOLS
                            *ABS*:0000000000000000 stm32f4xx_ll_sdmmc.c
     /tmp/ccq7EGH5.s:18     .text.SDIO_Init:0000000000000000 $t
     /tmp/ccq7EGH5.s:26     .text.SDIO_Init:0000000000000000 SDIO_Init
     /tmp/ccq7EGH5.s:97     .text.SDIO_ReadFIFO:0000000000000000 $t
     /tmp/ccq7EGH5.s:105    .text.SDIO_ReadFIFO:0000000000000000 SDIO_ReadFIFO
     /tmp/ccq7EGH5.s:117    .text.SDIO_WriteFIFO:0000000000000000 $t
     /tmp/ccq7EGH5.s:125    .text.SDIO_WriteFIFO:0000000000000000 SDIO_WriteFIFO
     /tmp/ccq7EGH5.s:144    .text.SDIO_PowerState_ON:0000000000000000 $t
     /tmp/ccq7EGH5.s:152    .text.SDIO_PowerState_ON:0000000000000000 SDIO_PowerState_ON
     /tmp/ccq7EGH5.s:171    .text.SDIO_PowerState_OFF:0000000000000000 $t
     /tmp/ccq7EGH5.s:179    .text.SDIO_PowerState_OFF:0000000000000000 SDIO_PowerState_OFF
     /tmp/ccq7EGH5.s:198    .text.SDIO_GetPowerState:0000000000000000 $t
     /tmp/ccq7EGH5.s:206    .text.SDIO_GetPowerState:0000000000000000 SDIO_GetPowerState
     /tmp/ccq7EGH5.s:224    .text.SDIO_SendCommand:0000000000000000 $t
     /tmp/ccq7EGH5.s:232    .text.SDIO_SendCommand:0000000000000000 SDIO_SendCommand
     /tmp/ccq7EGH5.s:287    .text.SDIO_GetCommandResponse:0000000000000000 $t
     /tmp/ccq7EGH5.s:295    .text.SDIO_GetCommandResponse:0000000000000000 SDIO_GetCommandResponse
     /tmp/ccq7EGH5.s:313    .text.SDIO_GetResponse:0000000000000000 $t
     /tmp/ccq7EGH5.s:321    .text.SDIO_GetResponse:0000000000000000 SDIO_GetResponse
     /tmp/ccq7EGH5.s:355    .text.SDIO_GetResponse:0000000000000014 $d
     /tmp/ccq7EGH5.s:360    .text.SDIO_DataConfig:0000000000000000 $t
     /tmp/ccq7EGH5.s:368    .text.SDIO_DataConfig:0000000000000000 SDIO_DataConfig
     /tmp/ccq7EGH5.s:423    .text.SDIO_GetDataCounter:0000000000000000 $t
     /tmp/ccq7EGH5.s:431    .text.SDIO_GetDataCounter:0000000000000000 SDIO_GetDataCounter
     /tmp/ccq7EGH5.s:448    .text.SDIO_GetFIFOCount:0000000000000000 $t
     /tmp/ccq7EGH5.s:456    .text.SDIO_GetFIFOCount:0000000000000000 SDIO_GetFIFOCount
     /tmp/ccq7EGH5.s:473    .text.SDIO_SetSDIOReadWaitMode:0000000000000000 $t
     /tmp/ccq7EGH5.s:481    .text.SDIO_SetSDIOReadWaitMode:0000000000000000 SDIO_SetSDIOReadWaitMode
     /tmp/ccq7EGH5.s:499    .text.SDIO_SetSDIOReadWaitMode:0000000000000008 $d
                     .debug_frame:0000000000000010 $d

NO UNDEFINED SYMBOLS
