ARM GAS  /tmp/ccXa2JNe.s 			page 1


   1              		.cpu cortex-m4
   2              		.eabi_attribute 27, 1
   3              		.eabi_attribute 28, 1
   4              		.eabi_attribute 20, 1
   5              		.eabi_attribute 21, 1
   6              		.eabi_attribute 23, 3
   7              		.eabi_attribute 24, 1
   8              		.eabi_attribute 25, 1
   9              		.eabi_attribute 26, 1
  10              		.eabi_attribute 30, 2
  11              		.eabi_attribute 34, 1
  12              		.eabi_attribute 18, 4
  13              		.file	"system_stm32f4xx.c"
  14              		.text
  15              	.Ltext0:
  16              		.cfi_sections	.debug_frame
  17              		.section	.text.SystemInit,"ax",%progbits
  18              		.align	1
  19              		.p2align 2,,3
  20              		.global	SystemInit
  21              		.syntax unified
  22              		.thumb
  23              		.thumb_func
  24              		.fpu fpv4-sp-d16
  26              	SystemInit:
  27              	.LFB126:
  28              		.file 1 "Src/system_stm32f4xx.c"
   1:Src/system_stm32f4xx.c **** /**
   2:Src/system_stm32f4xx.c ****   ******************************************************************************
   3:Src/system_stm32f4xx.c ****   * @file    system_stm32f4xx.c
   4:Src/system_stm32f4xx.c ****   * @author  MCD Application Team
   5:Src/system_stm32f4xx.c ****   * @version V2.6.0
   6:Src/system_stm32f4xx.c ****   * @date    04-November-2016
   7:Src/system_stm32f4xx.c ****   * @brief   CMSIS Cortex-M4 Device Peripheral Access Layer System Source File.
   8:Src/system_stm32f4xx.c ****   *
   9:Src/system_stm32f4xx.c ****   *   This file provides two functions and one global variable to be called from 
  10:Src/system_stm32f4xx.c ****   *   user application:
  11:Src/system_stm32f4xx.c ****   *      - SystemInit(): This function is called at startup just after reset and 
  12:Src/system_stm32f4xx.c ****   *                      before branch to main program. This call is made inside
  13:Src/system_stm32f4xx.c ****   *                      the "startup_stm32f4xx.s" file.
  14:Src/system_stm32f4xx.c ****   *
  15:Src/system_stm32f4xx.c ****   *      - SystemCoreClock variable: Contains the core clock (HCLK), it can be used
  16:Src/system_stm32f4xx.c ****   *                                  by the user application to setup the SysTick 
  17:Src/system_stm32f4xx.c ****   *                                  timer or configure other parameters.
  18:Src/system_stm32f4xx.c ****   *                                     
  19:Src/system_stm32f4xx.c ****   *      - SystemCoreClockUpdate(): Updates the variable SystemCoreClock and must
  20:Src/system_stm32f4xx.c ****   *                                 be called whenever the core clock is changed
  21:Src/system_stm32f4xx.c ****   *                                 during program execution.
  22:Src/system_stm32f4xx.c ****   *
  23:Src/system_stm32f4xx.c ****   *
  24:Src/system_stm32f4xx.c ****   ******************************************************************************
  25:Src/system_stm32f4xx.c ****   * @attention
  26:Src/system_stm32f4xx.c ****   *
  27:Src/system_stm32f4xx.c ****   * <h2><center>&copy; COPYRIGHT 2016 STMicroelectronics</center></h2>
  28:Src/system_stm32f4xx.c ****   *
  29:Src/system_stm32f4xx.c ****   * Redistribution and use in source and binary forms, with or without modification,
  30:Src/system_stm32f4xx.c ****   * are permitted provided that the following conditions are met:
ARM GAS  /tmp/ccXa2JNe.s 			page 2


  31:Src/system_stm32f4xx.c ****   *   1. Redistributions of source code must retain the above copyright notice,
  32:Src/system_stm32f4xx.c ****   *      this list of conditions and the following disclaimer.
  33:Src/system_stm32f4xx.c ****   *   2. Redistributions in binary form must reproduce the above copyright notice,
  34:Src/system_stm32f4xx.c ****   *      this list of conditions and the following disclaimer in the documentation
  35:Src/system_stm32f4xx.c ****   *      and/or other materials provided with the distribution.
  36:Src/system_stm32f4xx.c ****   *   3. Neither the name of STMicroelectronics nor the names of its contributors
  37:Src/system_stm32f4xx.c ****   *      may be used to endorse or promote products derived from this software
  38:Src/system_stm32f4xx.c ****   *      without specific prior written permission.
  39:Src/system_stm32f4xx.c ****   *
  40:Src/system_stm32f4xx.c ****   * THIS SOFTWARE IS PROVIDED BY THE COPYRIGHT HOLDERS AND CONTRIBUTORS "AS IS"
  41:Src/system_stm32f4xx.c ****   * AND ANY EXPRESS OR IMPLIED WARRANTIES, INCLUDING, BUT NOT LIMITED TO, THE
  42:Src/system_stm32f4xx.c ****   * IMPLIED WARRANTIES OF MERCHANTABILITY AND FITNESS FOR A PARTICULAR PURPOSE ARE
  43:Src/system_stm32f4xx.c ****   * DISCLAIMED. IN NO EVENT SHALL THE COPYRIGHT HOLDER OR CONTRIBUTORS BE LIABLE
  44:Src/system_stm32f4xx.c ****   * FOR ANY DIRECT, INDIRECT, INCIDENTAL, SPECIAL, EXEMPLARY, OR CONSEQUENTIAL
  45:Src/system_stm32f4xx.c ****   * DAMAGES (INCLUDING, BUT NOT LIMITED TO, PROCUREMENT OF SUBSTITUTE GOODS OR
  46:Src/system_stm32f4xx.c ****   * SERVICES; LOSS OF USE, DATA, OR PROFITS; OR BUSINESS INTERRUPTION) HOWEVER
  47:Src/system_stm32f4xx.c ****   * CAUSED AND ON ANY THEORY OF LIABILITY, WHETHER IN CONTRACT, STRICT LIABILITY,
  48:Src/system_stm32f4xx.c ****   * OR TORT (INCLUDING NEGLIGENCE OR OTHERWISE) ARISING IN ANY WAY OUT OF THE USE
  49:Src/system_stm32f4xx.c ****   * OF THIS SOFTWARE, EVEN IF ADVISED OF THE POSSIBILITY OF SUCH DAMAGE.
  50:Src/system_stm32f4xx.c ****   *
  51:Src/system_stm32f4xx.c ****   ******************************************************************************
  52:Src/system_stm32f4xx.c ****   */
  53:Src/system_stm32f4xx.c **** 
  54:Src/system_stm32f4xx.c **** /** @addtogroup CMSIS
  55:Src/system_stm32f4xx.c ****   * @{
  56:Src/system_stm32f4xx.c ****   */
  57:Src/system_stm32f4xx.c **** 
  58:Src/system_stm32f4xx.c **** /** @addtogroup stm32f4xx_system
  59:Src/system_stm32f4xx.c ****   * @{
  60:Src/system_stm32f4xx.c ****   */  
  61:Src/system_stm32f4xx.c ****   
  62:Src/system_stm32f4xx.c **** /** @addtogroup STM32F4xx_System_Private_Includes
  63:Src/system_stm32f4xx.c ****   * @{
  64:Src/system_stm32f4xx.c ****   */
  65:Src/system_stm32f4xx.c **** 
  66:Src/system_stm32f4xx.c **** 
  67:Src/system_stm32f4xx.c **** #include "stm32f4xx.h"
  68:Src/system_stm32f4xx.c **** 
  69:Src/system_stm32f4xx.c **** #if !defined  (HSE_VALUE) 
  70:Src/system_stm32f4xx.c ****   #define HSE_VALUE    ((uint32_t)25000000) /*!< Default value of the External oscillator in Hz */
  71:Src/system_stm32f4xx.c **** #endif /* HSE_VALUE */
  72:Src/system_stm32f4xx.c **** 
  73:Src/system_stm32f4xx.c **** #if !defined  (HSI_VALUE)
  74:Src/system_stm32f4xx.c ****   #define HSI_VALUE    ((uint32_t)16000000) /*!< Value of the Internal oscillator in Hz*/
  75:Src/system_stm32f4xx.c **** #endif /* HSI_VALUE */
  76:Src/system_stm32f4xx.c **** 
  77:Src/system_stm32f4xx.c **** /**
  78:Src/system_stm32f4xx.c ****   * @}
  79:Src/system_stm32f4xx.c ****   */
  80:Src/system_stm32f4xx.c **** 
  81:Src/system_stm32f4xx.c **** /** @addtogroup STM32F4xx_System_Private_TypesDefinitions
  82:Src/system_stm32f4xx.c ****   * @{
  83:Src/system_stm32f4xx.c ****   */
  84:Src/system_stm32f4xx.c **** 
  85:Src/system_stm32f4xx.c **** /**
  86:Src/system_stm32f4xx.c ****   * @}
  87:Src/system_stm32f4xx.c ****   */
ARM GAS  /tmp/ccXa2JNe.s 			page 3


  88:Src/system_stm32f4xx.c **** 
  89:Src/system_stm32f4xx.c **** /** @addtogroup STM32F4xx_System_Private_Defines
  90:Src/system_stm32f4xx.c ****   * @{
  91:Src/system_stm32f4xx.c ****   */
  92:Src/system_stm32f4xx.c **** 
  93:Src/system_stm32f4xx.c **** /************************* Miscellaneous Configuration ************************/
  94:Src/system_stm32f4xx.c **** /*!< Uncomment the following line if you need to use external SRAM or SDRAM as data memory  */
  95:Src/system_stm32f4xx.c **** #if defined(STM32F405xx) || defined(STM32F415xx) || defined(STM32F407xx) || defined(STM32F417xx)\
  96:Src/system_stm32f4xx.c ****  || defined(STM32F427xx) || defined(STM32F437xx) || defined(STM32F429xx) || defined(STM32F439xx)\
  97:Src/system_stm32f4xx.c ****  || defined(STM32F469xx) || defined(STM32F479xx) || defined(STM32F412Zx) || defined(STM32F412Vx)
  98:Src/system_stm32f4xx.c **** /* #define DATA_IN_ExtSRAM */
  99:Src/system_stm32f4xx.c **** #endif /* STM32F40xxx || STM32F41xxx || STM32F42xxx || STM32F43xxx || STM32F469xx || STM32F479xx ||
 100:Src/system_stm32f4xx.c ****           STM32F412Zx || STM32F412Vx */
 101:Src/system_stm32f4xx.c ****  
 102:Src/system_stm32f4xx.c **** #if defined(STM32F427xx) || defined(STM32F437xx) || defined(STM32F429xx) || defined(STM32F439xx)\
 103:Src/system_stm32f4xx.c ****  || defined(STM32F446xx) || defined(STM32F469xx) || defined(STM32F479xx)
 104:Src/system_stm32f4xx.c **** /* #define DATA_IN_ExtSDRAM */
 105:Src/system_stm32f4xx.c **** #endif /* STM32F427xx || STM32F437xx || STM32F429xx || STM32F439xx || STM32F446xx || STM32F469xx ||
 106:Src/system_stm32f4xx.c ****           STM32F479xx */
 107:Src/system_stm32f4xx.c **** 
 108:Src/system_stm32f4xx.c **** /*!< Uncomment the following line if you need to relocate your vector Table in
 109:Src/system_stm32f4xx.c ****      Internal SRAM. */
 110:Src/system_stm32f4xx.c **** /* #define VECT_TAB_SRAM */
 111:Src/system_stm32f4xx.c **** #define VECT_TAB_OFFSET  0x00 /*!< Vector Table base offset field. 
 112:Src/system_stm32f4xx.c ****                                    This value must be a multiple of 0x200. */
 113:Src/system_stm32f4xx.c **** /******************************************************************************/
 114:Src/system_stm32f4xx.c **** 
 115:Src/system_stm32f4xx.c **** /**
 116:Src/system_stm32f4xx.c ****   * @}
 117:Src/system_stm32f4xx.c ****   */
 118:Src/system_stm32f4xx.c **** 
 119:Src/system_stm32f4xx.c **** /** @addtogroup STM32F4xx_System_Private_Macros
 120:Src/system_stm32f4xx.c ****   * @{
 121:Src/system_stm32f4xx.c ****   */
 122:Src/system_stm32f4xx.c **** 
 123:Src/system_stm32f4xx.c **** /**
 124:Src/system_stm32f4xx.c ****   * @}
 125:Src/system_stm32f4xx.c ****   */
 126:Src/system_stm32f4xx.c **** 
 127:Src/system_stm32f4xx.c **** /** @addtogroup STM32F4xx_System_Private_Variables
 128:Src/system_stm32f4xx.c ****   * @{
 129:Src/system_stm32f4xx.c ****   */
 130:Src/system_stm32f4xx.c ****   /* This variable is updated in three ways:
 131:Src/system_stm32f4xx.c ****       1) by calling CMSIS function SystemCoreClockUpdate()
 132:Src/system_stm32f4xx.c ****       2) by calling HAL API function HAL_RCC_GetHCLKFreq()
 133:Src/system_stm32f4xx.c ****       3) each time HAL_RCC_ClockConfig() is called to configure the system clock frequency 
 134:Src/system_stm32f4xx.c ****          Note: If you use this function to configure the system clock; then there
 135:Src/system_stm32f4xx.c ****                is no need to call the 2 first functions listed above, since SystemCoreClock
 136:Src/system_stm32f4xx.c ****                variable is updated automatically.
 137:Src/system_stm32f4xx.c ****   */
 138:Src/system_stm32f4xx.c **** uint32_t SystemCoreClock = 16000000;
 139:Src/system_stm32f4xx.c **** const uint8_t AHBPrescTable[16] = {0, 0, 0, 0, 0, 0, 0, 0, 1, 2, 3, 4, 6, 7, 8, 9};
 140:Src/system_stm32f4xx.c **** const uint8_t APBPrescTable[8]  = {0, 0, 0, 0, 1, 2, 3, 4};
 141:Src/system_stm32f4xx.c **** /**
 142:Src/system_stm32f4xx.c ****   * @}
 143:Src/system_stm32f4xx.c ****   */
 144:Src/system_stm32f4xx.c **** 
ARM GAS  /tmp/ccXa2JNe.s 			page 4


 145:Src/system_stm32f4xx.c **** /** @addtogroup STM32F4xx_System_Private_FunctionPrototypes
 146:Src/system_stm32f4xx.c ****   * @{
 147:Src/system_stm32f4xx.c ****   */
 148:Src/system_stm32f4xx.c **** 
 149:Src/system_stm32f4xx.c **** #if defined (DATA_IN_ExtSRAM) || defined (DATA_IN_ExtSDRAM)
 150:Src/system_stm32f4xx.c ****   static void SystemInit_ExtMemCtl(void); 
 151:Src/system_stm32f4xx.c **** #endif /* DATA_IN_ExtSRAM || DATA_IN_ExtSDRAM */
 152:Src/system_stm32f4xx.c **** 
 153:Src/system_stm32f4xx.c **** /**
 154:Src/system_stm32f4xx.c ****   * @}
 155:Src/system_stm32f4xx.c ****   */
 156:Src/system_stm32f4xx.c **** 
 157:Src/system_stm32f4xx.c **** /** @addtogroup STM32F4xx_System_Private_Functions
 158:Src/system_stm32f4xx.c ****   * @{
 159:Src/system_stm32f4xx.c ****   */
 160:Src/system_stm32f4xx.c **** 
 161:Src/system_stm32f4xx.c **** /**
 162:Src/system_stm32f4xx.c ****   * @brief  Setup the microcontroller system
 163:Src/system_stm32f4xx.c ****   *         Initialize the FPU setting, vector table location and External memory 
 164:Src/system_stm32f4xx.c ****   *         configuration.
 165:Src/system_stm32f4xx.c ****   * @param  None
 166:Src/system_stm32f4xx.c ****   * @retval None
 167:Src/system_stm32f4xx.c ****   */
 168:Src/system_stm32f4xx.c **** void SystemInit(void)
 169:Src/system_stm32f4xx.c **** {
  29              		.loc 1 169 0
  30              		.cfi_startproc
  31              		@ args = 0, pretend = 0, frame = 0
  32              		@ frame_needed = 0, uses_anonymous_args = 0
  33              		@ link register save eliminated.
 170:Src/system_stm32f4xx.c ****   /* FPU settings ------------------------------------------------------------*/
 171:Src/system_stm32f4xx.c ****   #if (__FPU_PRESENT == 1) && (__FPU_USED == 1)
 172:Src/system_stm32f4xx.c ****     SCB->CPACR |= ((3UL << 10*2)|(3UL << 11*2));  /* set CP10 and CP11 Full Access */
  34              		.loc 1 172 0
  35 0000 1049     		ldr	r1, .L3
 173:Src/system_stm32f4xx.c ****   #endif
 174:Src/system_stm32f4xx.c ****   /* Reset the RCC clock configuration to the default reset state ------------*/
 175:Src/system_stm32f4xx.c ****   /* Set HSION bit */
 176:Src/system_stm32f4xx.c ****   RCC->CR |= (uint32_t)0x00000001;
  36              		.loc 1 176 0
  37 0002 114B     		ldr	r3, .L3+4
 172:Src/system_stm32f4xx.c ****   #endif
  38              		.loc 1 172 0
  39 0004 D1F88820 		ldr	r2, [r1, #136]
  40 0008 42F47002 		orr	r2, r2, #15728640
 169:Src/system_stm32f4xx.c ****   /* FPU settings ------------------------------------------------------------*/
  41              		.loc 1 169 0
  42 000c 10B4     		push	{r4}
  43              	.LCFI0:
  44              		.cfi_def_cfa_offset 4
  45              		.cfi_offset 4, -4
 172:Src/system_stm32f4xx.c ****   #endif
  46              		.loc 1 172 0
  47 000e C1F88820 		str	r2, [r1, #136]
  48              		.loc 1 176 0
  49 0012 1A68     		ldr	r2, [r3]
 177:Src/system_stm32f4xx.c **** 
ARM GAS  /tmp/ccXa2JNe.s 			page 5


 178:Src/system_stm32f4xx.c ****   /* Reset CFGR register */
 179:Src/system_stm32f4xx.c ****   RCC->CFGR = 0x00000000;
 180:Src/system_stm32f4xx.c **** 
 181:Src/system_stm32f4xx.c ****   /* Reset HSEON, CSSON and PLLON bits */
 182:Src/system_stm32f4xx.c ****   RCC->CR &= (uint32_t)0xFEF6FFFF;
 183:Src/system_stm32f4xx.c **** 
 184:Src/system_stm32f4xx.c ****   /* Reset PLLCFGR register */
 185:Src/system_stm32f4xx.c ****   RCC->PLLCFGR = 0x24003010;
  50              		.loc 1 185 0
  51 0014 0D4C     		ldr	r4, .L3+8
 179:Src/system_stm32f4xx.c **** 
  52              		.loc 1 179 0
  53 0016 0020     		movs	r0, #0
 176:Src/system_stm32f4xx.c **** 
  54              		.loc 1 176 0
  55 0018 42F00102 		orr	r2, r2, #1
  56 001c 1A60     		str	r2, [r3]
 179:Src/system_stm32f4xx.c **** 
  57              		.loc 1 179 0
  58 001e 9860     		str	r0, [r3, #8]
 182:Src/system_stm32f4xx.c **** 
  59              		.loc 1 182 0
  60 0020 1A68     		ldr	r2, [r3]
  61 0022 22F08472 		bic	r2, r2, #17301504
  62 0026 22F48032 		bic	r2, r2, #65536
  63 002a 1A60     		str	r2, [r3]
  64              		.loc 1 185 0
  65 002c 5C60     		str	r4, [r3, #4]
 186:Src/system_stm32f4xx.c **** 
 187:Src/system_stm32f4xx.c ****   /* Reset HSEBYP bit */
 188:Src/system_stm32f4xx.c ****   RCC->CR &= (uint32_t)0xFFFBFFFF;
  66              		.loc 1 188 0
  67 002e 1A68     		ldr	r2, [r3]
 189:Src/system_stm32f4xx.c **** 
 190:Src/system_stm32f4xx.c ****   /* Disable all interrupts */
 191:Src/system_stm32f4xx.c ****   RCC->CIR = 0x00000000;
 192:Src/system_stm32f4xx.c **** 
 193:Src/system_stm32f4xx.c **** #if defined (DATA_IN_ExtSRAM) || defined (DATA_IN_ExtSDRAM)
 194:Src/system_stm32f4xx.c ****   SystemInit_ExtMemCtl(); 
 195:Src/system_stm32f4xx.c **** #endif /* DATA_IN_ExtSRAM || DATA_IN_ExtSDRAM */
 196:Src/system_stm32f4xx.c **** 
 197:Src/system_stm32f4xx.c ****   /* Configure the Vector Table location add offset address ------------------*/
 198:Src/system_stm32f4xx.c **** #ifdef VECT_TAB_SRAM
 199:Src/system_stm32f4xx.c ****   SCB->VTOR = SRAM_BASE | VECT_TAB_OFFSET; /* Vector Table Relocation in Internal SRAM */
 200:Src/system_stm32f4xx.c **** #else
 201:Src/system_stm32f4xx.c ****   SCB->VTOR = FLASH_BASE | VECT_TAB_OFFSET; /* Vector Table Relocation in Internal FLASH */
  68              		.loc 1 201 0
  69 0030 4FF00064 		mov	r4, #134217728
 188:Src/system_stm32f4xx.c **** 
  70              		.loc 1 188 0
  71 0034 22F48022 		bic	r2, r2, #262144
  72 0038 1A60     		str	r2, [r3]
 191:Src/system_stm32f4xx.c **** 
  73              		.loc 1 191 0
  74 003a D860     		str	r0, [r3, #12]
  75              		.loc 1 201 0
  76 003c 8C60     		str	r4, [r1, #8]
ARM GAS  /tmp/ccXa2JNe.s 			page 6


 202:Src/system_stm32f4xx.c **** #endif
 203:Src/system_stm32f4xx.c **** }
  77              		.loc 1 203 0
  78 003e 5DF8044B 		ldr	r4, [sp], #4
  79              	.LCFI1:
  80              		.cfi_restore 4
  81              		.cfi_def_cfa_offset 0
  82 0042 7047     		bx	lr
  83              	.L4:
  84              		.align	2
  85              	.L3:
  86 0044 00ED00E0 		.word	-536810240
  87 0048 00380240 		.word	1073887232
  88 004c 10300024 		.word	603992080
  89              		.cfi_endproc
  90              	.LFE126:
  92              		.section	.text.SystemCoreClockUpdate,"ax",%progbits
  93              		.align	1
  94              		.p2align 2,,3
  95              		.global	SystemCoreClockUpdate
  96              		.syntax unified
  97              		.thumb
  98              		.thumb_func
  99              		.fpu fpv4-sp-d16
 101              	SystemCoreClockUpdate:
 102              	.LFB127:
 204:Src/system_stm32f4xx.c **** 
 205:Src/system_stm32f4xx.c **** /**
 206:Src/system_stm32f4xx.c ****    * @brief  Update SystemCoreClock variable according to Clock Register Values.
 207:Src/system_stm32f4xx.c ****   *         The SystemCoreClock variable contains the core clock (HCLK), it can
 208:Src/system_stm32f4xx.c ****   *         be used by the user application to setup the SysTick timer or configure
 209:Src/system_stm32f4xx.c ****   *         other parameters.
 210:Src/system_stm32f4xx.c ****   *           
 211:Src/system_stm32f4xx.c ****   * @note   Each time the core clock (HCLK) changes, this function must be called
 212:Src/system_stm32f4xx.c ****   *         to update SystemCoreClock variable value. Otherwise, any configuration
 213:Src/system_stm32f4xx.c ****   *         based on this variable will be incorrect.         
 214:Src/system_stm32f4xx.c ****   *     
 215:Src/system_stm32f4xx.c ****   * @note   - The system frequency computed by this function is not the real 
 216:Src/system_stm32f4xx.c ****   *           frequency in the chip. It is calculated based on the predefined 
 217:Src/system_stm32f4xx.c ****   *           constant and the selected clock source:
 218:Src/system_stm32f4xx.c ****   *             
 219:Src/system_stm32f4xx.c ****   *           - If SYSCLK source is HSI, SystemCoreClock will contain the HSI_VALUE(*)
 220:Src/system_stm32f4xx.c ****   *                                              
 221:Src/system_stm32f4xx.c ****   *           - If SYSCLK source is HSE, SystemCoreClock will contain the HSE_VALUE(**)
 222:Src/system_stm32f4xx.c ****   *                          
 223:Src/system_stm32f4xx.c ****   *           - If SYSCLK source is PLL, SystemCoreClock will contain the HSE_VALUE(**) 
 224:Src/system_stm32f4xx.c ****   *             or HSI_VALUE(*) multiplied/divided by the PLL factors.
 225:Src/system_stm32f4xx.c ****   *         
 226:Src/system_stm32f4xx.c ****   *         (*) HSI_VALUE is a constant defined in stm32f4xx_hal_conf.h file (default value
 227:Src/system_stm32f4xx.c ****   *             16 MHz) but the real value may vary depending on the variations
 228:Src/system_stm32f4xx.c ****   *             in voltage and temperature.   
 229:Src/system_stm32f4xx.c ****   *    
 230:Src/system_stm32f4xx.c ****   *         (**) HSE_VALUE is a constant defined in stm32f4xx_hal_conf.h file (its value
 231:Src/system_stm32f4xx.c ****   *              depends on the application requirements), user has to ensure that HSE_VALUE
 232:Src/system_stm32f4xx.c ****   *              is same as the real frequency of the crystal used. Otherwise, this function
 233:Src/system_stm32f4xx.c ****   *              may have wrong result.
 234:Src/system_stm32f4xx.c ****   *                
ARM GAS  /tmp/ccXa2JNe.s 			page 7


 235:Src/system_stm32f4xx.c ****   *         - The result of this function could be not correct when using fractional
 236:Src/system_stm32f4xx.c ****   *           value for HSE crystal.
 237:Src/system_stm32f4xx.c ****   *     
 238:Src/system_stm32f4xx.c ****   * @param  None
 239:Src/system_stm32f4xx.c ****   * @retval None
 240:Src/system_stm32f4xx.c ****   */
 241:Src/system_stm32f4xx.c **** void SystemCoreClockUpdate(void)
 242:Src/system_stm32f4xx.c **** {
 103              		.loc 1 242 0
 104              		.cfi_startproc
 105              		@ args = 0, pretend = 0, frame = 0
 106              		@ frame_needed = 0, uses_anonymous_args = 0
 107              		@ link register save eliminated.
 108              	.LVL0:
 243:Src/system_stm32f4xx.c ****   uint32_t tmp = 0, pllvco = 0, pllp = 2, pllsource = 0, pllm = 2;
 244:Src/system_stm32f4xx.c ****   
 245:Src/system_stm32f4xx.c ****   /* Get SYSCLK source -------------------------------------------------------*/
 246:Src/system_stm32f4xx.c ****   tmp = RCC->CFGR & RCC_CFGR_SWS;
 109              		.loc 1 246 0
 110 0000 164A     		ldr	r2, .L13
 111 0002 9368     		ldr	r3, [r2, #8]
 112              	.LVL1:
 113 0004 03F00C03 		and	r3, r3, #12
 114              	.LVL2:
 247:Src/system_stm32f4xx.c **** 
 248:Src/system_stm32f4xx.c ****   switch (tmp)
 115              		.loc 1 248 0
 116 0008 042B     		cmp	r3, #4
 117 000a 24D0     		beq	.L11
 118 000c 082B     		cmp	r3, #8
 119 000e 0AD0     		beq	.L8
 120 0010 134B     		ldr	r3, .L13+4
 121              	.LVL3:
 122              	.L7:
 249:Src/system_stm32f4xx.c ****   {
 250:Src/system_stm32f4xx.c ****     case 0x00:  /* HSI used as system clock source */
 251:Src/system_stm32f4xx.c ****       SystemCoreClock = HSI_VALUE;
 252:Src/system_stm32f4xx.c ****       break;
 253:Src/system_stm32f4xx.c ****     case 0x04:  /* HSE used as system clock source */
 254:Src/system_stm32f4xx.c ****       SystemCoreClock = HSE_VALUE;
 255:Src/system_stm32f4xx.c ****       break;
 256:Src/system_stm32f4xx.c ****     case 0x08:  /* PLL used as system clock source */
 257:Src/system_stm32f4xx.c **** 
 258:Src/system_stm32f4xx.c ****       /* PLL_VCO = (HSE_VALUE or HSI_VALUE / PLL_M) * PLL_N
 259:Src/system_stm32f4xx.c ****          SYSCLK = PLL_VCO / PLL_P
 260:Src/system_stm32f4xx.c ****          */    
 261:Src/system_stm32f4xx.c ****       pllsource = (RCC->PLLCFGR & RCC_PLLCFGR_PLLSRC) >> 22;
 262:Src/system_stm32f4xx.c ****       pllm = RCC->PLLCFGR & RCC_PLLCFGR_PLLM;
 263:Src/system_stm32f4xx.c ****       
 264:Src/system_stm32f4xx.c ****       if (pllsource != 0)
 265:Src/system_stm32f4xx.c ****       {
 266:Src/system_stm32f4xx.c ****         /* HSE used as PLL clock source */
 267:Src/system_stm32f4xx.c ****         pllvco = (HSE_VALUE / pllm) * ((RCC->PLLCFGR & RCC_PLLCFGR_PLLN) >> 6);
 268:Src/system_stm32f4xx.c ****       }
 269:Src/system_stm32f4xx.c ****       else
 270:Src/system_stm32f4xx.c ****       {
 271:Src/system_stm32f4xx.c ****         /* HSI used as PLL clock source */
ARM GAS  /tmp/ccXa2JNe.s 			page 8


 272:Src/system_stm32f4xx.c ****         pllvco = (HSI_VALUE / pllm) * ((RCC->PLLCFGR & RCC_PLLCFGR_PLLN) >> 6);
 273:Src/system_stm32f4xx.c ****       }
 274:Src/system_stm32f4xx.c **** 
 275:Src/system_stm32f4xx.c ****       pllp = (((RCC->PLLCFGR & RCC_PLLCFGR_PLLP) >>16) + 1 ) *2;
 276:Src/system_stm32f4xx.c ****       SystemCoreClock = pllvco/pllp;
 277:Src/system_stm32f4xx.c ****       break;
 278:Src/system_stm32f4xx.c ****     default:
 279:Src/system_stm32f4xx.c ****       SystemCoreClock = HSI_VALUE;
 280:Src/system_stm32f4xx.c ****       break;
 281:Src/system_stm32f4xx.c ****   }
 282:Src/system_stm32f4xx.c ****   /* Compute HCLK frequency --------------------------------------------------*/
 283:Src/system_stm32f4xx.c ****   /* Get HCLK prescaler */
 284:Src/system_stm32f4xx.c ****   tmp = AHBPrescTable[((RCC->CFGR & RCC_CFGR_HPRE) >> 4)];
 123              		.loc 1 284 0
 124 0012 124A     		ldr	r2, .L13
 125 0014 1348     		ldr	r0, .L13+8
 126 0016 9268     		ldr	r2, [r2, #8]
 127              	.LVL4:
 285:Src/system_stm32f4xx.c ****   /* HCLK frequency */
 286:Src/system_stm32f4xx.c ****   SystemCoreClock >>= tmp;
 128              		.loc 1 286 0
 129 0018 1349     		ldr	r1, .L13+12
 284:Src/system_stm32f4xx.c ****   /* HCLK frequency */
 130              		.loc 1 284 0
 131 001a C2F30312 		ubfx	r2, r2, #4, #4
 132              	.LVL5:
 133 001e 825C     		ldrb	r2, [r0, r2]	@ zero_extendqisi2
 134              		.loc 1 286 0
 135 0020 D340     		lsrs	r3, r3, r2
 136 0022 0B60     		str	r3, [r1]
 137 0024 7047     		bx	lr
 138              	.LVL6:
 139              	.L8:
 261:Src/system_stm32f4xx.c ****       pllm = RCC->PLLCFGR & RCC_PLLCFGR_PLLM;
 140              		.loc 1 261 0
 141 0026 5068     		ldr	r0, [r2, #4]
 142              	.LVL7:
 262:Src/system_stm32f4xx.c ****       
 143              		.loc 1 262 0
 144 0028 5168     		ldr	r1, [r2, #4]
 267:Src/system_stm32f4xx.c ****       }
 145              		.loc 1 267 0
 146 002a 5268     		ldr	r2, [r2, #4]
 264:Src/system_stm32f4xx.c ****       {
 147              		.loc 1 264 0
 148 002c 4302     		lsls	r3, r0, #9
 149              	.LVL8:
 272:Src/system_stm32f4xx.c ****       }
 150              		.loc 1 272 0
 151 002e C2F38812 		ubfx	r2, r2, #6, #9
 262:Src/system_stm32f4xx.c ****       
 152              		.loc 1 262 0
 153 0032 01F03F01 		and	r1, r1, #63
 154              	.LVL9:
 267:Src/system_stm32f4xx.c ****       }
 155              		.loc 1 267 0
 156 0036 4CBF     		ite	mi
ARM GAS  /tmp/ccXa2JNe.s 			page 9


 157 0038 0C4B     		ldrmi	r3, .L13+16
 272:Src/system_stm32f4xx.c ****       }
 158              		.loc 1 272 0
 159 003a 094B     		ldrpl	r3, .L13+4
 160 003c B3FBF1F3 		udiv	r3, r3, r1
 161 0040 03FB02F3 		mul	r3, r3, r2
 162              	.LVL10:
 275:Src/system_stm32f4xx.c ****       SystemCoreClock = pllvco/pllp;
 163              		.loc 1 275 0
 164 0044 054A     		ldr	r2, .L13
 165 0046 5268     		ldr	r2, [r2, #4]
 166              	.LVL11:
 167 0048 C2F30142 		ubfx	r2, r2, #16, #2
 168              	.LVL12:
 169 004c 0132     		adds	r2, r2, #1
 170 004e 5200     		lsls	r2, r2, #1
 276:Src/system_stm32f4xx.c ****       break;
 171              		.loc 1 276 0
 172 0050 B3FBF2F3 		udiv	r3, r3, r2
 173              	.LVL13:
 277:Src/system_stm32f4xx.c ****     default:
 174              		.loc 1 277 0
 175 0054 DDE7     		b	.L7
 176              	.LVL14:
 177              	.L11:
 248:Src/system_stm32f4xx.c ****   {
 178              		.loc 1 248 0
 179 0056 054B     		ldr	r3, .L13+16
 180              	.LVL15:
 181 0058 DBE7     		b	.L7
 182              	.L14:
 183 005a 00BF     		.align	2
 184              	.L13:
 185 005c 00380240 		.word	1073887232
 186 0060 0024F400 		.word	16000000
 187 0064 00000000 		.word	.LANCHOR1
 188 0068 00000000 		.word	.LANCHOR0
 189 006c 00127A00 		.word	8000000
 190              		.cfi_endproc
 191              	.LFE127:
 193              		.global	APBPrescTable
 194              		.global	AHBPrescTable
 195              		.global	SystemCoreClock
 196              		.section	.data.SystemCoreClock,"aw",%progbits
 197              		.align	2
 198              		.set	.LANCHOR0,. + 0
 201              	SystemCoreClock:
 202 0000 0024F400 		.word	16000000
 203              		.section	.rodata.AHBPrescTable,"a",%progbits
 204              		.align	2
 205              		.set	.LANCHOR1,. + 0
 208              	AHBPrescTable:
 209 0000 00       		.byte	0
 210 0001 00       		.byte	0
 211 0002 00       		.byte	0
 212 0003 00       		.byte	0
 213 0004 00       		.byte	0
ARM GAS  /tmp/ccXa2JNe.s 			page 10


 214 0005 00       		.byte	0
 215 0006 00       		.byte	0
 216 0007 00       		.byte	0
 217 0008 01       		.byte	1
 218 0009 02       		.byte	2
 219 000a 03       		.byte	3
 220 000b 04       		.byte	4
 221 000c 06       		.byte	6
 222 000d 07       		.byte	7
 223 000e 08       		.byte	8
 224 000f 09       		.byte	9
 225              		.section	.rodata.APBPrescTable,"a",%progbits
 226              		.align	2
 229              	APBPrescTable:
 230 0000 00       		.byte	0
 231 0001 00       		.byte	0
 232 0002 00       		.byte	0
 233 0003 00       		.byte	0
 234 0004 01       		.byte	1
 235 0005 02       		.byte	2
 236 0006 03       		.byte	3
 237 0007 04       		.byte	4
 238              		.text
 239              	.Letext0:
 240              		.file 2 "/usr/arm-none-eabi/include/machine/_default_types.h"
 241              		.file 3 "/usr/arm-none-eabi/include/sys/_stdint.h"
 242              		.file 4 "Drivers/CMSIS/Include/core_cm4.h"
 243              		.file 5 "Drivers/CMSIS/Device/ST/STM32F4xx/Include/system_stm32f4xx.h"
 244              		.file 6 "Drivers/CMSIS/Device/ST/STM32F4xx/Include/stm32f401xe.h"
 245              		.file 7 "/usr/arm-none-eabi/include/sys/lock.h"
 246              		.file 8 "/usr/arm-none-eabi/include/sys/_types.h"
 247              		.file 9 "/usr/lib/gcc/arm-none-eabi/6.3.0/include/stddef.h"
 248              		.file 10 "/usr/arm-none-eabi/include/sys/reent.h"
ARM GAS  /tmp/ccXa2JNe.s 			page 11


DEFINED SYMBOLS
                            *ABS*:0000000000000000 system_stm32f4xx.c
     /tmp/ccXa2JNe.s:18     .text.SystemInit:0000000000000000 $t
     /tmp/ccXa2JNe.s:26     .text.SystemInit:0000000000000000 SystemInit
     /tmp/ccXa2JNe.s:86     .text.SystemInit:0000000000000044 $d
     /tmp/ccXa2JNe.s:93     .text.SystemCoreClockUpdate:0000000000000000 $t
     /tmp/ccXa2JNe.s:101    .text.SystemCoreClockUpdate:0000000000000000 SystemCoreClockUpdate
     /tmp/ccXa2JNe.s:185    .text.SystemCoreClockUpdate:000000000000005c $d
     /tmp/ccXa2JNe.s:229    .rodata.APBPrescTable:0000000000000000 APBPrescTable
     /tmp/ccXa2JNe.s:208    .rodata.AHBPrescTable:0000000000000000 AHBPrescTable
     /tmp/ccXa2JNe.s:201    .data.SystemCoreClock:0000000000000000 SystemCoreClock
     /tmp/ccXa2JNe.s:197    .data.SystemCoreClock:0000000000000000 $d
     /tmp/ccXa2JNe.s:204    .rodata.AHBPrescTable:0000000000000000 $d
     /tmp/ccXa2JNe.s:226    .rodata.APBPrescTable:0000000000000000 $d
                     .debug_frame:0000000000000010 $d

NO UNDEFINED SYMBOLS
